{"/Users/kavishkasashmitha/Documents/3Y2SEM/AF/ds_test/backend/restaurant-service/controllers/availabilityController.js": {"path":"/Users/kavishkasashmitha/Documents/3Y2SEM/AF/ds_test/backend/restaurant-service/controllers/availabilityController.js","statementMap":{"0":{"start":{"line":1,"column":29},"end":{"line":1,"column":57}},"1":{"start":{"line":2,"column":22},"end":{"line":2,"column":56}},"2":{"start":{"line":3,"column":19},"end":{"line":3,"column":50}},"3":{"start":{"line":4,"column":15},"end":{"line":4,"column":41}},"4":{"start":{"line":7,"column":0},"end":{"line":21,"column":1}},"5":{"start":{"line":8,"column":2},"end":{"line":20,"column":3}},"6":{"start":{"line":9,"column":29},"end":{"line":9,"column":39}},"7":{"start":{"line":11,"column":26},"end":{"line":11,"column":71}},"8":{"start":{"line":12,"column":4},"end":{"line":14,"column":5}},"9":{"start":{"line":13,"column":6},"end":{"line":13,"column":94}},"10":{"start":{"line":16,"column":4},"end":{"line":16,"column":43}},"11":{"start":{"line":18,"column":4},"end":{"line":18,"column":62}},"12":{"start":{"line":19,"column":4},"end":{"line":19,"column":75}},"13":{"start":{"line":24,"column":0},"end":{"line":76,"column":1}},"14":{"start":{"line":25,"column":2},"end":{"line":75,"column":3}},"15":{"start":{"line":27,"column":19},"end":{"line":27,"column":40}},"16":{"start":{"line":28,"column":4},"end":{"line":30,"column":5}},"17":{"start":{"line":29,"column":6},"end":{"line":29,"column":61}},"18":{"start":{"line":32,"column":29},"end":{"line":32,"column":39}},"19":{"start":{"line":35,"column":23},"end":{"line":35,"column":62}},"20":{"start":{"line":36,"column":4},"end":{"line":38,"column":5}},"21":{"start":{"line":37,"column":6},"end":{"line":37,"column":70}},"22":{"start":{"line":41,"column":4},"end":{"line":43,"column":5}},"23":{"start":{"line":42,"column":6},"end":{"line":42,"column":109}},"24":{"start":{"line":46,"column":24},"end":{"line":46,"column":69}},"25":{"start":{"line":47,"column":4},"end":{"line":50,"column":5}},"26":{"start":{"line":49,"column":6},"end":{"line":49,"column":57}},"27":{"start":{"line":53,"column":17},"end":{"line":53,"column":95}},"28":{"start":{"line":54,"column":4},"end":{"line":58,"column":6}},"29":{"start":{"line":55,"column":6},"end":{"line":57,"column":7}},"30":{"start":{"line":56,"column":8},"end":{"line":56,"column":42}},"31":{"start":{"line":61,"column":4},"end":{"line":63,"column":5}},"32":{"start":{"line":62,"column":6},"end":{"line":62,"column":56}},"33":{"start":{"line":65,"column":4},"end":{"line":65,"column":40}},"34":{"start":{"line":66,"column":4},"end":{"line":66,"column":30}},"35":{"start":{"line":68,"column":4},"end":{"line":71,"column":6}},"36":{"start":{"line":73,"column":4},"end":{"line":73,"column":65}},"37":{"start":{"line":74,"column":4},"end":{"line":74,"column":75}},"38":{"start":{"line":79,"column":0},"end":{"line":156,"column":1}},"39":{"start":{"line":80,"column":2},"end":{"line":155,"column":3}},"40":{"start":{"line":81,"column":29},"end":{"line":81,"column":39}},"41":{"start":{"line":82,"column":27},"end":{"line":82,"column":36}},"42":{"start":{"line":85,"column":26},"end":{"line":85,"column":71}},"43":{"start":{"line":86,"column":4},"end":{"line":88,"column":5}},"44":{"start":{"line":87,"column":6},"end":{"line":87,"column":94}},"45":{"start":{"line":92,"column":4},"end":{"line":96,"column":5}},"46":{"start":{"line":93,"column":6},"end":{"line":93,"column":32}},"47":{"start":{"line":95,"column":6},"end":{"line":95,"column":28}},"48":{"start":{"line":100,"column":4},"end":{"line":107,"column":5}},"49":{"start":{"line":101,"column":6},"end":{"line":101,"column":22}},"50":{"start":{"line":103,"column":6},"end":{"line":106,"column":27}},"51":{"start":{"line":110,"column":23},"end":{"line":110,"column":60}},"52":{"start":{"line":111,"column":24},"end":{"line":114,"column":6}},"53":{"start":{"line":112,"column":21},"end":{"line":112,"column":66}},"54":{"start":{"line":113,"column":6},"end":{"line":113,"column":34}},"55":{"start":{"line":116,"column":4},"end":{"line":131,"column":5}},"56":{"start":{"line":118,"column":6},"end":{"line":120,"column":7}},"57":{"start":{"line":119,"column":8},"end":{"line":119,"column":107}},"58":{"start":{"line":123,"column":21},"end":{"line":125,"column":8}},"59":{"start":{"line":124,"column":8},"end":{"line":124,"column":64}},"60":{"start":{"line":127,"column":6},"end":{"line":130,"column":8}},"61":{"start":{"line":134,"column":17},"end":{"line":134,"column":95}},"62":{"start":{"line":135,"column":22},"end":{"line":135,"column":46}},"63":{"start":{"line":138,"column":21},"end":{"line":138,"column":45}},"64":{"start":{"line":139,"column":4},"end":{"line":141,"column":5}},"65":{"start":{"line":140,"column":6},"end":{"line":140,"column":101}},"66":{"start":{"line":144,"column":19},"end":{"line":146,"column":6}},"67":{"start":{"line":145,"column":6},"end":{"line":145,"column":62}},"68":{"start":{"line":148,"column":4},"end":{"line":151,"column":6}},"69":{"start":{"line":153,"column":4},"end":{"line":153,"column":65}},"70":{"start":{"line":154,"column":4},"end":{"line":154,"column":75}},"71":{"start":{"line":159,"column":0},"end":{"line":222,"column":1}},"72":{"start":{"line":160,"column":2},"end":{"line":221,"column":3}},"73":{"start":{"line":162,"column":19},"end":{"line":162,"column":40}},"74":{"start":{"line":163,"column":4},"end":{"line":165,"column":5}},"75":{"start":{"line":164,"column":6},"end":{"line":164,"column":61}},"76":{"start":{"line":167,"column":29},"end":{"line":167,"column":39}},"77":{"start":{"line":168,"column":40},"end":{"line":168,"column":48}},"78":{"start":{"line":171,"column":23},"end":{"line":171,"column":62}},"79":{"start":{"line":172,"column":4},"end":{"line":174,"column":5}},"80":{"start":{"line":173,"column":6},"end":{"line":173,"column":70}},"81":{"start":{"line":177,"column":4},"end":{"line":179,"column":5}},"82":{"start":{"line":178,"column":6},"end":{"line":178,"column":109}},"83":{"start":{"line":182,"column":26},"end":{"line":182,"column":71}},"84":{"start":{"line":183,"column":4},"end":{"line":185,"column":5}},"85":{"start":{"line":184,"column":6},"end":{"line":184,"column":94}},"86":{"start":{"line":188,"column":24},"end":{"line":188,"column":38}},"87":{"start":{"line":189,"column":23},"end":{"line":189,"column":62}},"88":{"start":{"line":190,"column":26},"end":{"line":193,"column":6}},"89":{"start":{"line":191,"column":21},"end":{"line":191,"column":66}},"90":{"start":{"line":192,"column":6},"end":{"line":192,"column":34}},"91":{"start":{"line":195,"column":4},"end":{"line":209,"column":5}},"92":{"start":{"line":197,"column":6},"end":{"line":201,"column":7}},"93":{"start":{"line":204,"column":6},"end":{"line":208,"column":8}},"94":{"start":{"line":211,"column":4},"end":{"line":211,"column":40}},"95":{"start":{"line":212,"column":4},"end":{"line":212,"column":30}},"96":{"start":{"line":214,"column":4},"end":{"line":217,"column":6}},"97":{"start":{"line":219,"column":4},"end":{"line":219,"column":61}},"98":{"start":{"line":220,"column":4},"end":{"line":220,"column":75}},"99":{"start":{"line":225,"column":0},"end":{"line":260,"column":1}},"100":{"start":{"line":226,"column":2},"end":{"line":259,"column":3}},"101":{"start":{"line":227,"column":45},"end":{"line":227,"column":55}},"102":{"start":{"line":230,"column":23},"end":{"line":230,"column":62}},"103":{"start":{"line":231,"column":4},"end":{"line":233,"column":5}},"104":{"start":{"line":232,"column":6},"end":{"line":232,"column":70}},"105":{"start":{"line":236,"column":4},"end":{"line":238,"column":5}},"106":{"start":{"line":237,"column":6},"end":{"line":237,"column":109}},"107":{"start":{"line":241,"column":26},"end":{"line":241,"column":71}},"108":{"start":{"line":242,"column":4},"end":{"line":244,"column":5}},"109":{"start":{"line":243,"column":6},"end":{"line":243,"column":94}},"110":{"start":{"line":247,"column":4},"end":{"line":247,"column":112}},"111":{"start":{"line":247,"column":75},"end":{"line":247,"column":111}},"112":{"start":{"line":249,"column":4},"end":{"line":249,"column":40}},"113":{"start":{"line":250,"column":4},"end":{"line":250,"column":30}},"114":{"start":{"line":252,"column":4},"end":{"line":255,"column":6}},"115":{"start":{"line":257,"column":4},"end":{"line":257,"column":64}},"116":{"start":{"line":258,"column":4},"end":{"line":258,"column":75}},"117":{"start":{"line":263,"column":0},"end":{"line":291,"column":1}},"118":{"start":{"line":264,"column":2},"end":{"line":290,"column":3}},"119":{"start":{"line":265,"column":29},"end":{"line":265,"column":39}},"120":{"start":{"line":266,"column":25},"end":{"line":266,"column":33}},"121":{"start":{"line":269,"column":23},"end":{"line":269,"column":62}},"122":{"start":{"line":270,"column":4},"end":{"line":272,"column":5}},"123":{"start":{"line":271,"column":6},"end":{"line":271,"column":70}},"124":{"start":{"line":275,"column":4},"end":{"line":277,"column":5}},"125":{"start":{"line":276,"column":6},"end":{"line":276,"column":90}},"126":{"start":{"line":279,"column":4},"end":{"line":279,"column":34}},"127":{"start":{"line":280,"column":4},"end":{"line":280,"column":37}},"128":{"start":{"line":281,"column":4},"end":{"line":281,"column":27}},"129":{"start":{"line":283,"column":4},"end":{"line":286,"column":6}},"130":{"start":{"line":288,"column":4},"end":{"line":288,"column":74}},"131":{"start":{"line":289,"column":4},"end":{"line":289,"column":75}}},"fnMap":{"0":{"name":"(anonymous_0)","decl":{"start":{"line":7,"column":27},"end":{"line":7,"column":28}},"loc":{"start":{"line":7,"column":47},"end":{"line":21,"column":1}},"line":7},"1":{"name":"(anonymous_1)","decl":{"start":{"line":24,"column":30},"end":{"line":24,"column":31}},"loc":{"start":{"line":24,"column":50},"end":{"line":76,"column":1}},"line":24},"2":{"name":"(anonymous_2)","decl":{"start":{"line":54,"column":17},"end":{"line":54,"column":18}},"loc":{"start":{"line":54,"column":26},"end":{"line":58,"column":5}},"line":54},"3":{"name":"(anonymous_3)","decl":{"start":{"line":79,"column":30},"end":{"line":79,"column":31}},"loc":{"start":{"line":79,"column":50},"end":{"line":156,"column":1}},"line":79},"4":{"name":"(anonymous_4)","decl":{"start":{"line":111,"column":56},"end":{"line":111,"column":57}},"loc":{"start":{"line":111,"column":64},"end":{"line":114,"column":5}},"line":111},"5":{"name":"(anonymous_5)","decl":{"start":{"line":123,"column":48},"end":{"line":123,"column":49}},"loc":{"start":{"line":123,"column":58},"end":{"line":125,"column":7}},"line":123},"6":{"name":"(anonymous_6)","decl":{"start":{"line":144,"column":43},"end":{"line":144,"column":44}},"loc":{"start":{"line":144,"column":53},"end":{"line":146,"column":5}},"line":144},"7":{"name":"(anonymous_7)","decl":{"start":{"line":159,"column":26},"end":{"line":159,"column":27}},"loc":{"start":{"line":159,"column":46},"end":{"line":222,"column":1}},"line":159},"8":{"name":"(anonymous_8)","decl":{"start":{"line":190,"column":63},"end":{"line":190,"column":64}},"loc":{"start":{"line":190,"column":71},"end":{"line":193,"column":5}},"line":190},"9":{"name":"(anonymous_9)","decl":{"start":{"line":225,"column":29},"end":{"line":225,"column":30}},"loc":{"start":{"line":225,"column":49},"end":{"line":260,"column":1}},"line":225},"10":{"name":"(anonymous_10)","decl":{"start":{"line":247,"column":67},"end":{"line":247,"column":68}},"loc":{"start":{"line":247,"column":75},"end":{"line":247,"column":111}},"line":247},"11":{"name":"(anonymous_11)","decl":{"start":{"line":263,"column":39},"end":{"line":263,"column":40}},"loc":{"start":{"line":263,"column":59},"end":{"line":291,"column":1}},"line":263}},"branchMap":{"0":{"loc":{"start":{"line":12,"column":4},"end":{"line":14,"column":5}},"type":"if","locations":[{"start":{"line":12,"column":4},"end":{"line":14,"column":5}},{"start":{},"end":{}}],"line":12},"1":{"loc":{"start":{"line":28,"column":4},"end":{"line":30,"column":5}},"type":"if","locations":[{"start":{"line":28,"column":4},"end":{"line":30,"column":5}},{"start":{},"end":{}}],"line":28},"2":{"loc":{"start":{"line":36,"column":4},"end":{"line":38,"column":5}},"type":"if","locations":[{"start":{"line":36,"column":4},"end":{"line":38,"column":5}},{"start":{},"end":{}}],"line":36},"3":{"loc":{"start":{"line":41,"column":4},"end":{"line":43,"column":5}},"type":"if","locations":[{"start":{"line":41,"column":4},"end":{"line":43,"column":5}},{"start":{},"end":{}}],"line":41},"4":{"loc":{"start":{"line":41,"column":8},"end":{"line":41,"column":82}},"type":"binary-expr","locations":[{"start":{"line":41,"column":8},"end":{"line":41,"column":33}},{"start":{"line":41,"column":37},"end":{"line":41,"column":82}}],"line":41},"5":{"loc":{"start":{"line":47,"column":4},"end":{"line":50,"column":5}},"type":"if","locations":[{"start":{"line":47,"column":4},"end":{"line":50,"column":5}},{"start":{},"end":{}}],"line":47},"6":{"loc":{"start":{"line":55,"column":6},"end":{"line":57,"column":7}},"type":"if","locations":[{"start":{"line":55,"column":6},"end":{"line":57,"column":7}},{"start":{},"end":{}}],"line":55},"7":{"loc":{"start":{"line":61,"column":4},"end":{"line":63,"column":5}},"type":"if","locations":[{"start":{"line":61,"column":4},"end":{"line":63,"column":5}},{"start":{},"end":{}}],"line":61},"8":{"loc":{"start":{"line":86,"column":4},"end":{"line":88,"column":5}},"type":"if","locations":[{"start":{"line":86,"column":4},"end":{"line":88,"column":5}},{"start":{},"end":{}}],"line":86},"9":{"loc":{"start":{"line":92,"column":4},"end":{"line":96,"column":5}},"type":"if","locations":[{"start":{"line":92,"column":4},"end":{"line":96,"column":5}},{"start":{"line":94,"column":11},"end":{"line":96,"column":5}}],"line":92},"10":{"loc":{"start":{"line":100,"column":4},"end":{"line":107,"column":5}},"type":"if","locations":[{"start":{"line":100,"column":4},"end":{"line":107,"column":5}},{"start":{"line":102,"column":11},"end":{"line":107,"column":5}}],"line":100},"11":{"loc":{"start":{"line":116,"column":4},"end":{"line":131,"column":5}},"type":"if","locations":[{"start":{"line":116,"column":4},"end":{"line":131,"column":5}},{"start":{},"end":{}}],"line":116},"12":{"loc":{"start":{"line":118,"column":6},"end":{"line":120,"column":7}},"type":"if","locations":[{"start":{"line":118,"column":6},"end":{"line":120,"column":7}},{"start":{},"end":{}}],"line":118},"13":{"loc":{"start":{"line":124,"column":15},"end":{"line":124,"column":64}},"type":"binary-expr","locations":[{"start":{"line":124,"column":15},"end":{"line":124,"column":37}},{"start":{"line":124,"column":41},"end":{"line":124,"column":64}}],"line":124},"14":{"loc":{"start":{"line":129,"column":17},"end":{"line":129,"column":111}},"type":"cond-expr","locations":[{"start":{"line":129,"column":26},"end":{"line":129,"column":62}},{"start":{"line":129,"column":65},"end":{"line":129,"column":111}}],"line":129},"15":{"loc":{"start":{"line":139,"column":4},"end":{"line":141,"column":5}},"type":"if","locations":[{"start":{"line":139,"column":4},"end":{"line":141,"column":5}},{"start":{},"end":{}}],"line":139},"16":{"loc":{"start":{"line":145,"column":13},"end":{"line":145,"column":62}},"type":"binary-expr","locations":[{"start":{"line":145,"column":13},"end":{"line":145,"column":35}},{"start":{"line":145,"column":39},"end":{"line":145,"column":62}}],"line":145},"17":{"loc":{"start":{"line":150,"column":15},"end":{"line":150,"column":94}},"type":"cond-expr","locations":[{"start":{"line":150,"column":24},"end":{"line":150,"column":44}},{"start":{"line":150,"column":47},"end":{"line":150,"column":94}}],"line":150},"18":{"loc":{"start":{"line":163,"column":4},"end":{"line":165,"column":5}},"type":"if","locations":[{"start":{"line":163,"column":4},"end":{"line":165,"column":5}},{"start":{},"end":{}}],"line":163},"19":{"loc":{"start":{"line":172,"column":4},"end":{"line":174,"column":5}},"type":"if","locations":[{"start":{"line":172,"column":4},"end":{"line":174,"column":5}},{"start":{},"end":{}}],"line":172},"20":{"loc":{"start":{"line":177,"column":4},"end":{"line":179,"column":5}},"type":"if","locations":[{"start":{"line":177,"column":4},"end":{"line":179,"column":5}},{"start":{},"end":{}}],"line":177},"21":{"loc":{"start":{"line":177,"column":8},"end":{"line":177,"column":82}},"type":"binary-expr","locations":[{"start":{"line":177,"column":8},"end":{"line":177,"column":33}},{"start":{"line":177,"column":37},"end":{"line":177,"column":82}}],"line":177},"22":{"loc":{"start":{"line":183,"column":4},"end":{"line":185,"column":5}},"type":"if","locations":[{"start":{"line":183,"column":4},"end":{"line":185,"column":5}},{"start":{},"end":{}}],"line":183},"23":{"loc":{"start":{"line":195,"column":4},"end":{"line":209,"column":5}},"type":"if","locations":[{"start":{"line":195,"column":4},"end":{"line":209,"column":5}},{"start":{"line":202,"column":11},"end":{"line":209,"column":5}}],"line":195},"24":{"loc":{"start":{"line":200,"column":19},"end":{"line":200,"column":42}},"type":"cond-expr","locations":[{"start":{"line":200,"column":28},"end":{"line":200,"column":37}},{"start":{"line":200,"column":40},"end":{"line":200,"column":42}}],"line":200},"25":{"loc":{"start":{"line":207,"column":19},"end":{"line":207,"column":42}},"type":"cond-expr","locations":[{"start":{"line":207,"column":28},"end":{"line":207,"column":37}},{"start":{"line":207,"column":40},"end":{"line":207,"column":42}}],"line":207},"26":{"loc":{"start":{"line":231,"column":4},"end":{"line":233,"column":5}},"type":"if","locations":[{"start":{"line":231,"column":4},"end":{"line":233,"column":5}},{"start":{},"end":{}}],"line":231},"27":{"loc":{"start":{"line":236,"column":4},"end":{"line":238,"column":5}},"type":"if","locations":[{"start":{"line":236,"column":4},"end":{"line":238,"column":5}},{"start":{},"end":{}}],"line":236},"28":{"loc":{"start":{"line":236,"column":8},"end":{"line":236,"column":82}},"type":"binary-expr","locations":[{"start":{"line":236,"column":8},"end":{"line":236,"column":33}},{"start":{"line":236,"column":37},"end":{"line":236,"column":82}}],"line":236},"29":{"loc":{"start":{"line":242,"column":4},"end":{"line":244,"column":5}},"type":"if","locations":[{"start":{"line":242,"column":4},"end":{"line":244,"column":5}},{"start":{},"end":{}}],"line":242},"30":{"loc":{"start":{"line":270,"column":4},"end":{"line":272,"column":5}},"type":"if","locations":[{"start":{"line":270,"column":4},"end":{"line":272,"column":5}},{"start":{},"end":{}}],"line":270},"31":{"loc":{"start":{"line":275,"column":4},"end":{"line":277,"column":5}},"type":"if","locations":[{"start":{"line":275,"column":4},"end":{"line":277,"column":5}},{"start":{},"end":{}}],"line":275},"32":{"loc":{"start":{"line":275,"column":8},"end":{"line":275,"column":82}},"type":"binary-expr","locations":[{"start":{"line":275,"column":8},"end":{"line":275,"column":33}},{"start":{"line":275,"column":37},"end":{"line":275,"column":82}}],"line":275},"33":{"loc":{"start":{"line":284,"column":29},"end":{"line":284,"column":67}},"type":"cond-expr","locations":[{"start":{"line":284,"column":40},"end":{"line":284,"column":51}},{"start":{"line":284,"column":54},"end":{"line":284,"column":67}}],"line":284}},"s":{"0":3,"1":3,"2":3,"3":3,"4":3,"5":2,"6":2,"7":2,"8":2,"9":1,"10":1,"11":0,"12":0,"13":3,"14":4,"15":4,"16":4,"17":0,"18":4,"19":4,"20":4,"21":1,"22":3,"23":1,"24":2,"25":2,"26":1,"27":2,"28":2,"29":14,"30":3,"31":2,"32":0,"33":2,"34":2,"35":2,"36":0,"37":0,"38":3,"39":5,"40":5,"41":5,"42":5,"43":5,"44":1,"45":4,"46":4,"47":0,"48":4,"49":4,"50":0,"51":4,"52":4,"53":7,"54":7,"55":4,"56":2,"57":1,"58":1,"59":1,"60":1,"61":2,"62":2,"63":2,"64":2,"65":0,"66":2,"67":3,"68":2,"69":0,"70":0,"71":3,"72":5,"73":5,"74":5,"75":1,"76":4,"77":4,"78":4,"79":4,"80":0,"81":4,"82":1,"83":3,"84":3,"85":0,"86":3,"87":3,"88":3,"89":1,"90":1,"91":3,"92":1,"93":2,"94":3,"95":3,"96":3,"97":0,"98":0,"99":3,"100":3,"101":3,"102":3,"103":3,"104":0,"105":3,"106":1,"107":2,"108":2,"109":0,"110":2,"111":1,"112":2,"113":2,"114":2,"115":0,"116":0,"117":3,"118":5,"119":5,"120":5,"121":5,"122":5,"123":1,"124":4,"125":1,"126":3,"127":3,"128":3,"129":2,"130":1,"131":1},"f":{"0":2,"1":4,"2":14,"3":5,"4":7,"5":1,"6":3,"7":5,"8":1,"9":3,"10":1,"11":5},"b":{"0":[1,1],"1":[0,4],"2":[1,3],"3":[1,2],"4":[3,3],"5":[1,1],"6":[3,11],"7":[0,2],"8":[1,4],"9":[4,0],"10":[4,0],"11":[2,2],"12":[1,1],"13":[1,1],"14":[1,0],"15":[0,2],"16":[3,2],"17":[1,1],"18":[1,4],"19":[0,4],"20":[1,3],"21":[4,4],"22":[0,3],"23":[1,2],"24":[0,1],"25":[2,0],"26":[0,3],"27":[1,2],"28":[3,3],"29":[0,2],"30":[1,4],"31":[1,3],"32":[4,4],"33":[1,1]},"_coverageSchema":"1a1c01bbd47fc00a2c39e90264f33305004495a9","hash":"f344fd959c5c1a22bb786a96b625dc9696ec01ac"}
,"/Users/kavishkasashmitha/Documents/3Y2SEM/AF/ds_test/backend/restaurant-service/controllers/menuController.js": {"path":"/Users/kavishkasashmitha/Documents/3Y2SEM/AF/ds_test/backend/restaurant-service/controllers/menuController.js","statementMap":{"0":{"start":{"line":1,"column":29},"end":{"line":1,"column":57}},"1":{"start":{"line":2,"column":17},"end":{"line":2,"column":46}},"2":{"start":{"line":3,"column":19},"end":{"line":3,"column":50}},"3":{"start":{"line":4,"column":15},"end":{"line":4,"column":41}},"4":{"start":{"line":5,"column":11},"end":{"line":5,"column":24}},"5":{"start":{"line":6,"column":13},"end":{"line":6,"column":28}},"6":{"start":{"line":9,"column":0},"end":{"line":32,"column":2}},"7":{"start":{"line":10,"column":2},"end":{"line":31,"column":3}},"8":{"start":{"line":11,"column":53},"end":{"line":11,"column":61}},"9":{"start":{"line":13,"column":4},"end":{"line":13,"column":47}},"10":{"start":{"line":16,"column":21},"end":{"line":20,"column":6}},"11":{"start":{"line":22,"column":4},"end":{"line":22,"column":26}},"12":{"start":{"line":24,"column":4},"end":{"line":27,"column":7}},"13":{"start":{"line":29,"column":4},"end":{"line":29,"column":54}},"14":{"start":{"line":30,"column":4},"end":{"line":30,"column":76}},"15":{"start":{"line":35,"column":0},"end":{"line":83,"column":2}},"16":{"start":{"line":36,"column":2},"end":{"line":82,"column":3}},"17":{"start":{"line":37,"column":29},"end":{"line":37,"column":39}},"18":{"start":{"line":38,"column":70},"end":{"line":38,"column":79}},"19":{"start":{"line":41,"column":18},"end":{"line":41,"column":34}},"20":{"start":{"line":43,"column":4},"end":{"line":45,"column":5}},"21":{"start":{"line":44,"column":6},"end":{"line":44,"column":32}},"22":{"start":{"line":47,"column":4},"end":{"line":51,"column":5}},"23":{"start":{"line":48,"column":6},"end":{"line":48,"column":31}},"24":{"start":{"line":49,"column":11},"end":{"line":51,"column":5}},"25":{"start":{"line":50,"column":6},"end":{"line":50,"column":32}},"26":{"start":{"line":53,"column":4},"end":{"line":55,"column":5}},"27":{"start":{"line":54,"column":6},"end":{"line":54,"column":28}},"28":{"start":{"line":58,"column":17},"end":{"line":58,"column":69}},"29":{"start":{"line":61,"column":22},"end":{"line":61,"column":120}},"30":{"start":{"line":64,"column":18},"end":{"line":64,"column":54}},"31":{"start":{"line":67,"column":23},"end":{"line":67,"column":76}},"32":{"start":{"line":69,"column":4},"end":{"line":78,"column":7}},"33":{"start":{"line":80,"column":4},"end":{"line":80,"column":59}},"34":{"start":{"line":81,"column":4},"end":{"line":81,"column":76}},"35":{"start":{"line":86,"column":0},"end":{"line":100,"column":2}},"36":{"start":{"line":87,"column":2},"end":{"line":99,"column":3}},"37":{"start":{"line":88,"column":19},"end":{"line":88,"column":29}},"38":{"start":{"line":90,"column":21},"end":{"line":90,"column":48}},"39":{"start":{"line":91,"column":4},"end":{"line":93,"column":5}},"40":{"start":{"line":92,"column":6},"end":{"line":92,"column":70}},"41":{"start":{"line":95,"column":4},"end":{"line":95,"column":39}},"42":{"start":{"line":97,"column":4},"end":{"line":97,"column":58}},"43":{"start":{"line":98,"column":4},"end":{"line":98,"column":76}},"44":{"start":{"line":103,"column":0},"end":{"line":157,"column":2}},"45":{"start":{"line":104,"column":2},"end":{"line":156,"column":3}},"46":{"start":{"line":106,"column":19},"end":{"line":106,"column":40}},"47":{"start":{"line":107,"column":4},"end":{"line":109,"column":5}},"48":{"start":{"line":108,"column":6},"end":{"line":108,"column":62}},"49":{"start":{"line":111,"column":19},"end":{"line":111,"column":29}},"50":{"start":{"line":114,"column":21},"end":{"line":114,"column":48}},"51":{"start":{"line":115,"column":4},"end":{"line":117,"column":5}},"52":{"start":{"line":116,"column":6},"end":{"line":116,"column":70}},"53":{"start":{"line":120,"column":23},"end":{"line":120,"column":71}},"54":{"start":{"line":121,"column":4},"end":{"line":123,"column":5}},"55":{"start":{"line":122,"column":6},"end":{"line":122,"column":71}},"56":{"start":{"line":126,"column":4},"end":{"line":128,"column":5}},"57":{"start":{"line":127,"column":6},"end":{"line":127,"column":106}},"58":{"start":{"line":131,"column":4},"end":{"line":131,"column":53}},"59":{"start":{"line":131,"column":23},"end":{"line":131,"column":53}},"60":{"start":{"line":132,"column":4},"end":{"line":132,"column":74}},"61":{"start":{"line":132,"column":30},"end":{"line":132,"column":74}},"62":{"start":{"line":133,"column":4},"end":{"line":133,"column":70}},"63":{"start":{"line":133,"column":38},"end":{"line":133,"column":70}},"64":{"start":{"line":134,"column":4},"end":{"line":134,"column":65}},"65":{"start":{"line":134,"column":27},"end":{"line":134,"column":65}},"66":{"start":{"line":135,"column":4},"end":{"line":135,"column":56}},"67":{"start":{"line":135,"column":24},"end":{"line":135,"column":56}},"68":{"start":{"line":136,"column":4},"end":{"line":136,"column":62}},"69":{"start":{"line":136,"column":26},"end":{"line":136,"column":62}},"70":{"start":{"line":137,"column":4},"end":{"line":137,"column":53}},"71":{"start":{"line":137,"column":23},"end":{"line":137,"column":53}},"72":{"start":{"line":138,"column":4},"end":{"line":138,"column":86}},"73":{"start":{"line":138,"column":34},"end":{"line":138,"column":86}},"74":{"start":{"line":139,"column":4},"end":{"line":139,"column":91}},"75":{"start":{"line":139,"column":45},"end":{"line":139,"column":91}},"76":{"start":{"line":140,"column":4},"end":{"line":140,"column":76}},"77":{"start":{"line":140,"column":40},"end":{"line":140,"column":76}},"78":{"start":{"line":141,"column":4},"end":{"line":141,"column":91}},"79":{"start":{"line":141,"column":45},"end":{"line":141,"column":91}},"80":{"start":{"line":142,"column":4},"end":{"line":142,"column":88}},"81":{"start":{"line":142,"column":44},"end":{"line":142,"column":88}},"82":{"start":{"line":143,"column":4},"end":{"line":143,"column":86}},"83":{"start":{"line":143,"column":34},"end":{"line":143,"column":86}},"84":{"start":{"line":144,"column":4},"end":{"line":144,"column":79}},"85":{"start":{"line":144,"column":41},"end":{"line":144,"column":79}},"86":{"start":{"line":146,"column":4},"end":{"line":146,"column":36}},"87":{"start":{"line":147,"column":4},"end":{"line":147,"column":26}},"88":{"start":{"line":149,"column":4},"end":{"line":152,"column":7}},"89":{"start":{"line":154,"column":4},"end":{"line":154,"column":61}},"90":{"start":{"line":155,"column":4},"end":{"line":155,"column":76}},"91":{"start":{"line":160,"column":0},"end":{"line":188,"column":2}},"92":{"start":{"line":161,"column":2},"end":{"line":187,"column":3}},"93":{"start":{"line":162,"column":19},"end":{"line":162,"column":29}},"94":{"start":{"line":165,"column":21},"end":{"line":165,"column":48}},"95":{"start":{"line":166,"column":4},"end":{"line":168,"column":5}},"96":{"start":{"line":167,"column":6},"end":{"line":167,"column":70}},"97":{"start":{"line":171,"column":23},"end":{"line":171,"column":71}},"98":{"start":{"line":172,"column":4},"end":{"line":174,"column":5}},"99":{"start":{"line":173,"column":6},"end":{"line":173,"column":71}},"100":{"start":{"line":177,"column":4},"end":{"line":179,"column":5}},"101":{"start":{"line":178,"column":6},"end":{"line":178,"column":106}},"102":{"start":{"line":181,"column":4},"end":{"line":181,"column":41}},"103":{"start":{"line":183,"column":4},"end":{"line":183,"column":72}},"104":{"start":{"line":185,"column":4},"end":{"line":185,"column":61}},"105":{"start":{"line":186,"column":4},"end":{"line":186,"column":76}},"106":{"start":{"line":191,"column":0},"end":{"line":243,"column":1}},"107":{"start":{"line":192,"column":2},"end":{"line":242,"column":3}},"108":{"start":{"line":193,"column":36},"end":{"line":193,"column":44}},"109":{"start":{"line":195,"column":4},"end":{"line":197,"column":5}},"110":{"start":{"line":196,"column":6},"end":{"line":196,"column":74}},"111":{"start":{"line":200,"column":23},"end":{"line":200,"column":62}},"112":{"start":{"line":201,"column":4},"end":{"line":203,"column":5}},"113":{"start":{"line":202,"column":6},"end":{"line":202,"column":71}},"114":{"start":{"line":206,"column":4},"end":{"line":208,"column":5}},"115":{"start":{"line":207,"column":6},"end":{"line":207,"column":106}},"116":{"start":{"line":211,"column":27},"end":{"line":231,"column":6}},"117":{"start":{"line":212,"column":6},"end":{"line":214,"column":7}},"118":{"start":{"line":213,"column":8},"end":{"line":213,"column":77}},"119":{"start":{"line":216,"column":6},"end":{"line":230,"column":7}},"120":{"start":{"line":217,"column":25},"end":{"line":221,"column":9}},"121":{"start":{"line":223,"column":8},"end":{"line":225,"column":9}},"122":{"start":{"line":224,"column":10},"end":{"line":224,"column":81}},"123":{"start":{"line":227,"column":8},"end":{"line":227,"column":81}},"124":{"start":{"line":229,"column":8},"end":{"line":229,"column":71}},"125":{"start":{"line":233,"column":20},"end":{"line":233,"column":53}},"126":{"start":{"line":235,"column":4},"end":{"line":238,"column":7}},"127":{"start":{"line":240,"column":4},"end":{"line":240,"column":69}},"128":{"start":{"line":241,"column":4},"end":{"line":241,"column":76}}},"fnMap":{"0":{"name":"(anonymous_0)","decl":{"start":{"line":9,"column":25},"end":{"line":9,"column":26}},"loc":{"start":{"line":9,"column":45},"end":{"line":32,"column":1}},"line":9},"1":{"name":"(anonymous_1)","decl":{"start":{"line":35,"column":35},"end":{"line":35,"column":36}},"loc":{"start":{"line":35,"column":55},"end":{"line":83,"column":1}},"line":35},"2":{"name":"(anonymous_2)","decl":{"start":{"line":86,"column":26},"end":{"line":86,"column":27}},"loc":{"start":{"line":86,"column":46},"end":{"line":100,"column":1}},"line":86},"3":{"name":"(anonymous_3)","decl":{"start":{"line":103,"column":25},"end":{"line":103,"column":26}},"loc":{"start":{"line":103,"column":45},"end":{"line":157,"column":1}},"line":103},"4":{"name":"(anonymous_4)","decl":{"start":{"line":160,"column":25},"end":{"line":160,"column":26}},"loc":{"start":{"line":160,"column":45},"end":{"line":188,"column":1}},"line":160},"5":{"name":"(anonymous_5)","decl":{"start":{"line":191,"column":33},"end":{"line":191,"column":34}},"loc":{"start":{"line":191,"column":53},"end":{"line":243,"column":1}},"line":191},"6":{"name":"(anonymous_6)","decl":{"start":{"line":211,"column":37},"end":{"line":211,"column":38}},"loc":{"start":{"line":211,"column":53},"end":{"line":231,"column":5}},"line":211}},"branchMap":{"0":{"loc":{"start":{"line":38,"column":45},"end":{"line":38,"column":53}},"type":"default-arg","locations":[{"start":{"line":38,"column":52},"end":{"line":38,"column":53}}],"line":38},"1":{"loc":{"start":{"line":38,"column":55},"end":{"line":38,"column":65}},"type":"default-arg","locations":[{"start":{"line":38,"column":63},"end":{"line":38,"column":65}}],"line":38},"2":{"loc":{"start":{"line":43,"column":4},"end":{"line":45,"column":5}},"type":"if","locations":[{"start":{"line":43,"column":4},"end":{"line":45,"column":5}},{"start":{},"end":{}}],"line":43},"3":{"loc":{"start":{"line":47,"column":4},"end":{"line":51,"column":5}},"type":"if","locations":[{"start":{"line":47,"column":4},"end":{"line":51,"column":5}},{"start":{"line":49,"column":11},"end":{"line":51,"column":5}}],"line":47},"4":{"loc":{"start":{"line":49,"column":11},"end":{"line":51,"column":5}},"type":"if","locations":[{"start":{"line":49,"column":11},"end":{"line":51,"column":5}},{"start":{},"end":{}}],"line":49},"5":{"loc":{"start":{"line":53,"column":4},"end":{"line":55,"column":5}},"type":"if","locations":[{"start":{"line":53,"column":4},"end":{"line":55,"column":5}},{"start":{},"end":{}}],"line":53},"6":{"loc":{"start":{"line":91,"column":4},"end":{"line":93,"column":5}},"type":"if","locations":[{"start":{"line":91,"column":4},"end":{"line":93,"column":5}},{"start":{},"end":{}}],"line":91},"7":{"loc":{"start":{"line":107,"column":4},"end":{"line":109,"column":5}},"type":"if","locations":[{"start":{"line":107,"column":4},"end":{"line":109,"column":5}},{"start":{},"end":{}}],"line":107},"8":{"loc":{"start":{"line":115,"column":4},"end":{"line":117,"column":5}},"type":"if","locations":[{"start":{"line":115,"column":4},"end":{"line":117,"column":5}},{"start":{},"end":{}}],"line":115},"9":{"loc":{"start":{"line":121,"column":4},"end":{"line":123,"column":5}},"type":"if","locations":[{"start":{"line":121,"column":4},"end":{"line":123,"column":5}},{"start":{},"end":{}}],"line":121},"10":{"loc":{"start":{"line":126,"column":4},"end":{"line":128,"column":5}},"type":"if","locations":[{"start":{"line":126,"column":4},"end":{"line":128,"column":5}},{"start":{},"end":{}}],"line":126},"11":{"loc":{"start":{"line":126,"column":8},"end":{"line":126,"column":82}},"type":"binary-expr","locations":[{"start":{"line":126,"column":8},"end":{"line":126,"column":33}},{"start":{"line":126,"column":37},"end":{"line":126,"column":82}}],"line":126},"12":{"loc":{"start":{"line":131,"column":4},"end":{"line":131,"column":53}},"type":"if","locations":[{"start":{"line":131,"column":4},"end":{"line":131,"column":53}},{"start":{},"end":{}}],"line":131},"13":{"loc":{"start":{"line":132,"column":4},"end":{"line":132,"column":74}},"type":"if","locations":[{"start":{"line":132,"column":4},"end":{"line":132,"column":74}},{"start":{},"end":{}}],"line":132},"14":{"loc":{"start":{"line":133,"column":4},"end":{"line":133,"column":70}},"type":"if","locations":[{"start":{"line":133,"column":4},"end":{"line":133,"column":70}},{"start":{},"end":{}}],"line":133},"15":{"loc":{"start":{"line":134,"column":4},"end":{"line":134,"column":65}},"type":"if","locations":[{"start":{"line":134,"column":4},"end":{"line":134,"column":65}},{"start":{},"end":{}}],"line":134},"16":{"loc":{"start":{"line":135,"column":4},"end":{"line":135,"column":56}},"type":"if","locations":[{"start":{"line":135,"column":4},"end":{"line":135,"column":56}},{"start":{},"end":{}}],"line":135},"17":{"loc":{"start":{"line":136,"column":4},"end":{"line":136,"column":62}},"type":"if","locations":[{"start":{"line":136,"column":4},"end":{"line":136,"column":62}},{"start":{},"end":{}}],"line":136},"18":{"loc":{"start":{"line":137,"column":4},"end":{"line":137,"column":53}},"type":"if","locations":[{"start":{"line":137,"column":4},"end":{"line":137,"column":53}},{"start":{},"end":{}}],"line":137},"19":{"loc":{"start":{"line":138,"column":4},"end":{"line":138,"column":86}},"type":"if","locations":[{"start":{"line":138,"column":4},"end":{"line":138,"column":86}},{"start":{},"end":{}}],"line":138},"20":{"loc":{"start":{"line":139,"column":4},"end":{"line":139,"column":91}},"type":"if","locations":[{"start":{"line":139,"column":4},"end":{"line":139,"column":91}},{"start":{},"end":{}}],"line":139},"21":{"loc":{"start":{"line":140,"column":4},"end":{"line":140,"column":76}},"type":"if","locations":[{"start":{"line":140,"column":4},"end":{"line":140,"column":76}},{"start":{},"end":{}}],"line":140},"22":{"loc":{"start":{"line":141,"column":4},"end":{"line":141,"column":91}},"type":"if","locations":[{"start":{"line":141,"column":4},"end":{"line":141,"column":91}},{"start":{},"end":{}}],"line":141},"23":{"loc":{"start":{"line":142,"column":4},"end":{"line":142,"column":88}},"type":"if","locations":[{"start":{"line":142,"column":4},"end":{"line":142,"column":88}},{"start":{},"end":{}}],"line":142},"24":{"loc":{"start":{"line":143,"column":4},"end":{"line":143,"column":86}},"type":"if","locations":[{"start":{"line":143,"column":4},"end":{"line":143,"column":86}},{"start":{},"end":{}}],"line":143},"25":{"loc":{"start":{"line":144,"column":4},"end":{"line":144,"column":79}},"type":"if","locations":[{"start":{"line":144,"column":4},"end":{"line":144,"column":79}},{"start":{},"end":{}}],"line":144},"26":{"loc":{"start":{"line":166,"column":4},"end":{"line":168,"column":5}},"type":"if","locations":[{"start":{"line":166,"column":4},"end":{"line":168,"column":5}},{"start":{},"end":{}}],"line":166},"27":{"loc":{"start":{"line":172,"column":4},"end":{"line":174,"column":5}},"type":"if","locations":[{"start":{"line":172,"column":4},"end":{"line":174,"column":5}},{"start":{},"end":{}}],"line":172},"28":{"loc":{"start":{"line":177,"column":4},"end":{"line":179,"column":5}},"type":"if","locations":[{"start":{"line":177,"column":4},"end":{"line":179,"column":5}},{"start":{},"end":{}}],"line":177},"29":{"loc":{"start":{"line":177,"column":8},"end":{"line":177,"column":82}},"type":"binary-expr","locations":[{"start":{"line":177,"column":8},"end":{"line":177,"column":33}},{"start":{"line":177,"column":37},"end":{"line":177,"column":82}}],"line":177},"30":{"loc":{"start":{"line":195,"column":4},"end":{"line":197,"column":5}},"type":"if","locations":[{"start":{"line":195,"column":4},"end":{"line":197,"column":5}},{"start":{},"end":{}}],"line":195},"31":{"loc":{"start":{"line":195,"column":8},"end":{"line":195,"column":39}},"type":"binary-expr","locations":[{"start":{"line":195,"column":8},"end":{"line":195,"column":14}},{"start":{"line":195,"column":18},"end":{"line":195,"column":39}}],"line":195},"32":{"loc":{"start":{"line":201,"column":4},"end":{"line":203,"column":5}},"type":"if","locations":[{"start":{"line":201,"column":4},"end":{"line":203,"column":5}},{"start":{},"end":{}}],"line":201},"33":{"loc":{"start":{"line":206,"column":4},"end":{"line":208,"column":5}},"type":"if","locations":[{"start":{"line":206,"column":4},"end":{"line":208,"column":5}},{"start":{},"end":{}}],"line":206},"34":{"loc":{"start":{"line":206,"column":8},"end":{"line":206,"column":82}},"type":"binary-expr","locations":[{"start":{"line":206,"column":8},"end":{"line":206,"column":33}},{"start":{"line":206,"column":37},"end":{"line":206,"column":82}}],"line":206},"35":{"loc":{"start":{"line":212,"column":6},"end":{"line":214,"column":7}},"type":"if","locations":[{"start":{"line":212,"column":6},"end":{"line":214,"column":7}},{"start":{},"end":{}}],"line":212},"36":{"loc":{"start":{"line":212,"column":10},"end":{"line":212,"column":52}},"type":"binary-expr","locations":[{"start":{"line":212,"column":10},"end":{"line":212,"column":18}},{"start":{"line":212,"column":22},"end":{"line":212,"column":52}}],"line":212},"37":{"loc":{"start":{"line":223,"column":8},"end":{"line":225,"column":9}},"type":"if","locations":[{"start":{"line":223,"column":8},"end":{"line":225,"column":9}},{"start":{},"end":{}}],"line":223}},"s":{"0":3,"1":3,"2":3,"3":3,"4":3,"5":3,"6":3,"7":3,"8":3,"9":3,"10":3,"11":3,"12":2,"13":1,"14":1,"15":3,"16":6,"17":6,"18":6,"19":6,"20":6,"21":1,"22":6,"23":1,"24":5,"25":0,"26":6,"27":1,"28":6,"29":6,"30":6,"31":6,"32":6,"33":0,"34":0,"35":3,"36":3,"37":3,"38":3,"39":2,"40":1,"41":1,"42":1,"43":1,"44":3,"45":4,"46":4,"47":4,"48":1,"49":3,"50":3,"51":3,"52":1,"53":2,"54":2,"55":0,"56":2,"57":1,"58":1,"59":1,"60":1,"61":1,"62":1,"63":1,"64":1,"65":0,"66":1,"67":0,"68":1,"69":0,"70":1,"71":0,"72":1,"73":0,"74":1,"75":1,"76":1,"77":0,"78":1,"79":0,"80":1,"81":0,"82":1,"83":0,"84":1,"85":0,"86":1,"87":1,"88":1,"89":0,"90":0,"91":3,"92":3,"93":3,"94":3,"95":3,"96":1,"97":2,"98":2,"99":0,"100":2,"101":1,"102":1,"103":1,"104":0,"105":0,"106":3,"107":4,"108":4,"109":4,"110":0,"111":4,"112":4,"113":1,"114":3,"115":1,"116":2,"117":4,"118":0,"119":4,"120":4,"121":4,"122":1,"123":3,"124":0,"125":2,"126":2,"127":0,"128":0},"f":{"0":3,"1":6,"2":3,"3":4,"4":3,"5":4,"6":4},"b":{"0":[5],"1":[5],"2":[1,5],"3":[1,5],"4":[0,5],"5":[1,5],"6":[1,1],"7":[1,3],"8":[1,2],"9":[0,2],"10":[1,1],"11":[2,2],"12":[1,0],"13":[1,0],"14":[1,0],"15":[0,1],"16":[0,1],"17":[0,1],"18":[0,1],"19":[0,1],"20":[1,0],"21":[0,1],"22":[0,1],"23":[0,1],"24":[0,1],"25":[0,1],"26":[1,2],"27":[0,2],"28":[1,1],"29":[2,2],"30":[0,4],"31":[4,4],"32":[1,3],"33":[1,2],"34":[3,3],"35":[0,4],"36":[4,4],"37":[1,3]},"_coverageSchema":"1a1c01bbd47fc00a2c39e90264f33305004495a9","hash":"e7e9f674dc72c8456346f0160ee2e712e197b90f"}
,"/Users/kavishkasashmitha/Documents/3Y2SEM/AF/ds_test/backend/restaurant-service/controllers/restaurantController.js": {"path":"/Users/kavishkasashmitha/Documents/3Y2SEM/AF/ds_test/backend/restaurant-service/controllers/restaurantController.js","statementMap":{"0":{"start":{"line":1,"column":29},"end":{"line":1,"column":57}},"1":{"start":{"line":2,"column":19},"end":{"line":2,"column":50}},"2":{"start":{"line":3,"column":22},"end":{"line":3,"column":56}},"3":{"start":{"line":4,"column":17},"end":{"line":4,"column":46}},"4":{"start":{"line":5,"column":15},"end":{"line":5,"column":41}},"5":{"start":{"line":8,"column":0},"end":{"line":78,"column":1}},"6":{"start":{"line":9,"column":2},"end":{"line":77,"column":3}},"7":{"start":{"line":11,"column":19},"end":{"line":11,"column":40}},"8":{"start":{"line":12,"column":4},"end":{"line":14,"column":5}},"9":{"start":{"line":13,"column":6},"end":{"line":13,"column":61}},"10":{"start":{"line":17,"column":31},"end":{"line":17,"column":81}},"11":{"start":{"line":18,"column":4},"end":{"line":20,"column":5}},"12":{"start":{"line":19,"column":6},"end":{"line":19,"column":90}},"13":{"start":{"line":23,"column":23},"end":{"line":50,"column":6}},"14":{"start":{"line":52,"column":4},"end":{"line":52,"column":27}},"15":{"start":{"line":55,"column":28},"end":{"line":55,"column":61}},"16":{"start":{"line":56,"column":26},"end":{"line":65,"column":6}},"17":{"start":{"line":67,"column":4},"end":{"line":67,"column":30}},"18":{"start":{"line":69,"column":4},"end":{"line":73,"column":6}},"19":{"start":{"line":75,"column":4},"end":{"line":75,"column":61}},"20":{"start":{"line":76,"column":4},"end":{"line":76,"column":75}},"21":{"start":{"line":81,"column":0},"end":{"line":95,"column":1}},"22":{"start":{"line":82,"column":2},"end":{"line":94,"column":3}},"23":{"start":{"line":83,"column":19},"end":{"line":83,"column":29}},"24":{"start":{"line":85,"column":23},"end":{"line":85,"column":52}},"25":{"start":{"line":86,"column":4},"end":{"line":88,"column":5}},"26":{"start":{"line":87,"column":6},"end":{"line":87,"column":70}},"27":{"start":{"line":90,"column":4},"end":{"line":90,"column":40}},"28":{"start":{"line":92,"column":4},"end":{"line":92,"column":58}},"29":{"start":{"line":93,"column":4},"end":{"line":93,"column":75}},"30":{"start":{"line":98,"column":0},"end":{"line":120,"column":1}},"31":{"start":{"line":99,"column":2},"end":{"line":119,"column":3}},"32":{"start":{"line":100,"column":20},"end":{"line":100,"column":53}},"33":{"start":{"line":103,"column":4},"end":{"line":105,"column":5}},"34":{"start":{"line":104,"column":6},"end":{"line":104,"column":88}},"35":{"start":{"line":107,"column":23},"end":{"line":107,"column":60}},"36":{"start":{"line":108,"column":4},"end":{"line":110,"column":5}},"37":{"start":{"line":109,"column":6},"end":{"line":109,"column":85}},"38":{"start":{"line":113,"column":26},"end":{"line":113,"column":87}},"39":{"start":{"line":115,"column":4},"end":{"line":115,"column":55}},"40":{"start":{"line":117,"column":4},"end":{"line":117,"column":67}},"41":{"start":{"line":118,"column":4},"end":{"line":118,"column":75}},"42":{"start":{"line":123,"column":0},"end":{"line":187,"column":1}},"43":{"start":{"line":124,"column":2},"end":{"line":186,"column":3}},"44":{"start":{"line":126,"column":19},"end":{"line":126,"column":40}},"45":{"start":{"line":127,"column":4},"end":{"line":129,"column":5}},"46":{"start":{"line":128,"column":6},"end":{"line":128,"column":61}},"47":{"start":{"line":131,"column":19},"end":{"line":131,"column":29}},"48":{"start":{"line":134,"column":23},"end":{"line":134,"column":52}},"49":{"start":{"line":135,"column":4},"end":{"line":137,"column":5}},"50":{"start":{"line":136,"column":6},"end":{"line":136,"column":70}},"51":{"start":{"line":140,"column":4},"end":{"line":142,"column":5}},"52":{"start":{"line":141,"column":6},"end":{"line":141,"column":90}},"53":{"start":{"line":145,"column":4},"end":{"line":145,"column":54}},"54":{"start":{"line":145,"column":23},"end":{"line":145,"column":54}},"55":{"start":{"line":146,"column":4},"end":{"line":146,"column":75}},"56":{"start":{"line":146,"column":30},"end":{"line":146,"column":75}},"57":{"start":{"line":147,"column":4},"end":{"line":147,"column":63}},"58":{"start":{"line":147,"column":26},"end":{"line":147,"column":63}},"59":{"start":{"line":148,"column":4},"end":{"line":148,"column":72}},"60":{"start":{"line":148,"column":29},"end":{"line":148,"column":72}},"61":{"start":{"line":151,"column":4},"end":{"line":160,"column":5}},"62":{"start":{"line":152,"column":6},"end":{"line":152,"column":86}},"63":{"start":{"line":152,"column":35},"end":{"line":152,"column":86}},"64":{"start":{"line":153,"column":6},"end":{"line":153,"column":80}},"65":{"start":{"line":153,"column":33},"end":{"line":153,"column":80}},"66":{"start":{"line":154,"column":6},"end":{"line":154,"column":83}},"67":{"start":{"line":154,"column":34},"end":{"line":154,"column":83}},"68":{"start":{"line":155,"column":6},"end":{"line":155,"column":89}},"69":{"start":{"line":155,"column":36},"end":{"line":155,"column":89}},"70":{"start":{"line":156,"column":6},"end":{"line":156,"column":89}},"71":{"start":{"line":156,"column":36},"end":{"line":156,"column":89}},"72":{"start":{"line":157,"column":6},"end":{"line":159,"column":7}},"73":{"start":{"line":158,"column":8},"end":{"line":158,"column":78}},"74":{"start":{"line":163,"column":4},"end":{"line":167,"column":5}},"75":{"start":{"line":164,"column":6},"end":{"line":164,"column":95}},"76":{"start":{"line":164,"column":38},"end":{"line":164,"column":95}},"77":{"start":{"line":165,"column":6},"end":{"line":165,"column":95}},"78":{"start":{"line":165,"column":38},"end":{"line":165,"column":95}},"79":{"start":{"line":166,"column":6},"end":{"line":166,"column":101}},"80":{"start":{"line":166,"column":40},"end":{"line":166,"column":101}},"81":{"start":{"line":170,"column":4},"end":{"line":174,"column":5}},"82":{"start":{"line":171,"column":6},"end":{"line":171,"column":77}},"83":{"start":{"line":171,"column":32},"end":{"line":171,"column":77}},"84":{"start":{"line":172,"column":6},"end":{"line":172,"column":80}},"85":{"start":{"line":172,"column":33},"end":{"line":172,"column":80}},"86":{"start":{"line":173,"column":6},"end":{"line":173,"column":86}},"87":{"start":{"line":173,"column":35},"end":{"line":173,"column":86}},"88":{"start":{"line":176,"column":4},"end":{"line":176,"column":37}},"89":{"start":{"line":177,"column":4},"end":{"line":177,"column":27}},"90":{"start":{"line":179,"column":4},"end":{"line":182,"column":6}},"91":{"start":{"line":184,"column":4},"end":{"line":184,"column":61}},"92":{"start":{"line":185,"column":4},"end":{"line":185,"column":75}},"93":{"start":{"line":190,"column":0},"end":{"line":313,"column":1}},"94":{"start":{"line":191,"column":2},"end":{"line":312,"column":3}},"95":{"start":{"line":205,"column":8},"end":{"line":205,"column":17}},"96":{"start":{"line":208,"column":18},"end":{"line":208,"column":36}},"97":{"start":{"line":210,"column":4},"end":{"line":212,"column":5}},"98":{"start":{"line":211,"column":6},"end":{"line":211,"column":50}},"99":{"start":{"line":214,"column":4},"end":{"line":216,"column":5}},"100":{"start":{"line":215,"column":6},"end":{"line":215,"column":56}},"101":{"start":{"line":218,"column":4},"end":{"line":220,"column":5}},"102":{"start":{"line":219,"column":6},"end":{"line":219,"column":61}},"103":{"start":{"line":222,"column":4},"end":{"line":224,"column":5}},"104":{"start":{"line":223,"column":6},"end":{"line":223,"column":35}},"105":{"start":{"line":226,"column":4},"end":{"line":228,"column":5}},"106":{"start":{"line":227,"column":6},"end":{"line":227,"column":70}},"107":{"start":{"line":231,"column":4},"end":{"line":241,"column":5}},"108":{"start":{"line":232,"column":6},"end":{"line":240,"column":7}},"109":{"start":{"line":244,"column":17},"end":{"line":244,"column":69}},"110":{"start":{"line":247,"column":21},"end":{"line":247,"column":23}},"111":{"start":{"line":248,"column":4},"end":{"line":263,"column":5}},"112":{"start":{"line":250,"column":8},"end":{"line":250,"column":45}},"113":{"start":{"line":251,"column":8},"end":{"line":251,"column":13}},"114":{"start":{"line":253,"column":8},"end":{"line":253,"column":38}},"115":{"start":{"line":254,"column":8},"end":{"line":254,"column":13}},"116":{"start":{"line":256,"column":8},"end":{"line":256,"column":39}},"117":{"start":{"line":257,"column":8},"end":{"line":257,"column":13}},"118":{"start":{"line":260,"column":8},"end":{"line":260,"column":13}},"119":{"start":{"line":262,"column":8},"end":{"line":262,"column":45}},"120":{"start":{"line":266,"column":24},"end":{"line":266,"column":110}},"121":{"start":{"line":269,"column":18},"end":{"line":269,"column":56}},"122":{"start":{"line":272,"column":30},"end":{"line":272,"column":41}},"123":{"start":{"line":273,"column":4},"end":{"line":298,"column":5}},"124":{"start":{"line":275,"column":18},"end":{"line":275,"column":28}},"125":{"start":{"line":276,"column":19},"end":{"line":276,"column":97}},"126":{"start":{"line":277,"column":25},"end":{"line":277,"column":43}},"127":{"start":{"line":278,"column":26},"end":{"line":278,"column":121}},"128":{"start":{"line":281,"column":28},"end":{"line":281,"column":57}},"129":{"start":{"line":281,"column":51},"end":{"line":281,"column":56}},"130":{"start":{"line":282,"column":31},"end":{"line":282,"column":97}},"131":{"start":{"line":285,"column":6},"end":{"line":297,"column":8}},"132":{"start":{"line":286,"column":30},"end":{"line":286,"column":117}},"133":{"start":{"line":286,"column":60},"end":{"line":286,"column":116}},"134":{"start":{"line":287,"column":8},"end":{"line":287,"column":40}},"135":{"start":{"line":287,"column":28},"end":{"line":287,"column":40}},"136":{"start":{"line":290,"column":27},"end":{"line":290,"column":52}},"137":{"start":{"line":291,"column":8},"end":{"line":291,"column":44}},"138":{"start":{"line":291,"column":32},"end":{"line":291,"column":44}},"139":{"start":{"line":294,"column":8},"end":{"line":296,"column":10}},"140":{"start":{"line":295,"column":10},"end":{"line":295,"column":70}},"141":{"start":{"line":300,"column":4},"end":{"line":308,"column":6}},"142":{"start":{"line":310,"column":4},"end":{"line":310,"column":62}},"143":{"start":{"line":311,"column":4},"end":{"line":311,"column":75}},"144":{"start":{"line":316,"column":0},"end":{"line":330,"column":1}},"145":{"start":{"line":317,"column":2},"end":{"line":329,"column":3}},"146":{"start":{"line":318,"column":26},"end":{"line":318,"column":35}},"147":{"start":{"line":321,"column":24},"end":{"line":323,"column":36}},"148":{"start":{"line":325,"column":4},"end":{"line":325,"column":41}},"149":{"start":{"line":327,"column":4},"end":{"line":327,"column":68}},"150":{"start":{"line":328,"column":4},"end":{"line":328,"column":75}},"151":{"start":{"line":333,"column":0},"end":{"line":361,"column":1}},"152":{"start":{"line":334,"column":2},"end":{"line":360,"column":3}},"153":{"start":{"line":335,"column":19},"end":{"line":335,"column":29}},"154":{"start":{"line":336,"column":25},"end":{"line":336,"column":33}},"155":{"start":{"line":339,"column":23},"end":{"line":339,"column":52}},"156":{"start":{"line":340,"column":4},"end":{"line":342,"column":5}},"157":{"start":{"line":341,"column":6},"end":{"line":341,"column":70}},"158":{"start":{"line":345,"column":4},"end":{"line":347,"column":5}},"159":{"start":{"line":346,"column":6},"end":{"line":346,"column":90}},"160":{"start":{"line":349,"column":4},"end":{"line":349,"column":34}},"161":{"start":{"line":350,"column":4},"end":{"line":350,"column":37}},"162":{"start":{"line":351,"column":4},"end":{"line":351,"column":27}},"163":{"start":{"line":353,"column":4},"end":{"line":356,"column":6}},"164":{"start":{"line":358,"column":4},"end":{"line":358,"column":68}},"165":{"start":{"line":359,"column":4},"end":{"line":359,"column":75}},"166":{"start":{"line":364,"column":0},"end":{"line":391,"column":1}},"167":{"start":{"line":365,"column":2},"end":{"line":390,"column":3}},"168":{"start":{"line":367,"column":4},"end":{"line":369,"column":5}},"169":{"start":{"line":368,"column":6},"end":{"line":368,"column":87}},"170":{"start":{"line":371,"column":19},"end":{"line":371,"column":29}},"171":{"start":{"line":372,"column":27},"end":{"line":372,"column":35}},"172":{"start":{"line":374,"column":23},"end":{"line":374,"column":52}},"173":{"start":{"line":375,"column":4},"end":{"line":377,"column":5}},"174":{"start":{"line":376,"column":6},"end":{"line":376,"column":70}},"175":{"start":{"line":379,"column":4},"end":{"line":379,"column":38}},"176":{"start":{"line":380,"column":4},"end":{"line":380,"column":37}},"177":{"start":{"line":381,"column":4},"end":{"line":381,"column":27}},"178":{"start":{"line":383,"column":4},"end":{"line":386,"column":6}},"179":{"start":{"line":388,"column":4},"end":{"line":388,"column":61}},"180":{"start":{"line":389,"column":4},"end":{"line":389,"column":75}},"181":{"start":{"line":394,"column":0},"end":{"line":429,"column":1}},"182":{"start":{"line":395,"column":2},"end":{"line":428,"column":3}},"183":{"start":{"line":396,"column":19},"end":{"line":396,"column":29}},"184":{"start":{"line":399,"column":23},"end":{"line":399,"column":52}},"185":{"start":{"line":400,"column":4},"end":{"line":402,"column":5}},"186":{"start":{"line":401,"column":6},"end":{"line":401,"column":70}},"187":{"start":{"line":405,"column":4},"end":{"line":407,"column":5}},"188":{"start":{"line":406,"column":6},"end":{"line":406,"column":101}},"189":{"start":{"line":410,"column":27},"end":{"line":410,"column":78}},"190":{"start":{"line":413,"column":25},"end":{"line":413,"column":91}},"191":{"start":{"line":416,"column":18},"end":{"line":422,"column":5}},"192":{"start":{"line":424,"column":4},"end":{"line":424,"column":35}},"193":{"start":{"line":426,"column":4},"end":{"line":426,"column":64}},"194":{"start":{"line":427,"column":4},"end":{"line":427,"column":75}},"195":{"start":{"line":432,"column":0},"end":{"line":454,"column":1}},"196":{"start":{"line":433,"column":2},"end":{"line":453,"column":3}},"197":{"start":{"line":434,"column":19},"end":{"line":434,"column":29}},"198":{"start":{"line":435,"column":40},"end":{"line":435,"column":48}},"199":{"start":{"line":438,"column":23},"end":{"line":438,"column":52}},"200":{"start":{"line":439,"column":4},"end":{"line":441,"column":5}},"201":{"start":{"line":440,"column":6},"end":{"line":440,"column":70}},"202":{"start":{"line":444,"column":4},"end":{"line":444,"column":56}},"203":{"start":{"line":444,"column":30},"end":{"line":444,"column":56}},"204":{"start":{"line":445,"column":4},"end":{"line":445,"column":83}},"205":{"start":{"line":445,"column":39},"end":{"line":445,"column":83}},"206":{"start":{"line":447,"column":4},"end":{"line":447,"column":27}},"207":{"start":{"line":449,"column":4},"end":{"line":449,"column":91}},"208":{"start":{"line":451,"column":4},"end":{"line":451,"column":61}},"209":{"start":{"line":452,"column":4},"end":{"line":452,"column":75}}},"fnMap":{"0":{"name":"(anonymous_0)","decl":{"start":{"line":8,"column":27},"end":{"line":8,"column":28}},"loc":{"start":{"line":8,"column":47},"end":{"line":78,"column":1}},"line":8},"1":{"name":"(anonymous_1)","decl":{"start":{"line":81,"column":28},"end":{"line":81,"column":29}},"loc":{"start":{"line":81,"column":48},"end":{"line":95,"column":1}},"line":81},"2":{"name":"(anonymous_2)","decl":{"start":{"line":98,"column":33},"end":{"line":98,"column":34}},"loc":{"start":{"line":98,"column":53},"end":{"line":120,"column":1}},"line":98},"3":{"name":"(anonymous_3)","decl":{"start":{"line":123,"column":27},"end":{"line":123,"column":28}},"loc":{"start":{"line":123,"column":47},"end":{"line":187,"column":1}},"line":123},"4":{"name":"(anonymous_4)","decl":{"start":{"line":190,"column":28},"end":{"line":190,"column":29}},"loc":{"start":{"line":190,"column":48},"end":{"line":313,"column":1}},"line":190},"5":{"name":"(anonymous_5)","decl":{"start":{"line":281,"column":44},"end":{"line":281,"column":45}},"loc":{"start":{"line":281,"column":51},"end":{"line":281,"column":56}},"line":281},"6":{"name":"(anonymous_6)","decl":{"start":{"line":285,"column":47},"end":{"line":285,"column":48}},"loc":{"start":{"line":285,"column":63},"end":{"line":297,"column":7}},"line":285},"7":{"name":"(anonymous_7)","decl":{"start":{"line":286,"column":52},"end":{"line":286,"column":53}},"loc":{"start":{"line":286,"column":60},"end":{"line":286,"column":116}},"line":286},"8":{"name":"(anonymous_8)","decl":{"start":{"line":294,"column":41},"end":{"line":294,"column":42}},"loc":{"start":{"line":294,"column":51},"end":{"line":296,"column":9}},"line":294},"9":{"name":"(anonymous_9)","decl":{"start":{"line":316,"column":33},"end":{"line":316,"column":34}},"loc":{"start":{"line":316,"column":53},"end":{"line":330,"column":1}},"line":316},"10":{"name":"(anonymous_10)","decl":{"start":{"line":333,"column":33},"end":{"line":333,"column":34}},"loc":{"start":{"line":333,"column":53},"end":{"line":361,"column":1}},"line":333},"11":{"name":"(anonymous_11)","decl":{"start":{"line":364,"column":27},"end":{"line":364,"column":28}},"loc":{"start":{"line":364,"column":47},"end":{"line":391,"column":1}},"line":364},"12":{"name":"(anonymous_12)","decl":{"start":{"line":394,"column":29},"end":{"line":394,"column":30}},"loc":{"start":{"line":394,"column":49},"end":{"line":429,"column":1}},"line":394},"13":{"name":"(anonymous_13)","decl":{"start":{"line":432,"column":33},"end":{"line":432,"column":34}},"loc":{"start":{"line":432,"column":53},"end":{"line":454,"column":1}},"line":432}},"branchMap":{"0":{"loc":{"start":{"line":12,"column":4},"end":{"line":14,"column":5}},"type":"if","locations":[{"start":{"line":12,"column":4},"end":{"line":14,"column":5}},{"start":{},"end":{}}],"line":12},"1":{"loc":{"start":{"line":18,"column":4},"end":{"line":20,"column":5}},"type":"if","locations":[{"start":{"line":18,"column":4},"end":{"line":20,"column":5}},{"start":{},"end":{}}],"line":18},"2":{"loc":{"start":{"line":33,"column":17},"end":{"line":33,"column":50}},"type":"binary-expr","locations":[{"start":{"line":33,"column":17},"end":{"line":33,"column":41}},{"start":{"line":33,"column":45},"end":{"line":33,"column":50}}],"line":33},"3":{"loc":{"start":{"line":36,"column":23},"end":{"line":36,"column":61}},"type":"binary-expr","locations":[{"start":{"line":36,"column":23},"end":{"line":36,"column":51}},{"start":{"line":36,"column":55},"end":{"line":36,"column":61}}],"line":36},"4":{"loc":{"start":{"line":47,"column":17},"end":{"line":47,"column":47}},"type":"binary-expr","locations":[{"start":{"line":47,"column":17},"end":{"line":47,"column":41}},{"start":{"line":47,"column":45},"end":{"line":47,"column":47}}],"line":47},"5":{"loc":{"start":{"line":49,"column":18},"end":{"line":49,"column":45}},"type":"binary-expr","locations":[{"start":{"line":49,"column":18},"end":{"line":49,"column":37}},{"start":{"line":49,"column":41},"end":{"line":49,"column":45}}],"line":49},"6":{"loc":{"start":{"line":86,"column":4},"end":{"line":88,"column":5}},"type":"if","locations":[{"start":{"line":86,"column":4},"end":{"line":88,"column":5}},{"start":{},"end":{}}],"line":86},"7":{"loc":{"start":{"line":100,"column":20},"end":{"line":100,"column":53}},"type":"binary-expr","locations":[{"start":{"line":100,"column":20},"end":{"line":100,"column":38}},{"start":{"line":100,"column":42},"end":{"line":100,"column":53}}],"line":100},"8":{"loc":{"start":{"line":103,"column":4},"end":{"line":105,"column":5}},"type":"if","locations":[{"start":{"line":103,"column":4},"end":{"line":105,"column":5}},{"start":{},"end":{}}],"line":103},"9":{"loc":{"start":{"line":103,"column":8},"end":{"line":103,"column":60}},"type":"binary-expr","locations":[{"start":{"line":103,"column":8},"end":{"line":103,"column":33}},{"start":{"line":103,"column":37},"end":{"line":103,"column":60}}],"line":103},"10":{"loc":{"start":{"line":108,"column":4},"end":{"line":110,"column":5}},"type":"if","locations":[{"start":{"line":108,"column":4},"end":{"line":110,"column":5}},{"start":{},"end":{}}],"line":108},"11":{"loc":{"start":{"line":127,"column":4},"end":{"line":129,"column":5}},"type":"if","locations":[{"start":{"line":127,"column":4},"end":{"line":129,"column":5}},{"start":{},"end":{}}],"line":127},"12":{"loc":{"start":{"line":135,"column":4},"end":{"line":137,"column":5}},"type":"if","locations":[{"start":{"line":135,"column":4},"end":{"line":137,"column":5}},{"start":{},"end":{}}],"line":135},"13":{"loc":{"start":{"line":140,"column":4},"end":{"line":142,"column":5}},"type":"if","locations":[{"start":{"line":140,"column":4},"end":{"line":142,"column":5}},{"start":{},"end":{}}],"line":140},"14":{"loc":{"start":{"line":140,"column":8},"end":{"line":140,"column":82}},"type":"binary-expr","locations":[{"start":{"line":140,"column":8},"end":{"line":140,"column":33}},{"start":{"line":140,"column":37},"end":{"line":140,"column":82}}],"line":140},"15":{"loc":{"start":{"line":145,"column":4},"end":{"line":145,"column":54}},"type":"if","locations":[{"start":{"line":145,"column":4},"end":{"line":145,"column":54}},{"start":{},"end":{}}],"line":145},"16":{"loc":{"start":{"line":146,"column":4},"end":{"line":146,"column":75}},"type":"if","locations":[{"start":{"line":146,"column":4},"end":{"line":146,"column":75}},{"start":{},"end":{}}],"line":146},"17":{"loc":{"start":{"line":147,"column":4},"end":{"line":147,"column":63}},"type":"if","locations":[{"start":{"line":147,"column":4},"end":{"line":147,"column":63}},{"start":{},"end":{}}],"line":147},"18":{"loc":{"start":{"line":148,"column":4},"end":{"line":148,"column":72}},"type":"if","locations":[{"start":{"line":148,"column":4},"end":{"line":148,"column":72}},{"start":{},"end":{}}],"line":148},"19":{"loc":{"start":{"line":151,"column":4},"end":{"line":160,"column":5}},"type":"if","locations":[{"start":{"line":151,"column":4},"end":{"line":160,"column":5}},{"start":{},"end":{}}],"line":151},"20":{"loc":{"start":{"line":152,"column":6},"end":{"line":152,"column":86}},"type":"if","locations":[{"start":{"line":152,"column":6},"end":{"line":152,"column":86}},{"start":{},"end":{}}],"line":152},"21":{"loc":{"start":{"line":153,"column":6},"end":{"line":153,"column":80}},"type":"if","locations":[{"start":{"line":153,"column":6},"end":{"line":153,"column":80}},{"start":{},"end":{}}],"line":153},"22":{"loc":{"start":{"line":154,"column":6},"end":{"line":154,"column":83}},"type":"if","locations":[{"start":{"line":154,"column":6},"end":{"line":154,"column":83}},{"start":{},"end":{}}],"line":154},"23":{"loc":{"start":{"line":155,"column":6},"end":{"line":155,"column":89}},"type":"if","locations":[{"start":{"line":155,"column":6},"end":{"line":155,"column":89}},{"start":{},"end":{}}],"line":155},"24":{"loc":{"start":{"line":156,"column":6},"end":{"line":156,"column":89}},"type":"if","locations":[{"start":{"line":156,"column":6},"end":{"line":156,"column":89}},{"start":{},"end":{}}],"line":156},"25":{"loc":{"start":{"line":157,"column":6},"end":{"line":159,"column":7}},"type":"if","locations":[{"start":{"line":157,"column":6},"end":{"line":159,"column":7}},{"start":{},"end":{}}],"line":157},"26":{"loc":{"start":{"line":163,"column":4},"end":{"line":167,"column":5}},"type":"if","locations":[{"start":{"line":163,"column":4},"end":{"line":167,"column":5}},{"start":{},"end":{}}],"line":163},"27":{"loc":{"start":{"line":164,"column":6},"end":{"line":164,"column":95}},"type":"if","locations":[{"start":{"line":164,"column":6},"end":{"line":164,"column":95}},{"start":{},"end":{}}],"line":164},"28":{"loc":{"start":{"line":165,"column":6},"end":{"line":165,"column":95}},"type":"if","locations":[{"start":{"line":165,"column":6},"end":{"line":165,"column":95}},{"start":{},"end":{}}],"line":165},"29":{"loc":{"start":{"line":166,"column":6},"end":{"line":166,"column":101}},"type":"if","locations":[{"start":{"line":166,"column":6},"end":{"line":166,"column":101}},{"start":{},"end":{}}],"line":166},"30":{"loc":{"start":{"line":170,"column":4},"end":{"line":174,"column":5}},"type":"if","locations":[{"start":{"line":170,"column":4},"end":{"line":174,"column":5}},{"start":{},"end":{}}],"line":170},"31":{"loc":{"start":{"line":171,"column":6},"end":{"line":171,"column":77}},"type":"if","locations":[{"start":{"line":171,"column":6},"end":{"line":171,"column":77}},{"start":{},"end":{}}],"line":171},"32":{"loc":{"start":{"line":172,"column":6},"end":{"line":172,"column":80}},"type":"if","locations":[{"start":{"line":172,"column":6},"end":{"line":172,"column":80}},{"start":{},"end":{}}],"line":172},"33":{"loc":{"start":{"line":173,"column":6},"end":{"line":173,"column":86}},"type":"if","locations":[{"start":{"line":173,"column":6},"end":{"line":173,"column":86}},{"start":{},"end":{}}],"line":173},"34":{"loc":{"start":{"line":201,"column":6},"end":{"line":201,"column":19}},"type":"default-arg","locations":[{"start":{"line":201,"column":17},"end":{"line":201,"column":19}}],"line":201},"35":{"loc":{"start":{"line":202,"column":6},"end":{"line":202,"column":14}},"type":"default-arg","locations":[{"start":{"line":202,"column":13},"end":{"line":202,"column":14}}],"line":202},"36":{"loc":{"start":{"line":203,"column":6},"end":{"line":203,"column":16}},"type":"default-arg","locations":[{"start":{"line":203,"column":14},"end":{"line":203,"column":16}}],"line":203},"37":{"loc":{"start":{"line":204,"column":6},"end":{"line":204,"column":21}},"type":"default-arg","locations":[{"start":{"line":204,"column":13},"end":{"line":204,"column":21}}],"line":204},"38":{"loc":{"start":{"line":210,"column":4},"end":{"line":212,"column":5}},"type":"if","locations":[{"start":{"line":210,"column":4},"end":{"line":212,"column":5}},{"start":{},"end":{}}],"line":210},"39":{"loc":{"start":{"line":214,"column":4},"end":{"line":216,"column":5}},"type":"if","locations":[{"start":{"line":214,"column":4},"end":{"line":216,"column":5}},{"start":{},"end":{}}],"line":214},"40":{"loc":{"start":{"line":218,"column":4},"end":{"line":220,"column":5}},"type":"if","locations":[{"start":{"line":218,"column":4},"end":{"line":220,"column":5}},{"start":{},"end":{}}],"line":218},"41":{"loc":{"start":{"line":222,"column":4},"end":{"line":224,"column":5}},"type":"if","locations":[{"start":{"line":222,"column":4},"end":{"line":224,"column":5}},{"start":{},"end":{}}],"line":222},"42":{"loc":{"start":{"line":226,"column":4},"end":{"line":228,"column":5}},"type":"if","locations":[{"start":{"line":226,"column":4},"end":{"line":228,"column":5}},{"start":{},"end":{}}],"line":226},"43":{"loc":{"start":{"line":231,"column":4},"end":{"line":241,"column":5}},"type":"if","locations":[{"start":{"line":231,"column":4},"end":{"line":241,"column":5}},{"start":{},"end":{}}],"line":231},"44":{"loc":{"start":{"line":231,"column":8},"end":{"line":231,"column":18}},"type":"binary-expr","locations":[{"start":{"line":231,"column":8},"end":{"line":231,"column":11}},{"start":{"line":231,"column":15},"end":{"line":231,"column":18}}],"line":231},"45":{"loc":{"start":{"line":248,"column":4},"end":{"line":263,"column":5}},"type":"switch","locations":[{"start":{"line":249,"column":6},"end":{"line":251,"column":13}},{"start":{"line":252,"column":6},"end":{"line":254,"column":13}},{"start":{"line":255,"column":6},"end":{"line":257,"column":13}},{"start":{"line":258,"column":6},"end":{"line":260,"column":13}},{"start":{"line":261,"column":6},"end":{"line":262,"column":45}}],"line":248},"46":{"loc":{"start":{"line":273,"column":4},"end":{"line":298,"column":5}},"type":"if","locations":[{"start":{"line":273,"column":4},"end":{"line":298,"column":5}},{"start":{},"end":{}}],"line":273},"47":{"loc":{"start":{"line":287,"column":8},"end":{"line":287,"column":40}},"type":"if","locations":[{"start":{"line":287,"column":8},"end":{"line":287,"column":40}},{"start":{},"end":{}}],"line":287},"48":{"loc":{"start":{"line":291,"column":8},"end":{"line":291,"column":44}},"type":"if","locations":[{"start":{"line":291,"column":8},"end":{"line":291,"column":44}},{"start":{},"end":{}}],"line":291},"49":{"loc":{"start":{"line":295,"column":17},"end":{"line":295,"column":70}},"type":"binary-expr","locations":[{"start":{"line":295,"column":17},"end":{"line":295,"column":41}},{"start":{"line":295,"column":45},"end":{"line":295,"column":70}}],"line":295},"50":{"loc":{"start":{"line":303,"column":15},"end":{"line":303,"column":69}},"type":"cond-expr","locations":[{"start":{"line":303,"column":35},"end":{"line":303,"column":61}},{"start":{"line":303,"column":64},"end":{"line":303,"column":69}}],"line":303},"51":{"loc":{"start":{"line":318,"column":12},"end":{"line":318,"column":21}},"type":"default-arg","locations":[{"start":{"line":318,"column":20},"end":{"line":318,"column":21}}],"line":318},"52":{"loc":{"start":{"line":340,"column":4},"end":{"line":342,"column":5}},"type":"if","locations":[{"start":{"line":340,"column":4},"end":{"line":342,"column":5}},{"start":{},"end":{}}],"line":340},"53":{"loc":{"start":{"line":345,"column":4},"end":{"line":347,"column":5}},"type":"if","locations":[{"start":{"line":345,"column":4},"end":{"line":347,"column":5}},{"start":{},"end":{}}],"line":345},"54":{"loc":{"start":{"line":345,"column":8},"end":{"line":345,"column":82}},"type":"binary-expr","locations":[{"start":{"line":345,"column":8},"end":{"line":345,"column":33}},{"start":{"line":345,"column":37},"end":{"line":345,"column":82}}],"line":345},"55":{"loc":{"start":{"line":354,"column":29},"end":{"line":354,"column":67}},"type":"cond-expr","locations":[{"start":{"line":354,"column":40},"end":{"line":354,"column":51}},{"start":{"line":354,"column":54},"end":{"line":354,"column":67}}],"line":354},"56":{"loc":{"start":{"line":367,"column":4},"end":{"line":369,"column":5}},"type":"if","locations":[{"start":{"line":367,"column":4},"end":{"line":369,"column":5}},{"start":{},"end":{}}],"line":367},"57":{"loc":{"start":{"line":375,"column":4},"end":{"line":377,"column":5}},"type":"if","locations":[{"start":{"line":375,"column":4},"end":{"line":377,"column":5}},{"start":{},"end":{}}],"line":375},"58":{"loc":{"start":{"line":384,"column":29},"end":{"line":384,"column":67}},"type":"cond-expr","locations":[{"start":{"line":384,"column":42},"end":{"line":384,"column":52}},{"start":{"line":384,"column":55},"end":{"line":384,"column":67}}],"line":384},"59":{"loc":{"start":{"line":400,"column":4},"end":{"line":402,"column":5}},"type":"if","locations":[{"start":{"line":400,"column":4},"end":{"line":402,"column":5}},{"start":{},"end":{}}],"line":400},"60":{"loc":{"start":{"line":405,"column":4},"end":{"line":407,"column":5}},"type":"if","locations":[{"start":{"line":405,"column":4},"end":{"line":407,"column":5}},{"start":{},"end":{}}],"line":405},"61":{"loc":{"start":{"line":405,"column":8},"end":{"line":405,"column":82}},"type":"binary-expr","locations":[{"start":{"line":405,"column":8},"end":{"line":405,"column":33}},{"start":{"line":405,"column":37},"end":{"line":405,"column":82}}],"line":405},"62":{"loc":{"start":{"line":439,"column":4},"end":{"line":441,"column":5}},"type":"if","locations":[{"start":{"line":439,"column":4},"end":{"line":441,"column":5}},{"start":{},"end":{}}],"line":439},"63":{"loc":{"start":{"line":444,"column":4},"end":{"line":444,"column":56}},"type":"if","locations":[{"start":{"line":444,"column":4},"end":{"line":444,"column":56}},{"start":{},"end":{}}],"line":444},"64":{"loc":{"start":{"line":445,"column":4},"end":{"line":445,"column":83}},"type":"if","locations":[{"start":{"line":445,"column":4},"end":{"line":445,"column":83}},{"start":{},"end":{}}],"line":445}},"s":{"0":3,"1":3,"2":3,"3":3,"4":3,"5":3,"6":2,"7":2,"8":2,"9":1,"10":1,"11":1,"12":0,"13":1,"14":1,"15":1,"16":1,"17":1,"18":1,"19":0,"20":0,"21":3,"22":3,"23":3,"24":3,"25":2,"26":1,"27":1,"28":1,"29":1,"30":3,"31":0,"32":0,"33":0,"34":0,"35":0,"36":0,"37":0,"38":0,"39":0,"40":0,"41":0,"42":3,"43":3,"44":3,"45":3,"46":0,"47":3,"48":3,"49":3,"50":1,"51":2,"52":1,"53":1,"54":1,"55":1,"56":1,"57":1,"58":1,"59":1,"60":0,"61":1,"62":0,"63":0,"64":0,"65":0,"66":0,"67":0,"68":0,"69":0,"70":0,"71":0,"72":0,"73":0,"74":1,"75":0,"76":0,"77":0,"78":0,"79":0,"80":0,"81":1,"82":0,"83":0,"84":0,"85":0,"86":0,"87":0,"88":1,"89":1,"90":1,"91":0,"92":0,"93":3,"94":4,"95":4,"96":4,"97":4,"98":1,"99":4,"100":1,"101":4,"102":0,"103":4,"104":0,"105":4,"106":0,"107":4,"108":0,"109":4,"110":4,"111":4,"112":4,"113":4,"114":0,"115":0,"116":0,"117":0,"118":0,"119":0,"120":4,"121":4,"122":4,"123":4,"124":0,"125":0,"126":0,"127":0,"128":0,"129":0,"130":0,"131":0,"132":0,"133":0,"134":0,"135":0,"136":0,"137":0,"138":0,"139":0,"140":0,"141":4,"142":0,"143":0,"144":3,"145":0,"146":0,"147":0,"148":0,"149":0,"150":0,"151":3,"152":0,"153":0,"154":0,"155":0,"156":0,"157":0,"158":0,"159":0,"160":0,"161":0,"162":0,"163":0,"164":0,"165":0,"166":3,"167":0,"168":0,"169":0,"170":0,"171":0,"172":0,"173":0,"174":0,"175":0,"176":0,"177":0,"178":0,"179":0,"180":0,"181":3,"182":0,"183":0,"184":0,"185":0,"186":0,"187":0,"188":0,"189":0,"190":0,"191":0,"192":0,"193":0,"194":0,"195":3,"196":0,"197":0,"198":0,"199":0,"200":0,"201":0,"202":0,"203":0,"204":0,"205":0,"206":0,"207":0,"208":0,"209":0},"f":{"0":2,"1":3,"2":0,"3":3,"4":4,"5":0,"6":0,"7":0,"8":0,"9":0,"10":0,"11":0,"12":0,"13":0},"b":{"0":[1,1],"1":[0,1],"2":[1,0],"3":[1,1],"4":[1,1],"5":[1,1],"6":[1,1],"7":[0,0],"8":[0,0],"9":[0,0],"10":[0,0],"11":[0,3],"12":[1,2],"13":[1,1],"14":[2,2],"15":[1,0],"16":[1,0],"17":[1,0],"18":[0,1],"19":[0,1],"20":[0,0],"21":[0,0],"22":[0,0],"23":[0,0],"24":[0,0],"25":[0,0],"26":[0,1],"27":[0,0],"28":[0,0],"29":[0,0],"30":[0,1],"31":[0,0],"32":[0,0],"33":[0,0],"34":[4],"35":[3],"36":[3],"37":[4],"38":[1,3],"39":[1,3],"40":[0,4],"41":[0,4],"42":[0,4],"43":[0,4],"44":[4,0],"45":[4,0,0,0,0],"46":[0,4],"47":[0,0],"48":[0,0],"49":[0,0],"50":[0,4],"51":[0],"52":[0,0],"53":[0,0],"54":[0,0],"55":[0,0],"56":[0,0],"57":[0,0],"58":[0,0],"59":[0,0],"60":[0,0],"61":[0,0],"62":[0,0],"63":[0,0],"64":[0,0]},"_coverageSchema":"1a1c01bbd47fc00a2c39e90264f33305004495a9","hash":"023cccf93610e4a5113af68f54f6e8396c605ba4"}
,"/Users/kavishkasashmitha/Documents/3Y2SEM/AF/ds_test/backend/restaurant-service/middleware/auth.js": {"path":"/Users/kavishkasashmitha/Documents/3Y2SEM/AF/ds_test/backend/restaurant-service/middleware/auth.js","statementMap":{"0":{"start":{"line":1,"column":12},"end":{"line":1,"column":35}},"1":{"start":{"line":2,"column":15},"end":{"line":2,"column":41}},"2":{"start":{"line":5,"column":0},"end":{"line":26,"column":1}},"3":{"start":{"line":7,"column":21},"end":{"line":7,"column":49}},"4":{"start":{"line":8,"column":16},"end":{"line":8,"column":54}},"5":{"start":{"line":11,"column":2},"end":{"line":13,"column":3}},"6":{"start":{"line":12,"column":4},"end":{"line":12,"column":80}},"7":{"start":{"line":15,"column":2},"end":{"line":25,"column":3}},"8":{"start":{"line":17,"column":20},"end":{"line":17,"column":61}},"9":{"start":{"line":20,"column":4},"end":{"line":20,"column":22}},"10":{"start":{"line":21,"column":4},"end":{"line":21,"column":10}},"11":{"start":{"line":23,"column":4},"end":{"line":23,"column":58}},"12":{"start":{"line":24,"column":4},"end":{"line":24,"column":72}},"13":{"start":{"line":29,"column":0},"end":{"line":36,"column":1}},"14":{"start":{"line":30,"column":2},"end":{"line":35,"column":3}},"15":{"start":{"line":31,"column":4},"end":{"line":33,"column":5}},"16":{"start":{"line":32,"column":6},"end":{"line":32,"column":88}},"17":{"start":{"line":34,"column":4},"end":{"line":34,"column":10}},"18":{"start":{"line":39,"column":0},"end":{"line":67,"column":1}},"19":{"start":{"line":40,"column":2},"end":{"line":66,"column":3}},"20":{"start":{"line":41,"column":25},"end":{"line":41,"column":90}},"21":{"start":{"line":44,"column":4},"end":{"line":46,"column":5}},"22":{"start":{"line":45,"column":6},"end":{"line":45,"column":19}},"23":{"start":{"line":49,"column":23},"end":{"line":49,"column":54}},"24":{"start":{"line":50,"column":23},"end":{"line":50,"column":62}},"25":{"start":{"line":52,"column":4},"end":{"line":54,"column":5}},"26":{"start":{"line":53,"column":6},"end":{"line":53,"column":70}},"27":{"start":{"line":57,"column":4},"end":{"line":60,"column":5}},"28":{"start":{"line":58,"column":6},"end":{"line":58,"column":33}},"29":{"start":{"line":59,"column":6},"end":{"line":59,"column":19}},"30":{"start":{"line":62,"column":4},"end":{"line":62,"column":88}},"31":{"start":{"line":64,"column":4},"end":{"line":64,"column":66}},"32":{"start":{"line":65,"column":4},"end":{"line":65,"column":82}}},"fnMap":{"0":{"name":"(anonymous_0)","decl":{"start":{"line":5,"column":28},"end":{"line":5,"column":29}},"loc":{"start":{"line":5,"column":48},"end":{"line":26,"column":1}},"line":5},"1":{"name":"(anonymous_1)","decl":{"start":{"line":29,"column":25},"end":{"line":29,"column":26}},"loc":{"start":{"line":29,"column":39},"end":{"line":36,"column":1}},"line":29},"2":{"name":"(anonymous_2)","decl":{"start":{"line":30,"column":9},"end":{"line":30,"column":10}},"loc":{"start":{"line":30,"column":29},"end":{"line":35,"column":3}},"line":30},"3":{"name":"(anonymous_3)","decl":{"start":{"line":39,"column":28},"end":{"line":39,"column":29}},"loc":{"start":{"line":39,"column":54},"end":{"line":67,"column":1}},"line":39}},"branchMap":{"0":{"loc":{"start":{"line":8,"column":16},"end":{"line":8,"column":54}},"type":"binary-expr","locations":[{"start":{"line":8,"column":16},"end":{"line":8,"column":26}},{"start":{"line":8,"column":30},"end":{"line":8,"column":54}}],"line":8},"1":{"loc":{"start":{"line":11,"column":2},"end":{"line":13,"column":3}},"type":"if","locations":[{"start":{"line":11,"column":2},"end":{"line":13,"column":3}},{"start":{},"end":{}}],"line":11},"2":{"loc":{"start":{"line":31,"column":4},"end":{"line":33,"column":5}},"type":"if","locations":[{"start":{"line":31,"column":4},"end":{"line":33,"column":5}},{"start":{},"end":{}}],"line":31},"3":{"loc":{"start":{"line":31,"column":8},"end":{"line":31,"column":51}},"type":"binary-expr","locations":[{"start":{"line":31,"column":8},"end":{"line":31,"column":17}},{"start":{"line":31,"column":21},"end":{"line":31,"column":51}}],"line":31},"4":{"loc":{"start":{"line":41,"column":25},"end":{"line":41,"column":90}},"type":"binary-expr","locations":[{"start":{"line":41,"column":25},"end":{"line":41,"column":38}},{"start":{"line":41,"column":42},"end":{"line":41,"column":65}},{"start":{"line":41,"column":69},"end":{"line":41,"column":90}}],"line":41},"5":{"loc":{"start":{"line":44,"column":4},"end":{"line":46,"column":5}},"type":"if","locations":[{"start":{"line":44,"column":4},"end":{"line":46,"column":5}},{"start":{},"end":{}}],"line":44},"6":{"loc":{"start":{"line":52,"column":4},"end":{"line":54,"column":5}},"type":"if","locations":[{"start":{"line":52,"column":4},"end":{"line":54,"column":5}},{"start":{},"end":{}}],"line":52},"7":{"loc":{"start":{"line":57,"column":4},"end":{"line":60,"column":5}},"type":"if","locations":[{"start":{"line":57,"column":4},"end":{"line":60,"column":5}},{"start":{},"end":{}}],"line":57},"8":{"loc":{"start":{"line":57,"column":8},"end":{"line":57,"column":82}},"type":"binary-expr","locations":[{"start":{"line":57,"column":8},"end":{"line":57,"column":33}},{"start":{"line":57,"column":37},"end":{"line":57,"column":82}}],"line":57}},"s":{"0":3,"1":3,"2":3,"3":48,"4":48,"5":48,"6":10,"7":38,"8":38,"9":38,"10":38,"11":0,"12":0,"13":3,"14":33,"15":35,"16":2,"17":33,"18":3,"19":0,"20":0,"21":0,"22":0,"23":0,"24":0,"25":0,"26":0,"27":0,"28":0,"29":0,"30":0,"31":0,"32":0},"f":{"0":48,"1":33,"2":35,"3":0},"b":{"0":[48,38],"1":[10,38],"2":[2,33],"3":[35,35],"4":[0,0,0],"5":[0,0],"6":[0,0],"7":[0,0],"8":[0,0]},"_coverageSchema":"1a1c01bbd47fc00a2c39e90264f33305004495a9","hash":"97084631fbaa7e1aa4f7d1da12caf7b571c638e3"}
,"/Users/kavishkasashmitha/Documents/3Y2SEM/AF/ds_test/backend/restaurant-service/models/BusinessHours.js": {"path":"/Users/kavishkasashmitha/Documents/3Y2SEM/AF/ds_test/backend/restaurant-service/models/BusinessHours.js","statementMap":{"0":{"start":{"line":1,"column":17},"end":{"line":1,"column":36}},"1":{"start":{"line":3,"column":23},"end":{"line":12,"column":2}},"2":{"start":{"line":14,"column":28},"end":{"line":90,"column":2}},"3":{"start":{"line":92,"column":22},"end":{"line":92,"column":74}},"4":{"start":{"line":94,"column":0},"end":{"line":94,"column":30}}},"fnMap":{},"branchMap":{},"s":{"0":3,"1":3,"2":3,"3":3,"4":3},"f":{},"b":{},"_coverageSchema":"1a1c01bbd47fc00a2c39e90264f33305004495a9","hash":"3e9576f61e21f4c86b21d06fe8e7593ae73c8668"}
,"/Users/kavishkasashmitha/Documents/3Y2SEM/AF/ds_test/backend/restaurant-service/models/MenuItem.js": {"path":"/Users/kavishkasashmitha/Documents/3Y2SEM/AF/ds_test/backend/restaurant-service/models/MenuItem.js","statementMap":{"0":{"start":{"line":1,"column":17},"end":{"line":1,"column":36}},"1":{"start":{"line":3,"column":29},"end":{"line":29,"column":2}},"2":{"start":{"line":31,"column":23},"end":{"line":98,"column":2}},"3":{"start":{"line":100,"column":17},"end":{"line":100,"column":59}},"4":{"start":{"line":102,"column":0},"end":{"line":102,"column":25}}},"fnMap":{},"branchMap":{},"s":{"0":4,"1":4,"2":4,"3":4,"4":4},"f":{},"b":{},"_coverageSchema":"1a1c01bbd47fc00a2c39e90264f33305004495a9","hash":"78e8cc6a27bf13bf340adf31d8067614c1af4bfd"}
,"/Users/kavishkasashmitha/Documents/3Y2SEM/AF/ds_test/backend/restaurant-service/models/Restaurant.js": {"path":"/Users/kavishkasashmitha/Documents/3Y2SEM/AF/ds_test/backend/restaurant-service/models/Restaurant.js","statementMap":{"0":{"start":{"line":1,"column":17},"end":{"line":1,"column":36}},"1":{"start":{"line":3,"column":25},"end":{"line":112,"column":2}},"2":{"start":{"line":115,"column":0},"end":{"line":115,"column":58}},"3":{"start":{"line":117,"column":19},"end":{"line":117,"column":65}},"4":{"start":{"line":119,"column":0},"end":{"line":119,"column":27}}},"fnMap":{},"branchMap":{},"s":{"0":5,"1":5,"2":5,"3":5,"4":5},"f":{},"b":{},"_coverageSchema":"1a1c01bbd47fc00a2c39e90264f33305004495a9","hash":"bd5985235c3e9d5b57749740e6c8ab52ec7493e5"}
,"/Users/kavishkasashmitha/Documents/3Y2SEM/AF/ds_test/backend/restaurant-service/routes/availabilityRoutes.js": {"path":"/Users/kavishkasashmitha/Documents/3Y2SEM/AF/ds_test/backend/restaurant-service/routes/availabilityRoutes.js","statementMap":{"0":{"start":{"line":1,"column":16},"end":{"line":1,"column":34}},"1":{"start":{"line":2,"column":17},"end":{"line":2,"column":45}},"2":{"start":{"line":3,"column":31},"end":{"line":3,"column":79}},"3":{"start":{"line":4,"column":46},"end":{"line":4,"column":75}},"4":{"start":{"line":6,"column":15},"end":{"line":6,"column":31}},"5":{"start":{"line":9,"column":0},"end":{"line":9,"column":75}},"6":{"start":{"line":12,"column":0},"end":{"line":17,"column":1}},"7":{"start":{"line":20,"column":0},"end":{"line":20,"column":78}},"8":{"start":{"line":23,"column":0},"end":{"line":33,"column":1}},"9":{"start":{"line":36,"column":0},"end":{"line":41,"column":1}},"10":{"start":{"line":44,"column":0},"end":{"line":50,"column":1}},"11":{"start":{"line":52,"column":0},"end":{"line":52,"column":23}}},"fnMap":{},"branchMap":{},"s":{"0":3,"1":3,"2":3,"3":3,"4":3,"5":3,"6":3,"7":3,"8":3,"9":3,"10":3,"11":3},"f":{},"b":{},"_coverageSchema":"1a1c01bbd47fc00a2c39e90264f33305004495a9","hash":"47274fb38e7c0e0d183736b5f52561e7a9f03542"}
,"/Users/kavishkasashmitha/Documents/3Y2SEM/AF/ds_test/backend/restaurant-service/routes/menuRoutes.js": {"path":"/Users/kavishkasashmitha/Documents/3Y2SEM/AF/ds_test/backend/restaurant-service/routes/menuRoutes.js","statementMap":{"0":{"start":{"line":1,"column":16},"end":{"line":1,"column":34}},"1":{"start":{"line":2,"column":17},"end":{"line":2,"column":45}},"2":{"start":{"line":3,"column":23},"end":{"line":3,"column":63}},"3":{"start":{"line":4,"column":65},"end":{"line":4,"column":94}},"4":{"start":{"line":6,"column":15},"end":{"line":6,"column":31}},"5":{"start":{"line":12,"column":0},"end":{"line":12,"column":55}},"6":{"start":{"line":15,"column":0},"end":{"line":15,"column":80}},"7":{"start":{"line":18,"column":0},"end":{"line":18,"column":69}},"8":{"start":{"line":21,"column":0},"end":{"line":21,"column":29}},"9":{"start":{"line":24,"column":0},"end":{"line":35,"column":1}},"10":{"start":{"line":38,"column":0},"end":{"line":48,"column":1}},"11":{"start":{"line":51,"column":0},"end":{"line":51,"column":96}},"12":{"start":{"line":54,"column":0},"end":{"line":62,"column":1}},"13":{"start":{"line":64,"column":0},"end":{"line":64,"column":23}}},"fnMap":{},"branchMap":{},"s":{"0":3,"1":3,"2":3,"3":3,"4":3,"5":3,"6":3,"7":3,"8":3,"9":3,"10":3,"11":3,"12":3,"13":3},"f":{},"b":{},"_coverageSchema":"1a1c01bbd47fc00a2c39e90264f33305004495a9","hash":"b942ac081cd95e3ed3fca01897cb79b33b3752db"}
,"/Users/kavishkasashmitha/Documents/3Y2SEM/AF/ds_test/backend/restaurant-service/routes/restaurantRoutes.js": {"path":"/Users/kavishkasashmitha/Documents/3Y2SEM/AF/ds_test/backend/restaurant-service/routes/restaurantRoutes.js","statementMap":{"0":{"start":{"line":1,"column":16},"end":{"line":1,"column":34}},"1":{"start":{"line":2,"column":17},"end":{"line":2,"column":45}},"2":{"start":{"line":3,"column":29},"end":{"line":3,"column":75}},"3":{"start":{"line":4,"column":46},"end":{"line":4,"column":75}},"4":{"start":{"line":6,"column":15},"end":{"line":6,"column":31}},"5":{"start":{"line":9,"column":0},"end":{"line":9,"column":68}},"6":{"start":{"line":10,"column":0},"end":{"line":10,"column":58}},"7":{"start":{"line":11,"column":0},"end":{"line":11,"column":55}},"8":{"start":{"line":14,"column":0},"end":{"line":14,"column":29}},"9":{"start":{"line":17,"column":0},"end":{"line":32,"column":1}},"10":{"start":{"line":35,"column":0},"end":{"line":35,"column":68}},"11":{"start":{"line":36,"column":0},"end":{"line":36,"column":74}},"12":{"start":{"line":39,"column":0},"end":{"line":47,"column":1}},"13":{"start":{"line":50,"column":0},"end":{"line":55,"column":1}},"14":{"start":{"line":58,"column":0},"end":{"line":58,"column":91}},"15":{"start":{"line":61,"column":0},"end":{"line":61,"column":65}},"16":{"start":{"line":63,"column":0},"end":{"line":63,"column":23}}},"fnMap":{},"branchMap":{},"s":{"0":3,"1":3,"2":3,"3":3,"4":3,"5":3,"6":3,"7":3,"8":3,"9":3,"10":3,"11":3,"12":3,"13":3,"14":3,"15":3,"16":3},"f":{},"b":{},"_coverageSchema":"1a1c01bbd47fc00a2c39e90264f33305004495a9","hash":"b2e45abdf3fd4c69f5211082bb3e0070528bc83f"}
,"/Users/kavishkasashmitha/Documents/3Y2SEM/AF/ds_test/backend/restaurant-service/utils/logger.js": {"path":"/Users/kavishkasashmitha/Documents/3Y2SEM/AF/ds_test/backend/restaurant-service/utils/logger.js","statementMap":{"0":{"start":{"line":1,"column":16},"end":{"line":1,"column":34}},"1":{"start":{"line":4,"column":18},"end":{"line":9,"column":1}},"2":{"start":{"line":12,"column":15},"end":{"line":22,"column":2}},"3":{"start":{"line":25,"column":0},"end":{"line":31,"column":1}},"4":{"start":{"line":26,"column":2},"end":{"line":30,"column":3}},"5":{"start":{"line":33,"column":0},"end":{"line":33,"column":23}}},"fnMap":{},"branchMap":{"0":{"loc":{"start":{"line":13,"column":9},"end":{"line":13,"column":40}},"type":"binary-expr","locations":[{"start":{"line":13,"column":9},"end":{"line":13,"column":30}},{"start":{"line":13,"column":34},"end":{"line":13,"column":40}}],"line":13},"1":{"loc":{"start":{"line":25,"column":0},"end":{"line":31,"column":1}},"type":"if","locations":[{"start":{"line":25,"column":0},"end":{"line":31,"column":1}},{"start":{},"end":{}}],"line":25}},"s":{"0":3,"1":3,"2":3,"3":3,"4":3,"5":3},"f":{},"b":{"0":[3,3],"1":[3,0]},"_coverageSchema":"1a1c01bbd47fc00a2c39e90264f33305004495a9","hash":"e90cb91e9f47cb942226b6d2a9f0e6ce4be9ea18"}
}
