TN:
SF:controllers/availabilityController.js
FN:7,(anonymous_0)
FN:24,(anonymous_1)
FN:54,(anonymous_2)
FN:79,(anonymous_3)
FN:111,(anonymous_4)
FN:123,(anonymous_5)
FN:144,(anonymous_6)
FN:159,(anonymous_7)
FN:190,(anonymous_8)
FN:225,(anonymous_9)
FN:247,(anonymous_10)
FN:263,(anonymous_11)
FNF:12
FNH:12
FNDA:2,(anonymous_0)
FNDA:4,(anonymous_1)
FNDA:14,(anonymous_2)
FNDA:5,(anonymous_3)
FNDA:7,(anonymous_4)
FNDA:1,(anonymous_5)
FNDA:3,(anonymous_6)
FNDA:5,(anonymous_7)
FNDA:1,(anonymous_8)
FNDA:3,(anonymous_9)
FNDA:1,(anonymous_10)
FNDA:5,(anonymous_11)
DA:1,3
DA:2,3
DA:3,3
DA:4,3
DA:7,3
DA:8,2
DA:9,2
DA:11,2
DA:12,2
DA:13,1
DA:16,1
DA:18,0
DA:19,0
DA:24,3
DA:25,4
DA:27,4
DA:28,4
DA:29,0
DA:32,4
DA:35,4
DA:36,4
DA:37,1
DA:41,3
DA:42,1
DA:46,2
DA:47,2
DA:49,1
DA:53,2
DA:54,2
DA:55,14
DA:56,3
DA:61,2
DA:62,0
DA:65,2
DA:66,2
DA:68,2
DA:73,0
DA:74,0
DA:79,3
DA:80,5
DA:81,5
DA:82,5
DA:85,5
DA:86,5
DA:87,1
DA:92,4
DA:93,4
DA:95,0
DA:100,4
DA:101,4
DA:103,0
DA:110,4
DA:111,4
DA:112,7
DA:113,7
DA:116,4
DA:118,2
DA:119,1
DA:123,1
DA:124,1
DA:127,1
DA:134,2
DA:135,2
DA:138,2
DA:139,2
DA:140,0
DA:144,2
DA:145,3
DA:148,2
DA:153,0
DA:154,0
DA:159,3
DA:160,5
DA:162,5
DA:163,5
DA:164,1
DA:167,4
DA:168,4
DA:171,4
DA:172,4
DA:173,0
DA:177,4
DA:178,1
DA:182,3
DA:183,3
DA:184,0
DA:188,3
DA:189,3
DA:190,3
DA:191,1
DA:192,1
DA:195,3
DA:197,1
DA:204,2
DA:211,3
DA:212,3
DA:214,3
DA:219,0
DA:220,0
DA:225,3
DA:226,3
DA:227,3
DA:230,3
DA:231,3
DA:232,0
DA:236,3
DA:237,1
DA:241,2
DA:242,2
DA:243,0
DA:247,2
DA:249,2
DA:250,2
DA:252,2
DA:257,0
DA:258,0
DA:263,3
DA:264,5
DA:265,5
DA:266,5
DA:269,5
DA:270,5
DA:271,1
DA:275,4
DA:276,1
DA:279,3
DA:280,3
DA:281,3
DA:283,2
DA:288,1
DA:289,1
LF:131
LH:112
BRDA:12,0,0,1
BRDA:12,0,1,1
BRDA:28,1,0,0
BRDA:28,1,1,4
BRDA:36,2,0,1
BRDA:36,2,1,3
BRDA:41,3,0,1
BRDA:41,3,1,2
BRDA:41,4,0,3
BRDA:41,4,1,3
BRDA:47,5,0,1
BRDA:47,5,1,1
BRDA:55,6,0,3
BRDA:55,6,1,11
BRDA:61,7,0,0
BRDA:61,7,1,2
BRDA:86,8,0,1
BRDA:86,8,1,4
BRDA:92,9,0,4
BRDA:92,9,1,0
BRDA:100,10,0,4
BRDA:100,10,1,0
BRDA:116,11,0,2
BRDA:116,11,1,2
BRDA:118,12,0,1
BRDA:118,12,1,1
BRDA:124,13,0,1
BRDA:124,13,1,1
BRDA:129,14,0,1
BRDA:129,14,1,0
BRDA:139,15,0,0
BRDA:139,15,1,2
BRDA:145,16,0,3
BRDA:145,16,1,2
BRDA:150,17,0,1
BRDA:150,17,1,1
BRDA:163,18,0,1
BRDA:163,18,1,4
BRDA:172,19,0,0
BRDA:172,19,1,4
BRDA:177,20,0,1
BRDA:177,20,1,3
BRDA:177,21,0,4
BRDA:177,21,1,4
BRDA:183,22,0,0
BRDA:183,22,1,3
BRDA:195,23,0,1
BRDA:195,23,1,2
BRDA:200,24,0,0
BRDA:200,24,1,1
BRDA:207,25,0,2
BRDA:207,25,1,0
BRDA:231,26,0,0
BRDA:231,26,1,3
BRDA:236,27,0,1
BRDA:236,27,1,2
BRDA:236,28,0,3
BRDA:236,28,1,3
BRDA:242,29,0,0
BRDA:242,29,1,2
BRDA:270,30,0,1
BRDA:270,30,1,4
BRDA:275,31,0,1
BRDA:275,31,1,3
BRDA:275,32,0,4
BRDA:275,32,1,4
BRDA:284,33,0,1
BRDA:284,33,1,1
BRF:68
BRH:56
end_of_record
TN:
SF:controllers/menuController.js
FN:9,(anonymous_0)
FN:35,(anonymous_1)
FN:86,(anonymous_2)
FN:103,(anonymous_3)
FN:160,(anonymous_4)
FN:191,(anonymous_5)
FN:211,(anonymous_6)
FNF:7
FNH:7
FNDA:3,(anonymous_0)
FNDA:6,(anonymous_1)
FNDA:3,(anonymous_2)
FNDA:4,(anonymous_3)
FNDA:3,(anonymous_4)
FNDA:4,(anonymous_5)
FNDA:4,(anonymous_6)
DA:1,3
DA:2,3
DA:3,3
DA:4,3
DA:5,3
DA:6,3
DA:9,3
DA:10,3
DA:11,3
DA:13,3
DA:16,3
DA:22,3
DA:24,2
DA:29,1
DA:30,1
DA:35,3
DA:36,6
DA:37,6
DA:38,6
DA:41,6
DA:43,6
DA:44,1
DA:47,6
DA:48,1
DA:49,5
DA:50,0
DA:53,6
DA:54,1
DA:58,6
DA:61,6
DA:64,6
DA:67,6
DA:69,6
DA:80,0
DA:81,0
DA:86,3
DA:87,3
DA:88,3
DA:90,3
DA:91,2
DA:92,1
DA:95,1
DA:97,1
DA:98,1
DA:103,3
DA:104,4
DA:106,4
DA:107,4
DA:108,1
DA:111,3
DA:114,3
DA:115,3
DA:116,1
DA:120,2
DA:121,2
DA:122,0
DA:126,2
DA:127,1
DA:131,1
DA:132,1
DA:133,1
DA:134,1
DA:135,1
DA:136,1
DA:137,1
DA:138,1
DA:139,1
DA:140,1
DA:141,1
DA:142,1
DA:143,1
DA:144,1
DA:146,1
DA:147,1
DA:149,1
DA:154,0
DA:155,0
DA:160,3
DA:161,3
DA:162,3
DA:165,3
DA:166,3
DA:167,1
DA:171,2
DA:172,2
DA:173,0
DA:177,2
DA:178,1
DA:181,1
DA:183,1
DA:185,0
DA:186,0
DA:191,3
DA:192,4
DA:193,4
DA:195,4
DA:196,0
DA:200,4
DA:201,4
DA:202,1
DA:206,3
DA:207,1
DA:211,2
DA:212,4
DA:213,0
DA:216,4
DA:217,4
DA:223,4
DA:224,1
DA:227,3
DA:229,0
DA:233,2
DA:235,2
DA:240,0
DA:241,0
LF:115
LH:101
BRDA:38,0,0,5
BRDA:38,1,0,5
BRDA:43,2,0,1
BRDA:43,2,1,5
BRDA:47,3,0,1
BRDA:47,3,1,5
BRDA:49,4,0,0
BRDA:49,4,1,5
BRDA:53,5,0,1
BRDA:53,5,1,5
BRDA:91,6,0,1
BRDA:91,6,1,1
BRDA:107,7,0,1
BRDA:107,7,1,3
BRDA:115,8,0,1
BRDA:115,8,1,2
BRDA:121,9,0,0
BRDA:121,9,1,2
BRDA:126,10,0,1
BRDA:126,10,1,1
BRDA:126,11,0,2
BRDA:126,11,1,2
BRDA:131,12,0,1
BRDA:131,12,1,0
BRDA:132,13,0,1
BRDA:132,13,1,0
BRDA:133,14,0,1
BRDA:133,14,1,0
BRDA:134,15,0,0
BRDA:134,15,1,1
BRDA:135,16,0,0
BRDA:135,16,1,1
BRDA:136,17,0,0
BRDA:136,17,1,1
BRDA:137,18,0,0
BRDA:137,18,1,1
BRDA:138,19,0,0
BRDA:138,19,1,1
BRDA:139,20,0,1
BRDA:139,20,1,0
BRDA:140,21,0,0
BRDA:140,21,1,1
BRDA:141,22,0,0
BRDA:141,22,1,1
BRDA:142,23,0,0
BRDA:142,23,1,1
BRDA:143,24,0,0
BRDA:143,24,1,1
BRDA:144,25,0,0
BRDA:144,25,1,1
BRDA:166,26,0,1
BRDA:166,26,1,2
BRDA:172,27,0,0
BRDA:172,27,1,2
BRDA:177,28,0,1
BRDA:177,28,1,1
BRDA:177,29,0,2
BRDA:177,29,1,2
BRDA:195,30,0,0
BRDA:195,30,1,4
BRDA:195,31,0,4
BRDA:195,31,1,4
BRDA:201,32,0,1
BRDA:201,32,1,3
BRDA:206,33,0,1
BRDA:206,33,1,2
BRDA:206,34,0,3
BRDA:206,34,1,3
BRDA:212,35,0,0
BRDA:212,35,1,4
BRDA:212,36,0,4
BRDA:212,36,1,4
BRDA:223,37,0,1
BRDA:223,37,1,3
BRF:74
BRH:55
end_of_record
TN:
SF:controllers/restaurantController.js
FN:8,(anonymous_0)
FN:81,(anonymous_1)
FN:98,(anonymous_2)
FN:123,(anonymous_3)
FN:190,(anonymous_4)
FN:281,(anonymous_5)
FN:285,(anonymous_6)
FN:286,(anonymous_7)
FN:294,(anonymous_8)
FN:316,(anonymous_9)
FN:333,(anonymous_10)
FN:364,(anonymous_11)
FN:394,(anonymous_12)
FN:432,(anonymous_13)
FNF:14
FNH:4
FNDA:2,(anonymous_0)
FNDA:3,(anonymous_1)
FNDA:0,(anonymous_2)
FNDA:3,(anonymous_3)
FNDA:4,(anonymous_4)
FNDA:0,(anonymous_5)
FNDA:0,(anonymous_6)
FNDA:0,(anonymous_7)
FNDA:0,(anonymous_8)
FNDA:0,(anonymous_9)
FNDA:0,(anonymous_10)
FNDA:0,(anonymous_11)
FNDA:0,(anonymous_12)
FNDA:0,(anonymous_13)
DA:1,3
DA:2,3
DA:3,3
DA:4,3
DA:5,3
DA:8,3
DA:9,2
DA:11,2
DA:12,2
DA:13,1
DA:17,1
DA:18,1
DA:19,0
DA:23,1
DA:52,1
DA:55,1
DA:56,1
DA:67,1
DA:69,1
DA:75,0
DA:76,0
DA:81,3
DA:82,3
DA:83,3
DA:85,3
DA:86,2
DA:87,1
DA:90,1
DA:92,1
DA:93,1
DA:98,3
DA:99,0
DA:100,0
DA:103,0
DA:104,0
DA:107,0
DA:108,0
DA:109,0
DA:113,0
DA:115,0
DA:117,0
DA:118,0
DA:123,3
DA:124,3
DA:126,3
DA:127,3
DA:128,0
DA:131,3
DA:134,3
DA:135,3
DA:136,1
DA:140,2
DA:141,1
DA:145,1
DA:146,1
DA:147,1
DA:148,1
DA:151,1
DA:152,0
DA:153,0
DA:154,0
DA:155,0
DA:156,0
DA:157,0
DA:158,0
DA:163,1
DA:164,0
DA:165,0
DA:166,0
DA:170,1
DA:171,0
DA:172,0
DA:173,0
DA:176,1
DA:177,1
DA:179,1
DA:184,0
DA:185,0
DA:190,3
DA:191,4
DA:205,4
DA:208,4
DA:210,4
DA:211,1
DA:214,4
DA:215,1
DA:218,4
DA:219,0
DA:222,4
DA:223,0
DA:226,4
DA:227,0
DA:231,4
DA:232,0
DA:244,4
DA:247,4
DA:248,4
DA:250,4
DA:251,4
DA:253,0
DA:254,0
DA:256,0
DA:257,0
DA:260,0
DA:262,0
DA:266,4
DA:269,4
DA:272,4
DA:273,4
DA:275,0
DA:276,0
DA:277,0
DA:278,0
DA:281,0
DA:282,0
DA:285,0
DA:286,0
DA:287,0
DA:290,0
DA:291,0
DA:294,0
DA:295,0
DA:300,4
DA:310,0
DA:311,0
DA:316,3
DA:317,0
DA:318,0
DA:321,0
DA:325,0
DA:327,0
DA:328,0
DA:333,3
DA:334,0
DA:335,0
DA:336,0
DA:339,0
DA:340,0
DA:341,0
DA:345,0
DA:346,0
DA:349,0
DA:350,0
DA:351,0
DA:353,0
DA:358,0
DA:359,0
DA:364,3
DA:365,0
DA:367,0
DA:368,0
DA:371,0
DA:372,0
DA:374,0
DA:375,0
DA:376,0
DA:379,0
DA:380,0
DA:381,0
DA:383,0
DA:388,0
DA:389,0
DA:394,3
DA:395,0
DA:396,0
DA:399,0
DA:400,0
DA:401,0
DA:405,0
DA:406,0
DA:410,0
DA:413,0
DA:416,0
DA:424,0
DA:426,0
DA:427,0
DA:432,3
DA:433,0
DA:434,0
DA:435,0
DA:438,0
DA:439,0
DA:440,0
DA:444,0
DA:445,0
DA:447,0
DA:449,0
DA:451,0
DA:452,0
LF:189
LH:75
BRDA:12,0,0,1
BRDA:12,0,1,1
BRDA:18,1,0,0
BRDA:18,1,1,1
BRDA:33,2,0,1
BRDA:33,2,1,0
BRDA:36,3,0,1
BRDA:36,3,1,1
BRDA:47,4,0,1
BRDA:47,4,1,1
BRDA:49,5,0,1
BRDA:49,5,1,1
BRDA:86,6,0,1
BRDA:86,6,1,1
BRDA:100,7,0,0
BRDA:100,7,1,0
BRDA:103,8,0,0
BRDA:103,8,1,0
BRDA:103,9,0,0
BRDA:103,9,1,0
BRDA:108,10,0,0
BRDA:108,10,1,0
BRDA:127,11,0,0
BRDA:127,11,1,3
BRDA:135,12,0,1
BRDA:135,12,1,2
BRDA:140,13,0,1
BRDA:140,13,1,1
BRDA:140,14,0,2
BRDA:140,14,1,2
BRDA:145,15,0,1
BRDA:145,15,1,0
BRDA:146,16,0,1
BRDA:146,16,1,0
BRDA:147,17,0,1
BRDA:147,17,1,0
BRDA:148,18,0,0
BRDA:148,18,1,1
BRDA:151,19,0,0
BRDA:151,19,1,1
BRDA:152,20,0,0
BRDA:152,20,1,0
BRDA:153,21,0,0
BRDA:153,21,1,0
BRDA:154,22,0,0
BRDA:154,22,1,0
BRDA:155,23,0,0
BRDA:155,23,1,0
BRDA:156,24,0,0
BRDA:156,24,1,0
BRDA:157,25,0,0
BRDA:157,25,1,0
BRDA:163,26,0,0
BRDA:163,26,1,1
BRDA:164,27,0,0
BRDA:164,27,1,0
BRDA:165,28,0,0
BRDA:165,28,1,0
BRDA:166,29,0,0
BRDA:166,29,1,0
BRDA:170,30,0,0
BRDA:170,30,1,1
BRDA:171,31,0,0
BRDA:171,31,1,0
BRDA:172,32,0,0
BRDA:172,32,1,0
BRDA:173,33,0,0
BRDA:173,33,1,0
BRDA:201,34,0,4
BRDA:202,35,0,3
BRDA:203,36,0,3
BRDA:204,37,0,4
BRDA:210,38,0,1
BRDA:210,38,1,3
BRDA:214,39,0,1
BRDA:214,39,1,3
BRDA:218,40,0,0
BRDA:218,40,1,4
BRDA:222,41,0,0
BRDA:222,41,1,4
BRDA:226,42,0,0
BRDA:226,42,1,4
BRDA:231,43,0,0
BRDA:231,43,1,4
BRDA:231,44,0,4
BRDA:231,44,1,0
BRDA:248,45,0,4
BRDA:248,45,1,0
BRDA:248,45,2,0
BRDA:248,45,3,0
BRDA:248,45,4,0
BRDA:273,46,0,0
BRDA:273,46,1,4
BRDA:287,47,0,0
BRDA:287,47,1,0
BRDA:291,48,0,0
BRDA:291,48,1,0
BRDA:295,49,0,0
BRDA:295,49,1,0
BRDA:303,50,0,0
BRDA:303,50,1,4
BRDA:318,51,0,0
BRDA:340,52,0,0
BRDA:340,52,1,0
BRDA:345,53,0,0
BRDA:345,53,1,0
BRDA:345,54,0,0
BRDA:345,54,1,0
BRDA:354,55,0,0
BRDA:354,55,1,0
BRDA:367,56,0,0
BRDA:367,56,1,0
BRDA:375,57,0,0
BRDA:375,57,1,0
BRDA:384,58,0,0
BRDA:384,58,1,0
BRDA:400,59,0,0
BRDA:400,59,1,0
BRDA:405,60,0,0
BRDA:405,60,1,0
BRDA:405,61,0,0
BRDA:405,61,1,0
BRDA:439,62,0,0
BRDA:439,62,1,0
BRDA:444,63,0,0
BRDA:444,63,1,0
BRDA:445,64,0,0
BRDA:445,64,1,0
BRF:128
BRH:42
end_of_record
TN:
SF:middleware/auth.js
FN:5,(anonymous_0)
FN:29,(anonymous_1)
FN:30,(anonymous_2)
FN:39,(anonymous_3)
FNF:4
FNH:3
FNDA:48,(anonymous_0)
FNDA:33,(anonymous_1)
FNDA:35,(anonymous_2)
FNDA:0,(anonymous_3)
DA:1,3
DA:2,3
DA:5,3
DA:7,48
DA:8,48
DA:11,48
DA:12,10
DA:15,38
DA:17,38
DA:20,38
DA:21,38
DA:23,0
DA:24,0
DA:29,3
DA:30,33
DA:31,35
DA:32,2
DA:34,33
DA:39,3
DA:40,0
DA:41,0
DA:44,0
DA:45,0
DA:49,0
DA:50,0
DA:52,0
DA:53,0
DA:57,0
DA:58,0
DA:59,0
DA:62,0
DA:64,0
DA:65,0
LF:33
LH:17
BRDA:8,0,0,48
BRDA:8,0,1,38
BRDA:11,1,0,10
BRDA:11,1,1,38
BRDA:31,2,0,2
BRDA:31,2,1,33
BRDA:31,3,0,35
BRDA:31,3,1,35
BRDA:41,4,0,0
BRDA:41,4,1,0
BRDA:41,4,2,0
BRDA:44,5,0,0
BRDA:44,5,1,0
BRDA:52,6,0,0
BRDA:52,6,1,0
BRDA:57,7,0,0
BRDA:57,7,1,0
BRDA:57,8,0,0
BRDA:57,8,1,0
BRF:19
BRH:8
end_of_record
TN:
SF:models/BusinessHours.js
FNF:0
FNH:0
DA:1,3
DA:3,3
DA:14,3
DA:92,3
DA:94,3
LF:5
LH:5
BRF:0
BRH:0
end_of_record
TN:
SF:models/MenuItem.js
FNF:0
FNH:0
DA:1,4
DA:3,4
DA:31,4
DA:100,4
DA:102,4
LF:5
LH:5
BRF:0
BRH:0
end_of_record
TN:
SF:models/Restaurant.js
FNF:0
FNH:0
DA:1,5
DA:3,5
DA:115,5
DA:117,5
DA:119,5
LF:5
LH:5
BRF:0
BRH:0
end_of_record
TN:
SF:routes/availabilityRoutes.js
FNF:0
FNH:0
DA:1,3
DA:2,3
DA:3,3
DA:4,3
DA:6,3
DA:9,3
DA:12,3
DA:20,3
DA:23,3
DA:36,3
DA:44,3
DA:52,3
LF:12
LH:12
BRF:0
BRH:0
end_of_record
TN:
SF:routes/menuRoutes.js
FNF:0
FNH:0
DA:1,3
DA:2,3
DA:3,3
DA:4,3
DA:6,3
DA:12,3
DA:15,3
DA:18,3
DA:21,3
DA:24,3
DA:38,3
DA:51,3
DA:54,3
DA:64,3
LF:14
LH:14
BRF:0
BRH:0
end_of_record
TN:
SF:routes/restaurantRoutes.js
FNF:0
FNH:0
DA:1,3
DA:2,3
DA:3,3
DA:4,3
DA:6,3
DA:9,3
DA:10,3
DA:11,3
DA:14,3
DA:17,3
DA:35,3
DA:36,3
DA:39,3
DA:50,3
DA:58,3
DA:61,3
DA:63,3
LF:17
LH:17
BRF:0
BRH:0
end_of_record
TN:
SF:utils/logger.js
FNF:0
FNH:0
DA:1,3
DA:4,3
DA:12,3
DA:25,3
DA:26,3
DA:33,3
LF:6
LH:6
BRDA:13,0,0,3
BRDA:13,0,1,3
BRDA:25,1,0,3
BRDA:25,1,1,0
BRF:4
BRH:3
end_of_record
