{"/Users/kavishkasashmitha/Documents/3Y2SEM/AF/ds_test/backend/order-service/controllers/orderController.js": {"path":"/Users/kavishkasashmitha/Documents/3Y2SEM/AF/ds_test/backend/order-service/controllers/orderController.js","statementMap":{"0":{"start":{"line":1,"column":29},"end":{"line":1,"column":57}},"1":{"start":{"line":2,"column":14},"end":{"line":2,"column":30}},"2":{"start":{"line":3,"column":14},"end":{"line":3,"column":40}},"3":{"start":{"line":4,"column":16},"end":{"line":4,"column":44}},"4":{"start":{"line":5,"column":15},"end":{"line":5,"column":41}},"5":{"start":{"line":8,"column":0},"end":{"line":101,"column":1}},"6":{"start":{"line":9,"column":2},"end":{"line":100,"column":3}},"7":{"start":{"line":11,"column":19},"end":{"line":11,"column":40}},"8":{"start":{"line":12,"column":4},"end":{"line":14,"column":5}},"9":{"start":{"line":13,"column":6},"end":{"line":13,"column":61}},"10":{"start":{"line":28,"column":8},"end":{"line":28,"column":16}},"11":{"start":{"line":31,"column":27},"end":{"line":39,"column":6}},"12":{"start":{"line":33,"column":34},"end":{"line":33,"column":78}},"13":{"start":{"line":35,"column":6},"end":{"line":38,"column":8}},"14":{"start":{"line":42,"column":18},"end":{"line":55,"column":6}},"15":{"start":{"line":57,"column":4},"end":{"line":57,"column":22}},"16":{"start":{"line":60,"column":20},"end":{"line":66,"column":6}},"17":{"start":{"line":68,"column":4},"end":{"line":68,"column":24}},"18":{"start":{"line":71,"column":4},"end":{"line":74,"column":5}},"19":{"start":{"line":72,"column":6},"end":{"line":72,"column":39}},"20":{"start":{"line":73,"column":6},"end":{"line":73,"column":24}},"21":{"start":{"line":77,"column":4},"end":{"line":90,"column":5}},"22":{"start":{"line":78,"column":6},"end":{"line":86,"column":7}},"23":{"start":{"line":88,"column":6},"end":{"line":88,"column":75}},"24":{"start":{"line":92,"column":4},"end":{"line":96,"column":6}},"25":{"start":{"line":98,"column":4},"end":{"line":98,"column":56}},"26":{"start":{"line":99,"column":4},"end":{"line":99,"column":75}},"27":{"start":{"line":104,"column":0},"end":{"line":133,"column":1}},"28":{"start":{"line":105,"column":2},"end":{"line":132,"column":3}},"29":{"start":{"line":106,"column":19},"end":{"line":106,"column":29}},"30":{"start":{"line":108,"column":18},"end":{"line":108,"column":42}},"31":{"start":{"line":109,"column":4},"end":{"line":111,"column":5}},"32":{"start":{"line":110,"column":6},"end":{"line":110,"column":65}},"33":{"start":{"line":114,"column":4},"end":{"line":123,"column":5}},"34":{"start":{"line":122,"column":6},"end":{"line":122,"column":83}},"35":{"start":{"line":126,"column":20},"end":{"line":126,"column":58}},"36":{"start":{"line":128,"column":4},"end":{"line":128,"column":44}},"37":{"start":{"line":130,"column":4},"end":{"line":130,"column":53}},"38":{"start":{"line":131,"column":4},"end":{"line":131,"column":75}},"39":{"start":{"line":136,"column":0},"end":{"line":174,"column":1}},"40":{"start":{"line":137,"column":2},"end":{"line":173,"column":3}},"41":{"start":{"line":138,"column":23},"end":{"line":138,"column":59}},"42":{"start":{"line":139,"column":45},"end":{"line":139,"column":54}},"43":{"start":{"line":142,"column":4},"end":{"line":144,"column":5}},"44":{"start":{"line":143,"column":6},"end":{"line":143,"column":85}},"45":{"start":{"line":147,"column":18},"end":{"line":147,"column":32}},"46":{"start":{"line":148,"column":4},"end":{"line":150,"column":5}},"47":{"start":{"line":149,"column":6},"end":{"line":149,"column":27}},"48":{"start":{"line":153,"column":17},"end":{"line":153,"column":69}},"49":{"start":{"line":156,"column":19},"end":{"line":156,"column":107}},"50":{"start":{"line":159,"column":18},"end":{"line":159,"column":51}},"51":{"start":{"line":161,"column":4},"end":{"line":169,"column":6}},"52":{"start":{"line":171,"column":4},"end":{"line":171,"column":63}},"53":{"start":{"line":172,"column":4},"end":{"line":172,"column":75}},"54":{"start":{"line":177,"column":0},"end":{"line":221,"column":1}},"55":{"start":{"line":178,"column":2},"end":{"line":220,"column":3}},"56":{"start":{"line":179,"column":29},"end":{"line":179,"column":39}},"57":{"start":{"line":180,"column":46},"end":{"line":180,"column":55}},"58":{"start":{"line":183,"column":4},"end":{"line":185,"column":5}},"59":{"start":{"line":184,"column":6},"end":{"line":184,"column":85}},"60":{"start":{"line":188,"column":4},"end":{"line":191,"column":5}},"61":{"start":{"line":194,"column":18},"end":{"line":194,"column":34}},"62":{"start":{"line":195,"column":4},"end":{"line":197,"column":5}},"63":{"start":{"line":196,"column":6},"end":{"line":196,"column":27}},"64":{"start":{"line":200,"column":17},"end":{"line":200,"column":69}},"65":{"start":{"line":203,"column":19},"end":{"line":203,"column":107}},"66":{"start":{"line":206,"column":18},"end":{"line":206,"column":51}},"67":{"start":{"line":208,"column":4},"end":{"line":216,"column":6}},"68":{"start":{"line":218,"column":4},"end":{"line":218,"column":65}},"69":{"start":{"line":219,"column":4},"end":{"line":219,"column":75}},"70":{"start":{"line":224,"column":0},"end":{"line":277,"column":1}},"71":{"start":{"line":225,"column":2},"end":{"line":276,"column":3}},"72":{"start":{"line":226,"column":29},"end":{"line":226,"column":71}},"73":{"start":{"line":227,"column":45},"end":{"line":227,"column":54}},"74":{"start":{"line":230,"column":4},"end":{"line":232,"column":5}},"75":{"start":{"line":231,"column":6},"end":{"line":231,"column":85}},"76":{"start":{"line":235,"column":4},"end":{"line":237,"column":5}},"77":{"start":{"line":236,"column":6},"end":{"line":236,"column":104}},"78":{"start":{"line":240,"column":18},"end":{"line":240,"column":38}},"79":{"start":{"line":243,"column":4},"end":{"line":250,"column":5}},"80":{"start":{"line":244,"column":6},"end":{"line":244,"column":27}},"81":{"start":{"line":247,"column":6},"end":{"line":249,"column":7}},"82":{"start":{"line":253,"column":17},"end":{"line":253,"column":69}},"83":{"start":{"line":256,"column":19},"end":{"line":259,"column":36}},"84":{"start":{"line":262,"column":18},"end":{"line":262,"column":51}},"85":{"start":{"line":264,"column":4},"end":{"line":272,"column":6}},"86":{"start":{"line":274,"column":4},"end":{"line":274,"column":70}},"87":{"start":{"line":275,"column":4},"end":{"line":275,"column":75}},"88":{"start":{"line":280,"column":0},"end":{"line":359,"column":1}},"89":{"start":{"line":281,"column":2},"end":{"line":358,"column":3}},"90":{"start":{"line":282,"column":19},"end":{"line":282,"column":29}},"91":{"start":{"line":283,"column":23},"end":{"line":283,"column":31}},"92":{"start":{"line":285,"column":18},"end":{"line":285,"column":42}},"93":{"start":{"line":286,"column":4},"end":{"line":288,"column":5}},"94":{"start":{"line":287,"column":6},"end":{"line":287,"column":65}},"95":{"start":{"line":291,"column":4},"end":{"line":293,"column":5}},"96":{"start":{"line":292,"column":6},"end":{"line":292,"column":85}},"97":{"start":{"line":295,"column":4},"end":{"line":297,"column":5}},"98":{"start":{"line":296,"column":6},"end":{"line":296,"column":85}},"99":{"start":{"line":299,"column":4},"end":{"line":301,"column":5}},"100":{"start":{"line":300,"column":6},"end":{"line":300,"column":85}},"101":{"start":{"line":304,"column":29},"end":{"line":312,"column":5}},"102":{"start":{"line":314,"column":4},"end":{"line":319,"column":5}},"103":{"start":{"line":315,"column":6},"end":{"line":318,"column":8}},"104":{"start":{"line":322,"column":4},"end":{"line":322,"column":25}},"105":{"start":{"line":323,"column":4},"end":{"line":323,"column":32}},"106":{"start":{"line":326,"column":4},"end":{"line":328,"column":5}},"107":{"start":{"line":327,"column":6},"end":{"line":327,"column":43}},"108":{"start":{"line":330,"column":4},"end":{"line":330,"column":22}},"109":{"start":{"line":333,"column":4},"end":{"line":349,"column":5}},"110":{"start":{"line":334,"column":22},"end":{"line":334,"column":60}},"111":{"start":{"line":335,"column":6},"end":{"line":348,"column":7}},"112":{"start":{"line":337,"column":8},"end":{"line":337,"column":35}},"113":{"start":{"line":338,"column":8},"end":{"line":338,"column":45}},"114":{"start":{"line":339,"column":8},"end":{"line":339,"column":48}},"115":{"start":{"line":340,"column":8},"end":{"line":340,"column":38}},"116":{"start":{"line":341,"column":8},"end":{"line":341,"column":28}},"117":{"start":{"line":344,"column":8},"end":{"line":344,"column":40}},"118":{"start":{"line":345,"column":8},"end":{"line":345,"column":40}},"119":{"start":{"line":346,"column":8},"end":{"line":346,"column":46}},"120":{"start":{"line":347,"column":8},"end":{"line":347,"column":26}},"121":{"start":{"line":351,"column":4},"end":{"line":354,"column":6}},"122":{"start":{"line":356,"column":4},"end":{"line":356,"column":63}},"123":{"start":{"line":357,"column":4},"end":{"line":357,"column":75}},"124":{"start":{"line":362,"column":0},"end":{"line":406,"column":1}},"125":{"start":{"line":363,"column":2},"end":{"line":405,"column":3}},"126":{"start":{"line":364,"column":19},"end":{"line":364,"column":29}},"127":{"start":{"line":365,"column":33},"end":{"line":365,"column":41}},"128":{"start":{"line":367,"column":18},"end":{"line":367,"column":42}},"129":{"start":{"line":368,"column":4},"end":{"line":370,"column":5}},"130":{"start":{"line":369,"column":6},"end":{"line":369,"column":65}},"131":{"start":{"line":373,"column":4},"end":{"line":375,"column":5}},"132":{"start":{"line":374,"column":6},"end":{"line":374,"column":90}},"133":{"start":{"line":378,"column":4},"end":{"line":378,"column":45}},"134":{"start":{"line":379,"column":4},"end":{"line":379,"column":32}},"135":{"start":{"line":380,"column":4},"end":{"line":380,"column":22}},"136":{"start":{"line":383,"column":4},"end":{"line":396,"column":5}},"137":{"start":{"line":384,"column":6},"end":{"line":392,"column":7}},"138":{"start":{"line":394,"column":6},"end":{"line":394,"column":73}},"139":{"start":{"line":398,"column":4},"end":{"line":401,"column":6}},"140":{"start":{"line":403,"column":4},"end":{"line":403,"column":66}},"141":{"start":{"line":404,"column":4},"end":{"line":404,"column":75}},"142":{"start":{"line":409,"column":0},"end":{"line":442,"column":1}},"143":{"start":{"line":410,"column":2},"end":{"line":441,"column":3}},"144":{"start":{"line":411,"column":19},"end":{"line":411,"column":29}},"145":{"start":{"line":412,"column":38},"end":{"line":412,"column":46}},"146":{"start":{"line":414,"column":18},"end":{"line":414,"column":42}},"147":{"start":{"line":415,"column":4},"end":{"line":417,"column":5}},"148":{"start":{"line":416,"column":6},"end":{"line":416,"column":65}},"149":{"start":{"line":420,"column":4},"end":{"line":427,"column":5}},"150":{"start":{"line":426,"column":6},"end":{"line":426,"column":87}},"151":{"start":{"line":430,"column":4},"end":{"line":430,"column":65}},"152":{"start":{"line":431,"column":4},"end":{"line":431,"column":32}},"153":{"start":{"line":432,"column":4},"end":{"line":432,"column":22}},"154":{"start":{"line":434,"column":4},"end":{"line":437,"column":6}},"155":{"start":{"line":439,"column":4},"end":{"line":439,"column":63}},"156":{"start":{"line":440,"column":4},"end":{"line":440,"column":75}},"157":{"start":{"line":445,"column":0},"end":{"line":503,"column":1}},"158":{"start":{"line":446,"column":2},"end":{"line":502,"column":3}},"159":{"start":{"line":447,"column":19},"end":{"line":447,"column":29}},"160":{"start":{"line":448,"column":23},"end":{"line":448,"column":31}},"161":{"start":{"line":450,"column":18},"end":{"line":450,"column":42}},"162":{"start":{"line":451,"column":4},"end":{"line":453,"column":5}},"163":{"start":{"line":452,"column":6},"end":{"line":452,"column":65}},"164":{"start":{"line":456,"column":32},"end":{"line":456,"column":69}},"165":{"start":{"line":457,"column":4},"end":{"line":462,"column":5}},"166":{"start":{"line":458,"column":6},"end":{"line":461,"column":8}},"167":{"start":{"line":465,"column":4},"end":{"line":471,"column":5}},"168":{"start":{"line":470,"column":6},"end":{"line":470,"column":85}},"169":{"start":{"line":474,"column":4},"end":{"line":474,"column":30}},"170":{"start":{"line":475,"column":4},"end":{"line":475,"column":68}},"171":{"start":{"line":476,"column":4},"end":{"line":476,"column":32}},"172":{"start":{"line":477,"column":4},"end":{"line":477,"column":22}},"173":{"start":{"line":480,"column":20},"end":{"line":480,"column":58}},"174":{"start":{"line":481,"column":4},"end":{"line":493,"column":5}},"175":{"start":{"line":483,"column":6},"end":{"line":483,"column":33}},"176":{"start":{"line":484,"column":6},"end":{"line":484,"column":43}},"177":{"start":{"line":485,"column":6},"end":{"line":485,"column":47}},"178":{"start":{"line":486,"column":6},"end":{"line":486,"column":36}},"179":{"start":{"line":487,"column":6},"end":{"line":487,"column":26}},"180":{"start":{"line":490,"column":6},"end":{"line":490,"column":38}},"181":{"start":{"line":491,"column":6},"end":{"line":491,"column":38}},"182":{"start":{"line":492,"column":6},"end":{"line":492,"column":24}},"183":{"start":{"line":495,"column":4},"end":{"line":498,"column":6}},"184":{"start":{"line":500,"column":4},"end":{"line":500,"column":56}},"185":{"start":{"line":501,"column":4},"end":{"line":501,"column":75}},"186":{"start":{"line":506,"column":0},"end":{"line":578,"column":1}},"187":{"start":{"line":507,"column":2},"end":{"line":577,"column":3}},"188":{"start":{"line":509,"column":4},"end":{"line":511,"column":5}},"189":{"start":{"line":510,"column":6},"end":{"line":510,"column":88}},"190":{"start":{"line":514,"column":24},"end":{"line":514,"column":52}},"191":{"start":{"line":517,"column":27},"end":{"line":524,"column":6}},"192":{"start":{"line":527,"column":20},"end":{"line":539,"column":6}},"193":{"start":{"line":542,"column":25},"end":{"line":542,"column":35}},"194":{"start":{"line":543,"column":4},"end":{"line":543,"column":52}},"195":{"start":{"line":545,"column":24},"end":{"line":563,"column":6}},"196":{"start":{"line":565,"column":4},"end":{"line":573,"column":6}},"197":{"start":{"line":568,"column":8},"end":{"line":568,"column":34}},"198":{"start":{"line":569,"column":8},"end":{"line":569,"column":18}},"199":{"start":{"line":575,"column":4},"end":{"line":575,"column":64}},"200":{"start":{"line":576,"column":4},"end":{"line":576,"column":75}},"201":{"start":{"line":581,"column":0},"end":{"line":623,"column":2}},"202":{"start":{"line":582,"column":2},"end":{"line":622,"column":3}},"203":{"start":{"line":583,"column":53},"end":{"line":583,"column":62}},"204":{"start":{"line":586,"column":4},"end":{"line":588,"column":5}},"205":{"start":{"line":587,"column":6},"end":{"line":587,"column":99}},"206":{"start":{"line":591,"column":16},"end":{"line":591,"column":32}},"207":{"start":{"line":592,"column":16},"end":{"line":592,"column":33}},"208":{"start":{"line":593,"column":21},"end":{"line":593,"column":40}},"209":{"start":{"line":596,"column":19},"end":{"line":610,"column":27}},"210":{"start":{"line":615,"column":4},"end":{"line":618,"column":7}},"211":{"start":{"line":620,"column":4},"end":{"line":620,"column":62}},"212":{"start":{"line":621,"column":4},"end":{"line":621,"column":76}},"213":{"start":{"line":626,"column":0},"end":{"line":692,"column":2}},"214":{"start":{"line":627,"column":2},"end":{"line":691,"column":3}},"215":{"start":{"line":640,"column":8},"end":{"line":640,"column":17}},"216":{"start":{"line":643,"column":18},"end":{"line":643,"column":20}},"217":{"start":{"line":644,"column":4},"end":{"line":644,"column":50}},"218":{"start":{"line":644,"column":20},"end":{"line":644,"column":50}},"219":{"start":{"line":645,"column":4},"end":{"line":645,"column":56}},"220":{"start":{"line":645,"column":22},"end":{"line":645,"column":56}},"221":{"start":{"line":646,"column":4},"end":{"line":646,"column":68}},"222":{"start":{"line":646,"column":26},"end":{"line":646,"column":68}},"223":{"start":{"line":647,"column":4},"end":{"line":647,"column":38}},"224":{"start":{"line":647,"column":16},"end":{"line":647,"column":38}},"225":{"start":{"line":650,"column":4},"end":{"line":654,"column":5}},"226":{"start":{"line":651,"column":6},"end":{"line":651,"column":27}},"227":{"start":{"line":652,"column":6},"end":{"line":652,"column":62}},"228":{"start":{"line":652,"column":20},"end":{"line":652,"column":62}},"229":{"start":{"line":653,"column":6},"end":{"line":653,"column":58}},"230":{"start":{"line":653,"column":18},"end":{"line":653,"column":58}},"231":{"start":{"line":657,"column":4},"end":{"line":661,"column":5}},"232":{"start":{"line":658,"column":6},"end":{"line":658,"column":23}},"233":{"start":{"line":659,"column":6},"end":{"line":659,"column":56}},"234":{"start":{"line":659,"column":20},"end":{"line":659,"column":56}},"235":{"start":{"line":660,"column":6},"end":{"line":660,"column":56}},"236":{"start":{"line":660,"column":20},"end":{"line":660,"column":56}},"237":{"start":{"line":664,"column":39},"end":{"line":664,"column":54}},"238":{"start":{"line":665,"column":24},"end":{"line":665,"column":72}},"239":{"start":{"line":668,"column":17},"end":{"line":668,"column":69}},"240":{"start":{"line":671,"column":19},"end":{"line":674,"column":36}},"241":{"start":{"line":677,"column":18},"end":{"line":677,"column":51}},"242":{"start":{"line":679,"column":4},"end":{"line":687,"column":7}},"243":{"start":{"line":689,"column":4},"end":{"line":689,"column":58}},"244":{"start":{"line":690,"column":4},"end":{"line":690,"column":76}},"245":{"start":{"line":695,"column":0},"end":{"line":754,"column":2}},"246":{"start":{"line":696,"column":2},"end":{"line":753,"column":3}},"247":{"start":{"line":697,"column":19},"end":{"line":697,"column":29}},"248":{"start":{"line":700,"column":4},"end":{"line":702,"column":5}},"249":{"start":{"line":701,"column":6},"end":{"line":701,"column":92}},"250":{"start":{"line":704,"column":18},"end":{"line":704,"column":42}},"251":{"start":{"line":705,"column":4},"end":{"line":707,"column":5}},"252":{"start":{"line":706,"column":6},"end":{"line":706,"column":66}},"253":{"start":{"line":710,"column":4},"end":{"line":714,"column":5}},"254":{"start":{"line":711,"column":6},"end":{"line":713,"column":9}},"255":{"start":{"line":717,"column":4},"end":{"line":719,"column":5}},"256":{"start":{"line":718,"column":6},"end":{"line":718,"column":97}},"257":{"start":{"line":722,"column":4},"end":{"line":722,"column":41}},"258":{"start":{"line":723,"column":4},"end":{"line":723,"column":38}},"259":{"start":{"line":724,"column":4},"end":{"line":724,"column":33}},"260":{"start":{"line":725,"column":4},"end":{"line":725,"column":23}},"261":{"start":{"line":728,"column":4},"end":{"line":744,"column":5}},"262":{"start":{"line":729,"column":6},"end":{"line":740,"column":8}},"263":{"start":{"line":742,"column":6},"end":{"line":742,"column":74}},"264":{"start":{"line":746,"column":4},"end":{"line":749,"column":7}},"265":{"start":{"line":751,"column":4},"end":{"line":751,"column":57}},"266":{"start":{"line":752,"column":4},"end":{"line":752,"column":76}},"267":{"start":{"line":757,"column":0},"end":{"line":797,"column":2}},"268":{"start":{"line":758,"column":2},"end":{"line":796,"column":3}},"269":{"start":{"line":760,"column":4},"end":{"line":762,"column":5}},"270":{"start":{"line":761,"column":6},"end":{"line":761,"column":109}},"271":{"start":{"line":764,"column":37},"end":{"line":764,"column":46}},"272":{"start":{"line":767,"column":17},"end":{"line":767,"column":69}},"273":{"start":{"line":770,"column":18},"end":{"line":773,"column":5}},"274":{"start":{"line":775,"column":19},"end":{"line":779,"column":36}},"275":{"start":{"line":782,"column":18},"end":{"line":782,"column":51}},"276":{"start":{"line":784,"column":4},"end":{"line":792,"column":7}},"277":{"start":{"line":794,"column":4},"end":{"line":794,"column":72}},"278":{"start":{"line":795,"column":4},"end":{"line":795,"column":76}}},"fnMap":{"0":{"name":"(anonymous_0)","decl":{"start":{"line":8,"column":22},"end":{"line":8,"column":23}},"loc":{"start":{"line":8,"column":42},"end":{"line":101,"column":1}},"line":8},"1":{"name":"(anonymous_1)","decl":{"start":{"line":31,"column":37},"end":{"line":31,"column":38}},"loc":{"start":{"line":31,"column":45},"end":{"line":39,"column":5}},"line":31},"2":{"name":"(anonymous_2)","decl":{"start":{"line":104,"column":23},"end":{"line":104,"column":24}},"loc":{"start":{"line":104,"column":43},"end":{"line":133,"column":1}},"line":104},"3":{"name":"(anonymous_3)","decl":{"start":{"line":136,"column":30},"end":{"line":136,"column":31}},"loc":{"start":{"line":136,"column":50},"end":{"line":174,"column":1}},"line":136},"4":{"name":"(anonymous_4)","decl":{"start":{"line":177,"column":32},"end":{"line":177,"column":33}},"loc":{"start":{"line":177,"column":52},"end":{"line":221,"column":1}},"line":177},"5":{"name":"(anonymous_5)","decl":{"start":{"line":224,"column":36},"end":{"line":224,"column":37}},"loc":{"start":{"line":224,"column":56},"end":{"line":277,"column":1}},"line":224},"6":{"name":"(anonymous_6)","decl":{"start":{"line":280,"column":28},"end":{"line":280,"column":29}},"loc":{"start":{"line":280,"column":48},"end":{"line":359,"column":1}},"line":280},"7":{"name":"(anonymous_7)","decl":{"start":{"line":362,"column":31},"end":{"line":362,"column":32}},"loc":{"start":{"line":362,"column":51},"end":{"line":406,"column":1}},"line":362},"8":{"name":"(anonymous_8)","decl":{"start":{"line":409,"column":28},"end":{"line":409,"column":29}},"loc":{"start":{"line":409,"column":48},"end":{"line":442,"column":1}},"line":409},"9":{"name":"(anonymous_9)","decl":{"start":{"line":445,"column":22},"end":{"line":445,"column":23}},"loc":{"start":{"line":445,"column":42},"end":{"line":503,"column":1}},"line":445},"10":{"name":"(anonymous_10)","decl":{"start":{"line":506,"column":29},"end":{"line":506,"column":30}},"loc":{"start":{"line":506,"column":49},"end":{"line":578,"column":1}},"line":506},"11":{"name":"(anonymous_11)","decl":{"start":{"line":567,"column":44},"end":{"line":567,"column":45}},"loc":{"start":{"line":567,"column":59},"end":{"line":570,"column":7}},"line":567},"12":{"name":"(anonymous_12)","decl":{"start":{"line":581,"column":26},"end":{"line":581,"column":27}},"loc":{"start":{"line":581,"column":46},"end":{"line":623,"column":1}},"line":581},"13":{"name":"(anonymous_13)","decl":{"start":{"line":626,"column":23},"end":{"line":626,"column":24}},"loc":{"start":{"line":626,"column":43},"end":{"line":692,"column":1}},"line":626},"14":{"name":"(anonymous_14)","decl":{"start":{"line":695,"column":22},"end":{"line":695,"column":23}},"loc":{"start":{"line":695,"column":42},"end":{"line":754,"column":1}},"line":695},"15":{"name":"(anonymous_15)","decl":{"start":{"line":757,"column":34},"end":{"line":757,"column":35}},"loc":{"start":{"line":757,"column":54},"end":{"line":797,"column":1}},"line":757}},"branchMap":{"0":{"loc":{"start":{"line":12,"column":4},"end":{"line":14,"column":5}},"type":"if","locations":[{"start":{"line":12,"column":4},"end":{"line":14,"column":5}},{"start":{},"end":{}}],"line":12},"1":{"loc":{"start":{"line":49,"column":11},"end":{"line":49,"column":19}},"type":"binary-expr","locations":[{"start":{"line":49,"column":11},"end":{"line":49,"column":14}},{"start":{"line":49,"column":18},"end":{"line":49,"column":19}}],"line":49},"2":{"loc":{"start":{"line":65,"column":14},"end":{"line":65,"column":64}},"type":"cond-expr","locations":[{"start":{"line":65,"column":41},"end":{"line":65,"column":50}},{"start":{"line":65,"column":53},"end":{"line":65,"column":64}}],"line":65},"3":{"loc":{"start":{"line":71,"column":4},"end":{"line":74,"column":5}},"type":"if","locations":[{"start":{"line":71,"column":4},"end":{"line":74,"column":5}},{"start":{},"end":{}}],"line":71},"4":{"loc":{"start":{"line":109,"column":4},"end":{"line":111,"column":5}},"type":"if","locations":[{"start":{"line":109,"column":4},"end":{"line":111,"column":5}},{"start":{},"end":{}}],"line":109},"5":{"loc":{"start":{"line":114,"column":4},"end":{"line":123,"column":5}},"type":"if","locations":[{"start":{"line":114,"column":4},"end":{"line":123,"column":5}},{"start":{},"end":{}}],"line":114},"6":{"loc":{"start":{"line":115,"column":6},"end":{"line":120,"column":56}},"type":"binary-expr","locations":[{"start":{"line":115,"column":6},"end":{"line":115,"column":31}},{"start":{"line":116,"column":6},"end":{"line":116,"column":49}},{"start":{"line":117,"column":6},"end":{"line":117,"column":36}},{"start":{"line":118,"column":6},"end":{"line":118,"column":51}},{"start":{"line":119,"column":6},"end":{"line":119,"column":34}},{"start":{"line":120,"column":6},"end":{"line":120,"column":56}}],"line":115},"7":{"loc":{"start":{"line":138,"column":23},"end":{"line":138,"column":59}},"type":"binary-expr","locations":[{"start":{"line":138,"column":23},"end":{"line":138,"column":44}},{"start":{"line":138,"column":48},"end":{"line":138,"column":59}}],"line":138},"8":{"loc":{"start":{"line":139,"column":20},"end":{"line":139,"column":28}},"type":"default-arg","locations":[{"start":{"line":139,"column":27},"end":{"line":139,"column":28}}],"line":139},"9":{"loc":{"start":{"line":139,"column":30},"end":{"line":139,"column":40}},"type":"default-arg","locations":[{"start":{"line":139,"column":38},"end":{"line":139,"column":40}}],"line":139},"10":{"loc":{"start":{"line":142,"column":4},"end":{"line":144,"column":5}},"type":"if","locations":[{"start":{"line":142,"column":4},"end":{"line":144,"column":5}},{"start":{},"end":{}}],"line":142},"11":{"loc":{"start":{"line":142,"column":8},"end":{"line":142,"column":63}},"type":"binary-expr","locations":[{"start":{"line":142,"column":8},"end":{"line":142,"column":33}},{"start":{"line":142,"column":37},"end":{"line":142,"column":63}}],"line":142},"12":{"loc":{"start":{"line":148,"column":4},"end":{"line":150,"column":5}},"type":"if","locations":[{"start":{"line":148,"column":4},"end":{"line":150,"column":5}},{"start":{},"end":{}}],"line":148},"13":{"loc":{"start":{"line":180,"column":20},"end":{"line":180,"column":28}},"type":"default-arg","locations":[{"start":{"line":180,"column":27},"end":{"line":180,"column":28}}],"line":180},"14":{"loc":{"start":{"line":180,"column":30},"end":{"line":180,"column":41}},"type":"default-arg","locations":[{"start":{"line":180,"column":38},"end":{"line":180,"column":41}}],"line":180},"15":{"loc":{"start":{"line":183,"column":4},"end":{"line":185,"column":5}},"type":"if","locations":[{"start":{"line":183,"column":4},"end":{"line":185,"column":5}},{"start":{},"end":{}}],"line":183},"16":{"loc":{"start":{"line":183,"column":8},"end":{"line":183,"column":67}},"type":"binary-expr","locations":[{"start":{"line":183,"column":8},"end":{"line":183,"column":33}},{"start":{"line":183,"column":37},"end":{"line":183,"column":67}}],"line":183},"17":{"loc":{"start":{"line":188,"column":4},"end":{"line":191,"column":5}},"type":"if","locations":[{"start":{"line":188,"column":4},"end":{"line":191,"column":5}},{"start":{},"end":{}}],"line":188},"18":{"loc":{"start":{"line":195,"column":4},"end":{"line":197,"column":5}},"type":"if","locations":[{"start":{"line":195,"column":4},"end":{"line":197,"column":5}},{"start":{},"end":{}}],"line":195},"19":{"loc":{"start":{"line":226,"column":29},"end":{"line":226,"column":71}},"type":"binary-expr","locations":[{"start":{"line":226,"column":29},"end":{"line":226,"column":56}},{"start":{"line":226,"column":60},"end":{"line":226,"column":71}}],"line":226},"20":{"loc":{"start":{"line":227,"column":20},"end":{"line":227,"column":28}},"type":"default-arg","locations":[{"start":{"line":227,"column":27},"end":{"line":227,"column":28}}],"line":227},"21":{"loc":{"start":{"line":227,"column":30},"end":{"line":227,"column":40}},"type":"default-arg","locations":[{"start":{"line":227,"column":38},"end":{"line":227,"column":40}}],"line":227},"22":{"loc":{"start":{"line":230,"column":4},"end":{"line":232,"column":5}},"type":"if","locations":[{"start":{"line":230,"column":4},"end":{"line":232,"column":5}},{"start":{},"end":{}}],"line":230},"23":{"loc":{"start":{"line":230,"column":8},"end":{"line":230,"column":65}},"type":"binary-expr","locations":[{"start":{"line":230,"column":8},"end":{"line":230,"column":33}},{"start":{"line":230,"column":37},"end":{"line":230,"column":65}}],"line":230},"24":{"loc":{"start":{"line":235,"column":4},"end":{"line":237,"column":5}},"type":"if","locations":[{"start":{"line":235,"column":4},"end":{"line":237,"column":5}},{"start":{},"end":{}}],"line":235},"25":{"loc":{"start":{"line":235,"column":8},"end":{"line":235,"column":72}},"type":"binary-expr","locations":[{"start":{"line":235,"column":8},"end":{"line":235,"column":36}},{"start":{"line":235,"column":40},"end":{"line":235,"column":72}}],"line":235},"26":{"loc":{"start":{"line":243,"column":4},"end":{"line":250,"column":5}},"type":"if","locations":[{"start":{"line":243,"column":4},"end":{"line":250,"column":5}},{"start":{"line":245,"column":11},"end":{"line":250,"column":5}}],"line":243},"27":{"loc":{"start":{"line":286,"column":4},"end":{"line":288,"column":5}},"type":"if","locations":[{"start":{"line":286,"column":4},"end":{"line":288,"column":5}},{"start":{},"end":{}}],"line":286},"28":{"loc":{"start":{"line":291,"column":4},"end":{"line":293,"column":5}},"type":"if","locations":[{"start":{"line":291,"column":4},"end":{"line":293,"column":5}},{"start":{},"end":{}}],"line":291},"29":{"loc":{"start":{"line":291,"column":8},"end":{"line":291,"column":83}},"type":"binary-expr","locations":[{"start":{"line":291,"column":8},"end":{"line":291,"column":36}},{"start":{"line":291,"column":40},"end":{"line":291,"column":83}}],"line":291},"30":{"loc":{"start":{"line":295,"column":4},"end":{"line":297,"column":5}},"type":"if","locations":[{"start":{"line":295,"column":4},"end":{"line":297,"column":5}},{"start":{},"end":{}}],"line":295},"31":{"loc":{"start":{"line":295,"column":8},"end":{"line":295,"column":87}},"type":"binary-expr","locations":[{"start":{"line":295,"column":8},"end":{"line":295,"column":38}},{"start":{"line":295,"column":42},"end":{"line":295,"column":87}}],"line":295},"32":{"loc":{"start":{"line":299,"column":4},"end":{"line":301,"column":5}},"type":"if","locations":[{"start":{"line":299,"column":4},"end":{"line":301,"column":5}},{"start":{},"end":{}}],"line":299},"33":{"loc":{"start":{"line":299,"column":8},"end":{"line":299,"column":90}},"type":"binary-expr","locations":[{"start":{"line":299,"column":8},"end":{"line":299,"column":36}},{"start":{"line":299,"column":40},"end":{"line":299,"column":90}}],"line":299},"34":{"loc":{"start":{"line":314,"column":4},"end":{"line":319,"column":5}},"type":"if","locations":[{"start":{"line":314,"column":4},"end":{"line":319,"column":5}},{"start":{},"end":{}}],"line":314},"35":{"loc":{"start":{"line":326,"column":4},"end":{"line":328,"column":5}},"type":"if","locations":[{"start":{"line":326,"column":4},"end":{"line":328,"column":5}},{"start":{},"end":{}}],"line":326},"36":{"loc":{"start":{"line":333,"column":4},"end":{"line":349,"column":5}},"type":"if","locations":[{"start":{"line":333,"column":4},"end":{"line":349,"column":5}},{"start":{},"end":{}}],"line":333},"37":{"loc":{"start":{"line":335,"column":6},"end":{"line":348,"column":7}},"type":"if","locations":[{"start":{"line":335,"column":6},"end":{"line":348,"column":7}},{"start":{},"end":{}}],"line":335},"38":{"loc":{"start":{"line":335,"column":10},"end":{"line":335,"column":51}},"type":"binary-expr","locations":[{"start":{"line":335,"column":10},"end":{"line":335,"column":17}},{"start":{"line":335,"column":21},"end":{"line":335,"column":51}}],"line":335},"39":{"loc":{"start":{"line":368,"column":4},"end":{"line":370,"column":5}},"type":"if","locations":[{"start":{"line":368,"column":4},"end":{"line":370,"column":5}},{"start":{},"end":{}}],"line":368},"40":{"loc":{"start":{"line":373,"column":4},"end":{"line":375,"column":5}},"type":"if","locations":[{"start":{"line":373,"column":4},"end":{"line":375,"column":5}},{"start":{},"end":{}}],"line":373},"41":{"loc":{"start":{"line":373,"column":8},"end":{"line":373,"column":67}},"type":"binary-expr","locations":[{"start":{"line":373,"column":8},"end":{"line":373,"column":33}},{"start":{"line":373,"column":37},"end":{"line":373,"column":67}}],"line":373},"42":{"loc":{"start":{"line":415,"column":4},"end":{"line":417,"column":5}},"type":"if","locations":[{"start":{"line":415,"column":4},"end":{"line":417,"column":5}},{"start":{},"end":{}}],"line":415},"43":{"loc":{"start":{"line":420,"column":4},"end":{"line":427,"column":5}},"type":"if","locations":[{"start":{"line":420,"column":4},"end":{"line":427,"column":5}},{"start":{},"end":{}}],"line":420},"44":{"loc":{"start":{"line":421,"column":6},"end":{"line":424,"column":56}},"type":"binary-expr","locations":[{"start":{"line":421,"column":6},"end":{"line":421,"column":31}},{"start":{"line":422,"column":6},"end":{"line":422,"column":36}},{"start":{"line":423,"column":6},"end":{"line":423,"column":34}},{"start":{"line":424,"column":6},"end":{"line":424,"column":56}}],"line":421},"45":{"loc":{"start":{"line":451,"column":4},"end":{"line":453,"column":5}},"type":"if","locations":[{"start":{"line":451,"column":4},"end":{"line":453,"column":5}},{"start":{},"end":{}}],"line":451},"46":{"loc":{"start":{"line":457,"column":4},"end":{"line":462,"column":5}},"type":"if","locations":[{"start":{"line":457,"column":4},"end":{"line":462,"column":5}},{"start":{},"end":{}}],"line":457},"47":{"loc":{"start":{"line":465,"column":4},"end":{"line":471,"column":5}},"type":"if","locations":[{"start":{"line":465,"column":4},"end":{"line":471,"column":5}},{"start":{},"end":{}}],"line":465},"48":{"loc":{"start":{"line":466,"column":6},"end":{"line":468,"column":51}},"type":"binary-expr","locations":[{"start":{"line":466,"column":6},"end":{"line":466,"column":31}},{"start":{"line":467,"column":6},"end":{"line":467,"column":49}},{"start":{"line":468,"column":6},"end":{"line":468,"column":51}}],"line":466},"49":{"loc":{"start":{"line":475,"column":25},"end":{"line":475,"column":68}},"type":"binary-expr","locations":[{"start":{"line":475,"column":25},"end":{"line":475,"column":31}},{"start":{"line":475,"column":35},"end":{"line":475,"column":68}}],"line":475},"50":{"loc":{"start":{"line":481,"column":4},"end":{"line":493,"column":5}},"type":"if","locations":[{"start":{"line":481,"column":4},"end":{"line":493,"column":5}},{"start":{},"end":{}}],"line":481},"51":{"loc":{"start":{"line":481,"column":8},"end":{"line":481,"column":49}},"type":"binary-expr","locations":[{"start":{"line":481,"column":8},"end":{"line":481,"column":15}},{"start":{"line":481,"column":19},"end":{"line":481,"column":49}}],"line":481},"52":{"loc":{"start":{"line":509,"column":4},"end":{"line":511,"column":5}},"type":"if","locations":[{"start":{"line":509,"column":4},"end":{"line":511,"column":5}},{"start":{},"end":{}}],"line":509},"53":{"loc":{"start":{"line":571,"column":20},"end":{"line":571,"column":61}},"type":"cond-expr","locations":[{"start":{"line":571,"column":41},"end":{"line":571,"column":57}},{"start":{"line":571,"column":60},"end":{"line":571,"column":61}}],"line":571},"54":{"loc":{"start":{"line":583,"column":33},"end":{"line":583,"column":48}},"type":"default-arg","locations":[{"start":{"line":583,"column":47},"end":{"line":583,"column":48}}],"line":583},"55":{"loc":{"start":{"line":586,"column":4},"end":{"line":588,"column":5}},"type":"if","locations":[{"start":{"line":586,"column":4},"end":{"line":588,"column":5}},{"start":{},"end":{}}],"line":586},"56":{"loc":{"start":{"line":586,"column":8},"end":{"line":586,"column":65}},"type":"binary-expr","locations":[{"start":{"line":586,"column":8},"end":{"line":586,"column":36}},{"start":{"line":586,"column":40},"end":{"line":586,"column":65}}],"line":586},"57":{"loc":{"start":{"line":637,"column":6},"end":{"line":637,"column":14}},"type":"default-arg","locations":[{"start":{"line":637,"column":13},"end":{"line":637,"column":14}}],"line":637},"58":{"loc":{"start":{"line":638,"column":6},"end":{"line":638,"column":16}},"type":"default-arg","locations":[{"start":{"line":638,"column":14},"end":{"line":638,"column":16}}],"line":638},"59":{"loc":{"start":{"line":639,"column":6},"end":{"line":639,"column":27}},"type":"default-arg","locations":[{"start":{"line":639,"column":13},"end":{"line":639,"column":27}}],"line":639},"60":{"loc":{"start":{"line":644,"column":4},"end":{"line":644,"column":50}},"type":"if","locations":[{"start":{"line":644,"column":4},"end":{"line":644,"column":50}},{"start":{},"end":{}}],"line":644},"61":{"loc":{"start":{"line":645,"column":4},"end":{"line":645,"column":56}},"type":"if","locations":[{"start":{"line":645,"column":4},"end":{"line":645,"column":56}},{"start":{},"end":{}}],"line":645},"62":{"loc":{"start":{"line":646,"column":4},"end":{"line":646,"column":68}},"type":"if","locations":[{"start":{"line":646,"column":4},"end":{"line":646,"column":68}},{"start":{},"end":{}}],"line":646},"63":{"loc":{"start":{"line":647,"column":4},"end":{"line":647,"column":38}},"type":"if","locations":[{"start":{"line":647,"column":4},"end":{"line":647,"column":38}},{"start":{},"end":{}}],"line":647},"64":{"loc":{"start":{"line":650,"column":4},"end":{"line":654,"column":5}},"type":"if","locations":[{"start":{"line":650,"column":4},"end":{"line":654,"column":5}},{"start":{},"end":{}}],"line":650},"65":{"loc":{"start":{"line":650,"column":8},"end":{"line":650,"column":26}},"type":"binary-expr","locations":[{"start":{"line":650,"column":8},"end":{"line":650,"column":16}},{"start":{"line":650,"column":20},"end":{"line":650,"column":26}}],"line":650},"66":{"loc":{"start":{"line":652,"column":6},"end":{"line":652,"column":62}},"type":"if","locations":[{"start":{"line":652,"column":6},"end":{"line":652,"column":62}},{"start":{},"end":{}}],"line":652},"67":{"loc":{"start":{"line":653,"column":6},"end":{"line":653,"column":58}},"type":"if","locations":[{"start":{"line":653,"column":6},"end":{"line":653,"column":58}},{"start":{},"end":{}}],"line":653},"68":{"loc":{"start":{"line":657,"column":4},"end":{"line":661,"column":5}},"type":"if","locations":[{"start":{"line":657,"column":4},"end":{"line":661,"column":5}},{"start":{},"end":{}}],"line":657},"69":{"loc":{"start":{"line":657,"column":8},"end":{"line":657,"column":28}},"type":"binary-expr","locations":[{"start":{"line":657,"column":8},"end":{"line":657,"column":16}},{"start":{"line":657,"column":20},"end":{"line":657,"column":28}}],"line":657},"70":{"loc":{"start":{"line":659,"column":6},"end":{"line":659,"column":56}},"type":"if","locations":[{"start":{"line":659,"column":6},"end":{"line":659,"column":56}},{"start":{},"end":{}}],"line":659},"71":{"loc":{"start":{"line":660,"column":6},"end":{"line":660,"column":56}},"type":"if","locations":[{"start":{"line":660,"column":6},"end":{"line":660,"column":56}},{"start":{},"end":{}}],"line":660},"72":{"loc":{"start":{"line":665,"column":39},"end":{"line":665,"column":70}},"type":"cond-expr","locations":[{"start":{"line":665,"column":64},"end":{"line":665,"column":66}},{"start":{"line":665,"column":69},"end":{"line":665,"column":70}}],"line":665},"73":{"loc":{"start":{"line":700,"column":4},"end":{"line":702,"column":5}},"type":"if","locations":[{"start":{"line":700,"column":4},"end":{"line":702,"column":5}},{"start":{},"end":{}}],"line":700},"74":{"loc":{"start":{"line":705,"column":4},"end":{"line":707,"column":5}},"type":"if","locations":[{"start":{"line":705,"column":4},"end":{"line":707,"column":5}},{"start":{},"end":{}}],"line":705},"75":{"loc":{"start":{"line":710,"column":4},"end":{"line":714,"column":5}},"type":"if","locations":[{"start":{"line":710,"column":4},"end":{"line":714,"column":5}},{"start":{},"end":{}}],"line":710},"76":{"loc":{"start":{"line":717,"column":4},"end":{"line":719,"column":5}},"type":"if","locations":[{"start":{"line":717,"column":4},"end":{"line":719,"column":5}},{"start":{},"end":{}}],"line":717},"77":{"loc":{"start":{"line":760,"column":4},"end":{"line":762,"column":5}},"type":"if","locations":[{"start":{"line":760,"column":4},"end":{"line":762,"column":5}},{"start":{},"end":{}}],"line":760},"78":{"loc":{"start":{"line":760,"column":8},"end":{"line":760,"column":65}},"type":"binary-expr","locations":[{"start":{"line":760,"column":8},"end":{"line":760,"column":36}},{"start":{"line":760,"column":40},"end":{"line":760,"column":65}}],"line":760},"79":{"loc":{"start":{"line":764,"column":12},"end":{"line":764,"column":20}},"type":"default-arg","locations":[{"start":{"line":764,"column":19},"end":{"line":764,"column":20}}],"line":764},"80":{"loc":{"start":{"line":764,"column":22},"end":{"line":764,"column":32}},"type":"default-arg","locations":[{"start":{"line":764,"column":30},"end":{"line":764,"column":32}}],"line":764}},"s":{"0":2,"1":2,"2":2,"3":2,"4":2,"5":2,"6":4,"7":4,"8":4,"9":1,"10":3,"11":3,"12":3,"13":3,"14":3,"15":3,"16":3,"17":3,"18":3,"19":2,"20":2,"21":3,"22":3,"23":0,"24":3,"25":0,"26":0,"27":2,"28":4,"29":4,"30":4,"31":4,"32":1,"33":3,"34":1,"35":2,"36":2,"37":0,"38":0,"39":2,"40":3,"41":3,"42":3,"43":3,"44":1,"45":2,"46":2,"47":1,"48":2,"49":2,"50":2,"51":2,"52":0,"53":0,"54":2,"55":0,"56":0,"57":0,"58":0,"59":0,"60":0,"61":0,"62":0,"63":0,"64":0,"65":0,"66":0,"67":0,"68":0,"69":0,"70":2,"71":0,"72":0,"73":0,"74":0,"75":0,"76":0,"77":0,"78":0,"79":0,"80":0,"81":0,"82":0,"83":0,"84":0,"85":0,"86":0,"87":0,"88":2,"89":3,"90":3,"91":3,"92":3,"93":3,"94":0,"95":3,"96":0,"97":3,"98":1,"99":2,"100":0,"101":2,"102":2,"103":1,"104":1,"105":1,"106":1,"107":0,"108":1,"109":1,"110":0,"111":0,"112":0,"113":0,"114":0,"115":0,"116":0,"117":0,"118":0,"119":0,"120":0,"121":1,"122":0,"123":0,"124":2,"125":0,"126":0,"127":0,"128":0,"129":0,"130":0,"131":0,"132":0,"133":0,"134":0,"135":0,"136":0,"137":0,"138":0,"139":0,"140":0,"141":0,"142":2,"143":0,"144":0,"145":0,"146":0,"147":0,"148":0,"149":0,"150":0,"151":0,"152":0,"153":0,"154":0,"155":0,"156":0,"157":2,"158":0,"159":0,"160":0,"161":0,"162":0,"163":0,"164":0,"165":0,"166":0,"167":0,"168":0,"169":0,"170":0,"171":0,"172":0,"173":0,"174":0,"175":0,"176":0,"177":0,"178":0,"179":0,"180":0,"181":0,"182":0,"183":0,"184":0,"185":0,"186":2,"187":0,"188":0,"189":0,"190":0,"191":0,"192":0,"193":0,"194":0,"195":0,"196":0,"197":0,"198":0,"199":0,"200":0,"201":2,"202":0,"203":0,"204":0,"205":0,"206":0,"207":0,"208":0,"209":0,"210":0,"211":0,"212":0,"213":2,"214":0,"215":0,"216":0,"217":0,"218":0,"219":0,"220":0,"221":0,"222":0,"223":0,"224":0,"225":0,"226":0,"227":0,"228":0,"229":0,"230":0,"231":0,"232":0,"233":0,"234":0,"235":0,"236":0,"237":0,"238":0,"239":0,"240":0,"241":0,"242":0,"243":0,"244":0,"245":2,"246":2,"247":2,"248":2,"249":0,"250":2,"251":2,"252":0,"253":2,"254":1,"255":1,"256":0,"257":1,"258":1,"259":1,"260":1,"261":1,"262":1,"263":0,"264":1,"265":0,"266":0,"267":2,"268":1,"269":1,"270":0,"271":1,"272":1,"273":1,"274":1,"275":1,"276":1,"277":0,"278":0},"f":{"0":4,"1":3,"2":4,"3":3,"4":0,"5":0,"6":3,"7":0,"8":0,"9":0,"10":0,"11":0,"12":0,"13":0,"14":2,"15":1},"b":{"0":[1,3],"1":[3,1],"2":[1,2],"3":[2,1],"4":[1,3],"5":[1,2],"6":[3,3,2,1,1,1],"7":[3,0],"8":[3],"9":[3],"10":[1,2],"11":[3,3],"12":[1,1],"13":[0],"14":[0],"15":[0,0],"16":[0,0],"17":[0,0],"18":[0,0],"19":[0,0],"20":[0],"21":[0],"22":[0,0],"23":[0,0],"24":[0,0],"25":[0,0],"26":[0,0],"27":[0,3],"28":[0,3],"29":[3,0],"30":[1,2],"31":[3,3],"32":[0,2],"33":[2,0],"34":[1,1],"35":[0,1],"36":[0,1],"37":[0,0],"38":[0,0],"39":[0,0],"40":[0,0],"41":[0,0],"42":[0,0],"43":[0,0],"44":[0,0,0,0],"45":[0,0],"46":[0,0],"47":[0,0],"48":[0,0,0],"49":[0,0],"50":[0,0],"51":[0,0],"52":[0,0],"53":[0,0],"54":[0],"55":[0,0],"56":[0,0],"57":[0],"58":[0],"59":[0],"60":[0,0],"61":[0,0],"62":[0,0],"63":[0,0],"64":[0,0],"65":[0,0],"66":[0,0],"67":[0,0],"68":[0,0],"69":[0,0],"70":[0,0],"71":[0,0],"72":[0,0],"73":[0,2],"74":[0,2],"75":[1,1],"76":[0,1],"77":[0,1],"78":[1,0],"79":[1],"80":[1]},"_coverageSchema":"1a1c01bbd47fc00a2c39e90264f33305004495a9","hash":"a4717b5aec82faea8dfbce5948458c578baf2983"}
,"/Users/kavishkasashmitha/Documents/3Y2SEM/AF/ds_test/backend/order-service/middleware/auth.js": {"path":"/Users/kavishkasashmitha/Documents/3Y2SEM/AF/ds_test/backend/order-service/middleware/auth.js","statementMap":{"0":{"start":{"line":1,"column":12},"end":{"line":1,"column":35}},"1":{"start":{"line":2,"column":15},"end":{"line":2,"column":41}},"2":{"start":{"line":5,"column":0},"end":{"line":26,"column":1}},"3":{"start":{"line":7,"column":21},"end":{"line":7,"column":49}},"4":{"start":{"line":8,"column":16},"end":{"line":8,"column":54}},"5":{"start":{"line":11,"column":2},"end":{"line":13,"column":3}},"6":{"start":{"line":12,"column":4},"end":{"line":12,"column":80}},"7":{"start":{"line":15,"column":2},"end":{"line":25,"column":3}},"8":{"start":{"line":17,"column":20},"end":{"line":17,"column":61}},"9":{"start":{"line":20,"column":4},"end":{"line":20,"column":22}},"10":{"start":{"line":21,"column":4},"end":{"line":21,"column":10}},"11":{"start":{"line":23,"column":4},"end":{"line":23,"column":58}},"12":{"start":{"line":24,"column":4},"end":{"line":24,"column":72}},"13":{"start":{"line":29,"column":0},"end":{"line":36,"column":1}},"14":{"start":{"line":30,"column":2},"end":{"line":35,"column":3}},"15":{"start":{"line":31,"column":4},"end":{"line":33,"column":5}},"16":{"start":{"line":32,"column":6},"end":{"line":32,"column":88}},"17":{"start":{"line":34,"column":4},"end":{"line":34,"column":10}}},"fnMap":{"0":{"name":"(anonymous_0)","decl":{"start":{"line":5,"column":28},"end":{"line":5,"column":29}},"loc":{"start":{"line":5,"column":48},"end":{"line":26,"column":1}},"line":5},"1":{"name":"(anonymous_1)","decl":{"start":{"line":29,"column":25},"end":{"line":29,"column":26}},"loc":{"start":{"line":29,"column":39},"end":{"line":36,"column":1}},"line":29},"2":{"name":"(anonymous_2)","decl":{"start":{"line":30,"column":9},"end":{"line":30,"column":10}},"loc":{"start":{"line":30,"column":29},"end":{"line":35,"column":3}},"line":30}},"branchMap":{"0":{"loc":{"start":{"line":8,"column":16},"end":{"line":8,"column":54}},"type":"binary-expr","locations":[{"start":{"line":8,"column":16},"end":{"line":8,"column":26}},{"start":{"line":8,"column":30},"end":{"line":8,"column":54}}],"line":8},"1":{"loc":{"start":{"line":11,"column":2},"end":{"line":13,"column":3}},"type":"if","locations":[{"start":{"line":11,"column":2},"end":{"line":13,"column":3}},{"start":{},"end":{}}],"line":11},"2":{"loc":{"start":{"line":31,"column":4},"end":{"line":33,"column":5}},"type":"if","locations":[{"start":{"line":31,"column":4},"end":{"line":33,"column":5}},{"start":{},"end":{}}],"line":31},"3":{"loc":{"start":{"line":31,"column":8},"end":{"line":31,"column":51}},"type":"binary-expr","locations":[{"start":{"line":31,"column":8},"end":{"line":31,"column":17}},{"start":{"line":31,"column":21},"end":{"line":31,"column":51}}],"line":31}},"s":{"0":2,"1":2,"2":2,"3":20,"4":20,"5":20,"6":1,"7":19,"8":19,"9":19,"10":19,"11":0,"12":0,"13":2,"14":18,"15":9,"16":2,"17":7},"f":{"0":20,"1":18,"2":9},"b":{"0":[20,19],"1":[1,19],"2":[2,7],"3":[9,9]},"_coverageSchema":"1a1c01bbd47fc00a2c39e90264f33305004495a9","hash":"f261ddbc9a0aac2da3cbe49e93daa8920eb22a2f"}
,"/Users/kavishkasashmitha/Documents/3Y2SEM/AF/ds_test/backend/order-service/models/Order.js": {"path":"/Users/kavishkasashmitha/Documents/3Y2SEM/AF/ds_test/backend/order-service/models/Order.js","statementMap":{"0":{"start":{"line":1,"column":17},"end":{"line":1,"column":36}},"1":{"start":{"line":3,"column":24},"end":{"line":28,"column":2}},"2":{"start":{"line":30,"column":20},"end":{"line":134,"column":2}},"3":{"start":{"line":137,"column":0},"end":{"line":137,"column":61}},"4":{"start":{"line":139,"column":14},"end":{"line":139,"column":50}},"5":{"start":{"line":141,"column":0},"end":{"line":141,"column":22}}},"fnMap":{},"branchMap":{},"s":{"0":3,"1":3,"2":3,"3":3,"4":3,"5":3},"f":{},"b":{},"_coverageSchema":"1a1c01bbd47fc00a2c39e90264f33305004495a9","hash":"12a28f456ab23bb3f0b5623e663742696ce7a2b0"}
,"/Users/kavishkasashmitha/Documents/3Y2SEM/AF/ds_test/backend/order-service/models/Payment.js": {"path":"/Users/kavishkasashmitha/Documents/3Y2SEM/AF/ds_test/backend/order-service/models/Payment.js","statementMap":{"0":{"start":{"line":1,"column":17},"end":{"line":1,"column":36}},"1":{"start":{"line":3,"column":22},"end":{"line":59,"column":2}},"2":{"start":{"line":61,"column":16},"end":{"line":61,"column":56}},"3":{"start":{"line":63,"column":0},"end":{"line":63,"column":24}}},"fnMap":{},"branchMap":{},"s":{"0":3,"1":3,"2":3,"3":3},"f":{},"b":{},"_coverageSchema":"1a1c01bbd47fc00a2c39e90264f33305004495a9","hash":"9d4fdbc0276c9b00d8f25537a0c391bfd3927588"}
,"/Users/kavishkasashmitha/Documents/3Y2SEM/AF/ds_test/backend/order-service/routes/orderRoutes.js": {"path":"/Users/kavishkasashmitha/Documents/3Y2SEM/AF/ds_test/backend/order-service/routes/orderRoutes.js","statementMap":{"0":{"start":{"line":1,"column":16},"end":{"line":1,"column":34}},"1":{"start":{"line":2,"column":31},"end":{"line":2,"column":59}},"2":{"start":{"line":3,"column":24},"end":{"line":3,"column":65}},"3":{"start":{"line":4,"column":46},"end":{"line":4,"column":75}},"4":{"start":{"line":6,"column":15},"end":{"line":6,"column":31}},"5":{"start":{"line":9,"column":0},"end":{"line":9,"column":30}},"6":{"start":{"line":12,"column":0},"end":{"line":20,"column":2}},"7":{"start":{"line":23,"column":0},"end":{"line":32,"column":2}},"8":{"start":{"line":35,"column":0},"end":{"line":35,"column":87}},"9":{"start":{"line":38,"column":0},"end":{"line":46,"column":2}},"10":{"start":{"line":49,"column":0},"end":{"line":74,"column":2}},"11":{"start":{"line":77,"column":0},"end":{"line":77,"column":111}},"12":{"start":{"line":80,"column":0},"end":{"line":88,"column":2}},"13":{"start":{"line":91,"column":0},"end":{"line":101,"column":2}},"14":{"start":{"line":104,"column":0},"end":{"line":113,"column":2}},"15":{"start":{"line":116,"column":0},"end":{"line":125,"column":2}},"16":{"start":{"line":128,"column":0},"end":{"line":136,"column":2}},"17":{"start":{"line":139,"column":0},"end":{"line":146,"column":2}},"18":{"start":{"line":149,"column":0},"end":{"line":153,"column":2}},"19":{"start":{"line":156,"column":0},"end":{"line":161,"column":2}},"20":{"start":{"line":163,"column":0},"end":{"line":163,"column":24}}},"fnMap":{},"branchMap":{},"s":{"0":2,"1":2,"2":2,"3":2,"4":2,"5":2,"6":2,"7":2,"8":2,"9":2,"10":2,"11":2,"12":2,"13":2,"14":2,"15":2,"16":2,"17":2,"18":2,"19":2,"20":2},"f":{},"b":{},"_coverageSchema":"1a1c01bbd47fc00a2c39e90264f33305004495a9","hash":"beb56984a1b960e4d00db29f2135b3ac1181ed19"}
,"/Users/kavishkasashmitha/Documents/3Y2SEM/AF/ds_test/backend/order-service/utils/logger.js": {"path":"/Users/kavishkasashmitha/Documents/3Y2SEM/AF/ds_test/backend/order-service/utils/logger.js","statementMap":{"0":{"start":{"line":1,"column":16},"end":{"line":1,"column":34}},"1":{"start":{"line":4,"column":18},"end":{"line":9,"column":1}},"2":{"start":{"line":12,"column":15},"end":{"line":22,"column":2}},"3":{"start":{"line":25,"column":0},"end":{"line":31,"column":1}},"4":{"start":{"line":26,"column":2},"end":{"line":30,"column":3}},"5":{"start":{"line":33,"column":0},"end":{"line":33,"column":23}}},"fnMap":{},"branchMap":{"0":{"loc":{"start":{"line":13,"column":9},"end":{"line":13,"column":40}},"type":"binary-expr","locations":[{"start":{"line":13,"column":9},"end":{"line":13,"column":30}},{"start":{"line":13,"column":34},"end":{"line":13,"column":40}}],"line":13},"1":{"loc":{"start":{"line":25,"column":0},"end":{"line":31,"column":1}},"type":"if","locations":[{"start":{"line":25,"column":0},"end":{"line":31,"column":1}},{"start":{},"end":{}}],"line":25}},"s":{"0":2,"1":2,"2":2,"3":2,"4":2,"5":2},"f":{},"b":{"0":[2,2],"1":[2,0]},"_coverageSchema":"1a1c01bbd47fc00a2c39e90264f33305004495a9","hash":"49ce517deb531b322e7553a3bcd8b1a49941e6c1"}
}
