TN:
SF:controllers/orderController.js
FN:8,(anonymous_0)
FN:31,(anonymous_1)
FN:104,(anonymous_2)
FN:136,(anonymous_3)
FN:177,(anonymous_4)
FN:224,(anonymous_5)
FN:280,(anonymous_6)
FN:362,(anonymous_7)
FN:409,(anonymous_8)
FN:445,(anonymous_9)
FN:506,(anonymous_10)
FN:567,(anonymous_11)
FN:581,(anonymous_12)
FN:626,(anonymous_13)
FN:695,(anonymous_14)
FN:757,(anonymous_15)
FNF:16
FNH:7
FNDA:4,(anonymous_0)
FNDA:3,(anonymous_1)
FNDA:4,(anonymous_2)
FNDA:3,(anonymous_3)
FNDA:0,(anonymous_4)
FNDA:0,(anonymous_5)
FNDA:3,(anonymous_6)
FNDA:0,(anonymous_7)
FNDA:0,(anonymous_8)
FNDA:0,(anonymous_9)
FNDA:0,(anonymous_10)
FNDA:0,(anonymous_11)
FNDA:0,(anonymous_12)
FNDA:0,(anonymous_13)
FNDA:2,(anonymous_14)
FNDA:1,(anonymous_15)
DA:1,2
DA:2,2
DA:3,2
DA:4,2
DA:5,2
DA:8,2
DA:9,4
DA:11,4
DA:12,4
DA:13,1
DA:28,3
DA:31,3
DA:33,3
DA:35,3
DA:42,3
DA:57,3
DA:60,3
DA:68,3
DA:71,3
DA:72,2
DA:73,2
DA:77,3
DA:78,3
DA:88,0
DA:92,3
DA:98,0
DA:99,0
DA:104,2
DA:105,4
DA:106,4
DA:108,4
DA:109,4
DA:110,1
DA:114,3
DA:122,1
DA:126,2
DA:128,2
DA:130,0
DA:131,0
DA:136,2
DA:137,3
DA:138,3
DA:139,3
DA:142,3
DA:143,1
DA:147,2
DA:148,2
DA:149,1
DA:153,2
DA:156,2
DA:159,2
DA:161,2
DA:171,0
DA:172,0
DA:177,2
DA:178,0
DA:179,0
DA:180,0
DA:183,0
DA:184,0
DA:188,0
DA:194,0
DA:195,0
DA:196,0
DA:200,0
DA:203,0
DA:206,0
DA:208,0
DA:218,0
DA:219,0
DA:224,2
DA:225,0
DA:226,0
DA:227,0
DA:230,0
DA:231,0
DA:235,0
DA:236,0
DA:240,0
DA:243,0
DA:244,0
DA:247,0
DA:253,0
DA:256,0
DA:262,0
DA:264,0
DA:274,0
DA:275,0
DA:280,2
DA:281,3
DA:282,3
DA:283,3
DA:285,3
DA:286,3
DA:287,0
DA:291,3
DA:292,0
DA:295,3
DA:296,1
DA:299,2
DA:300,0
DA:304,2
DA:314,2
DA:315,1
DA:322,1
DA:323,1
DA:326,1
DA:327,0
DA:330,1
DA:333,1
DA:334,0
DA:335,0
DA:337,0
DA:338,0
DA:339,0
DA:340,0
DA:341,0
DA:344,0
DA:345,0
DA:346,0
DA:347,0
DA:351,1
DA:356,0
DA:357,0
DA:362,2
DA:363,0
DA:364,0
DA:365,0
DA:367,0
DA:368,0
DA:369,0
DA:373,0
DA:374,0
DA:378,0
DA:379,0
DA:380,0
DA:383,0
DA:384,0
DA:394,0
DA:398,0
DA:403,0
DA:404,0
DA:409,2
DA:410,0
DA:411,0
DA:412,0
DA:414,0
DA:415,0
DA:416,0
DA:420,0
DA:426,0
DA:430,0
DA:431,0
DA:432,0
DA:434,0
DA:439,0
DA:440,0
DA:445,2
DA:446,0
DA:447,0
DA:448,0
DA:450,0
DA:451,0
DA:452,0
DA:456,0
DA:457,0
DA:458,0
DA:465,0
DA:470,0
DA:474,0
DA:475,0
DA:476,0
DA:477,0
DA:480,0
DA:481,0
DA:483,0
DA:484,0
DA:485,0
DA:486,0
DA:487,0
DA:490,0
DA:491,0
DA:492,0
DA:495,0
DA:500,0
DA:501,0
DA:506,2
DA:507,0
DA:509,0
DA:510,0
DA:514,0
DA:517,0
DA:527,0
DA:542,0
DA:543,0
DA:545,0
DA:565,0
DA:568,0
DA:569,0
DA:575,0
DA:576,0
DA:581,2
DA:582,0
DA:583,0
DA:586,0
DA:587,0
DA:591,0
DA:592,0
DA:593,0
DA:596,0
DA:615,0
DA:620,0
DA:621,0
DA:626,2
DA:627,0
DA:640,0
DA:643,0
DA:644,0
DA:645,0
DA:646,0
DA:647,0
DA:650,0
DA:651,0
DA:652,0
DA:653,0
DA:657,0
DA:658,0
DA:659,0
DA:660,0
DA:664,0
DA:665,0
DA:668,0
DA:671,0
DA:677,0
DA:679,0
DA:689,0
DA:690,0
DA:695,2
DA:696,2
DA:697,2
DA:700,2
DA:701,0
DA:704,2
DA:705,2
DA:706,0
DA:710,2
DA:711,1
DA:717,1
DA:718,0
DA:722,1
DA:723,1
DA:724,1
DA:725,1
DA:728,1
DA:729,1
DA:742,0
DA:746,1
DA:751,0
DA:752,0
DA:757,2
DA:758,1
DA:760,1
DA:761,0
DA:764,1
DA:767,1
DA:770,1
DA:775,1
DA:782,1
DA:784,1
DA:794,0
DA:795,0
LF:271
LH:99
BRDA:12,0,0,1
BRDA:12,0,1,3
BRDA:49,1,0,3
BRDA:49,1,1,1
BRDA:65,2,0,1
BRDA:65,2,1,2
BRDA:71,3,0,2
BRDA:71,3,1,1
BRDA:109,4,0,1
BRDA:109,4,1,3
BRDA:114,5,0,1
BRDA:114,5,1,2
BRDA:115,6,0,3
BRDA:115,6,1,3
BRDA:115,6,2,2
BRDA:115,6,3,1
BRDA:115,6,4,1
BRDA:115,6,5,1
BRDA:138,7,0,3
BRDA:138,7,1,0
BRDA:139,8,0,3
BRDA:139,9,0,3
BRDA:142,10,0,1
BRDA:142,10,1,2
BRDA:142,11,0,3
BRDA:142,11,1,3
BRDA:148,12,0,1
BRDA:148,12,1,1
BRDA:180,13,0,0
BRDA:180,14,0,0
BRDA:183,15,0,0
BRDA:183,15,1,0
BRDA:183,16,0,0
BRDA:183,16,1,0
BRDA:188,17,0,0
BRDA:188,17,1,0
BRDA:195,18,0,0
BRDA:195,18,1,0
BRDA:226,19,0,0
BRDA:226,19,1,0
BRDA:227,20,0,0
BRDA:227,21,0,0
BRDA:230,22,0,0
BRDA:230,22,1,0
BRDA:230,23,0,0
BRDA:230,23,1,0
BRDA:235,24,0,0
BRDA:235,24,1,0
BRDA:235,25,0,0
BRDA:235,25,1,0
BRDA:243,26,0,0
BRDA:243,26,1,0
BRDA:286,27,0,0
BRDA:286,27,1,3
BRDA:291,28,0,0
BRDA:291,28,1,3
BRDA:291,29,0,3
BRDA:291,29,1,0
BRDA:295,30,0,1
BRDA:295,30,1,2
BRDA:295,31,0,3
BRDA:295,31,1,3
BRDA:299,32,0,0
BRDA:299,32,1,2
BRDA:299,33,0,2
BRDA:299,33,1,0
BRDA:314,34,0,1
BRDA:314,34,1,1
BRDA:326,35,0,0
BRDA:326,35,1,1
BRDA:333,36,0,0
BRDA:333,36,1,1
BRDA:335,37,0,0
BRDA:335,37,1,0
BRDA:335,38,0,0
BRDA:335,38,1,0
BRDA:368,39,0,0
BRDA:368,39,1,0
BRDA:373,40,0,0
BRDA:373,40,1,0
BRDA:373,41,0,0
BRDA:373,41,1,0
BRDA:415,42,0,0
BRDA:415,42,1,0
BRDA:420,43,0,0
BRDA:420,43,1,0
BRDA:421,44,0,0
BRDA:421,44,1,0
BRDA:421,44,2,0
BRDA:421,44,3,0
BRDA:451,45,0,0
BRDA:451,45,1,0
BRDA:457,46,0,0
BRDA:457,46,1,0
BRDA:465,47,0,0
BRDA:465,47,1,0
BRDA:466,48,0,0
BRDA:466,48,1,0
BRDA:466,48,2,0
BRDA:475,49,0,0
BRDA:475,49,1,0
BRDA:481,50,0,0
BRDA:481,50,1,0
BRDA:481,51,0,0
BRDA:481,51,1,0
BRDA:509,52,0,0
BRDA:509,52,1,0
BRDA:571,53,0,0
BRDA:571,53,1,0
BRDA:583,54,0,0
BRDA:586,55,0,0
BRDA:586,55,1,0
BRDA:586,56,0,0
BRDA:586,56,1,0
BRDA:637,57,0,0
BRDA:638,58,0,0
BRDA:639,59,0,0
BRDA:644,60,0,0
BRDA:644,60,1,0
BRDA:645,61,0,0
BRDA:645,61,1,0
BRDA:646,62,0,0
BRDA:646,62,1,0
BRDA:647,63,0,0
BRDA:647,63,1,0
BRDA:650,64,0,0
BRDA:650,64,1,0
BRDA:650,65,0,0
BRDA:650,65,1,0
BRDA:652,66,0,0
BRDA:652,66,1,0
BRDA:653,67,0,0
BRDA:653,67,1,0
BRDA:657,68,0,0
BRDA:657,68,1,0
BRDA:657,69,0,0
BRDA:657,69,1,0
BRDA:659,70,0,0
BRDA:659,70,1,0
BRDA:660,71,0,0
BRDA:660,71,1,0
BRDA:665,72,0,0
BRDA:665,72,1,0
BRDA:700,73,0,0
BRDA:700,73,1,2
BRDA:705,74,0,0
BRDA:705,74,1,2
BRDA:710,75,0,1
BRDA:710,75,1,1
BRDA:717,76,0,0
BRDA:717,76,1,1
BRDA:760,77,0,0
BRDA:760,77,1,1
BRDA:760,78,0,1
BRDA:760,78,1,0
BRDA:764,79,0,1
BRDA:764,80,0,1
BRF:157
BRH:49
end_of_record
TN:
SF:middleware/auth.js
FN:5,(anonymous_0)
FN:29,(anonymous_1)
FN:30,(anonymous_2)
FNF:3
FNH:3
FNDA:20,(anonymous_0)
FNDA:18,(anonymous_1)
FNDA:9,(anonymous_2)
DA:1,2
DA:2,2
DA:5,2
DA:7,20
DA:8,20
DA:11,20
DA:12,1
DA:15,19
DA:17,19
DA:20,19
DA:21,19
DA:23,0
DA:24,0
DA:29,2
DA:30,18
DA:31,9
DA:32,2
DA:34,7
LF:18
LH:16
BRDA:8,0,0,20
BRDA:8,0,1,19
BRDA:11,1,0,1
BRDA:11,1,1,19
BRDA:31,2,0,2
BRDA:31,2,1,7
BRDA:31,3,0,9
BRDA:31,3,1,9
BRF:8
BRH:8
end_of_record
TN:
SF:models/Order.js
FNF:0
FNH:0
DA:1,3
DA:3,3
DA:30,3
DA:137,3
DA:139,3
DA:141,3
LF:6
LH:6
BRF:0
BRH:0
end_of_record
TN:
SF:models/Payment.js
FNF:0
FNH:0
DA:1,3
DA:3,3
DA:61,3
DA:63,3
LF:4
LH:4
BRF:0
BRH:0
end_of_record
TN:
SF:routes/orderRoutes.js
FNF:0
FNH:0
DA:1,2
DA:2,2
DA:3,2
DA:4,2
DA:6,2
DA:9,2
DA:12,2
DA:23,2
DA:35,2
DA:38,2
DA:49,2
DA:77,2
DA:80,2
DA:91,2
DA:104,2
DA:116,2
DA:128,2
DA:139,2
DA:149,2
DA:156,2
DA:163,2
LF:21
LH:21
BRF:0
BRH:0
end_of_record
TN:
SF:utils/logger.js
FNF:0
FNH:0
DA:1,2
DA:4,2
DA:12,2
DA:25,2
DA:26,2
DA:33,2
LF:6
LH:6
BRDA:13,0,0,2
BRDA:13,0,1,2
BRDA:25,1,0,2
BRDA:25,1,1,0
BRF:4
BRH:3
end_of_record
