TN:
SF:controllers/authController.js
FN:12,(anonymous_0)
FN:25,(anonymous_1)
FN:158,(anonymous_2)
FN:195,(anonymous_3)
FN:212,(anonymous_4)
FN:238,(anonymous_5)
FNF:6
FNH:3
FNDA:11,(anonymous_0)
FNDA:11,(anonymous_1)
FNDA:4,(anonymous_2)
FNDA:0,(anonymous_3)
FNDA:0,(anonymous_4)
FNDA:0,(anonymous_5)
DA:1,4
DA:2,4
DA:3,4
DA:4,4
DA:5,4
DA:8,4
DA:9,4
DA:12,4
DA:13,11
DA:25,4
DA:26,11
DA:27,11
DA:28,11
DA:29,1
DA:32,10
DA:34,10
DA:35,10
DA:36,1
DA:40,9
DA:43,9
DA:44,9
DA:45,9
DA:46,0
DA:50,9
DA:59,9
DA:61,9
DA:63,9
DA:66,9
DA:67,9
DA:76,1
DA:79,1
DA:101,0
DA:105,0
DA:107,8
DA:112,1
DA:115,1
DA:133,0
DA:137,0
DA:141,2
DA:145,9
DA:152,0
DA:153,0
DA:158,4
DA:159,4
DA:160,4
DA:161,4
DA:162,0
DA:165,4
DA:167,4
DA:168,4
DA:169,1
DA:172,3
DA:173,0
DA:176,3
DA:177,3
DA:178,1
DA:181,2
DA:183,2
DA:189,0
DA:190,0
DA:195,4
DA:196,0
DA:197,0
DA:199,0
DA:200,0
DA:201,0
DA:204,0
DA:206,0
DA:207,0
DA:212,4
DA:213,0
DA:214,0
DA:216,0
DA:221,0
DA:222,0
DA:225,0
DA:226,0
DA:227,0
DA:228,0
DA:230,0
DA:232,0
DA:233,0
DA:238,4
DA:239,0
DA:240,0
DA:241,0
DA:242,0
DA:244,0
DA:246,0
DA:247,0
LF:90
LH:52
BRDA:8,0,0,4
BRDA:8,0,1,4
BRDA:9,1,0,4
BRDA:9,1,1,4
BRDA:28,2,0,1
BRDA:28,2,1,10
BRDA:35,3,0,1
BRDA:35,3,1,9
BRDA:40,4,0,9
BRDA:40,4,1,9
BRDA:43,5,0,9
BRDA:43,5,1,0
BRDA:45,6,0,0
BRDA:45,6,1,9
BRDA:56,7,0,9
BRDA:56,7,1,0
BRDA:67,8,0,1
BRDA:67,8,1,8
BRDA:74,9,0,1
BRDA:82,10,0,1
BRDA:82,10,1,1
BRDA:83,11,0,1
BRDA:83,11,1,1
BRDA:84,12,0,1
BRDA:84,12,1,1
BRDA:85,13,0,1
BRDA:85,13,1,1
BRDA:87,14,0,1
BRDA:87,14,1,1
BRDA:88,15,0,1
BRDA:88,15,1,1
BRDA:91,16,0,1
BRDA:91,16,1,1
BRDA:107,17,0,1
BRDA:107,17,1,7
BRDA:110,18,0,1
BRDA:123,19,0,1
BRDA:123,19,1,1
BRDA:161,20,0,0
BRDA:161,20,1,4
BRDA:168,21,0,1
BRDA:168,21,1,3
BRDA:172,22,0,0
BRDA:172,22,1,3
BRDA:177,23,0,1
BRDA:177,23,1,2
BRDA:200,24,0,0
BRDA:200,24,1,0
BRDA:221,25,0,0
BRDA:221,25,1,0
BRDA:241,26,0,0
BRDA:241,26,1,0
BRF:52
BRH:41
end_of_record
TN:
SF:controllers/userController.js
FN:6,(anonymous_0)
FN:28,(anonymous_1)
FN:88,(anonymous_2)
FN:122,(anonymous_3)
FN:139,(anonymous_4)
FN:168,(anonymous_5)
FN:178,(anonymous_6)
FN:199,(anonymous_7)
FN:243,(anonymous_8)
FNF:9
FNH:6
FNDA:6,(anonymous_0)
FNDA:2,(anonymous_1)
FNDA:3,(anonymous_2)
FNDA:2,(anonymous_3)
FNDA:0,(anonymous_4)
FNDA:2,(anonymous_5)
FNDA:1,(anonymous_6)
FNDA:0,(anonymous_7)
FNDA:0,(anonymous_8)
DA:1,4
DA:2,4
DA:3,4
DA:6,4
DA:7,6
DA:8,6
DA:11,6
DA:12,0
DA:15,6
DA:16,6
DA:17,0
DA:20,6
DA:22,0
DA:23,0
DA:28,4
DA:29,2
DA:31,2
DA:32,2
DA:33,1
DA:36,1
DA:39,1
DA:40,0
DA:43,1
DA:44,1
DA:45,0
DA:49,1
DA:52,1
DA:53,1
DA:54,1
DA:57,1
DA:58,0
DA:62,1
DA:63,0
DA:70,1
DA:71,0
DA:74,1
DA:75,1
DA:77,1
DA:82,0
DA:83,0
DA:88,4
DA:89,3
DA:91,3
DA:92,3
DA:93,1
DA:96,2
DA:98,2
DA:99,2
DA:100,0
DA:104,2
DA:105,2
DA:106,1
DA:110,1
DA:111,1
DA:112,1
DA:114,1
DA:116,0
DA:117,0
DA:122,4
DA:123,2
DA:125,2
DA:126,2
DA:127,1
DA:130,1
DA:131,1
DA:132,0
DA:135,1
DA:138,1
DA:139,1
DA:140,0
DA:145,1
DA:154,1
DA:155,1
DA:157,1
DA:162,0
DA:163,0
DA:168,4
DA:169,2
DA:170,2
DA:172,2
DA:173,2
DA:174,0
DA:178,2
DA:179,2
DA:180,1
DA:184,1
DA:185,1
DA:186,1
DA:188,1
DA:193,0
DA:194,0
DA:199,4
DA:200,0
DA:202,0
DA:203,0
DA:206,0
DA:209,0
DA:210,0
DA:211,0
DA:215,0
DA:218,0
DA:225,0
DA:227,0
DA:237,0
DA:238,0
DA:243,4
DA:244,0
DA:246,0
DA:247,0
DA:250,0
DA:251,0
DA:253,0
DA:254,0
DA:257,0
DA:258,0
DA:259,0
DA:262,0
DA:263,0
DA:264,0
DA:266,0
DA:271,0
DA:272,0
LF:122
LH:72
BRDA:8,0,0,6
BRDA:8,0,1,6
BRDA:11,1,0,0
BRDA:11,1,1,6
BRDA:11,2,0,6
BRDA:11,2,1,5
BRDA:16,3,0,0
BRDA:16,3,1,6
BRDA:32,4,0,1
BRDA:32,4,1,1
BRDA:36,5,0,1
BRDA:36,5,1,1
BRDA:39,6,0,0
BRDA:39,6,1,1
BRDA:39,7,0,1
BRDA:39,7,1,1
BRDA:44,8,0,0
BRDA:44,8,1,1
BRDA:52,9,0,1
BRDA:52,9,1,0
BRDA:53,10,0,1
BRDA:53,10,1,0
BRDA:54,11,0,0
BRDA:54,11,1,1
BRDA:57,12,0,0
BRDA:57,12,1,1
BRDA:57,13,0,1
BRDA:57,13,1,0
BRDA:62,14,0,0
BRDA:62,14,1,1
BRDA:62,15,0,1
BRDA:62,15,1,0
BRDA:70,16,0,0
BRDA:70,16,1,1
BRDA:92,17,0,1
BRDA:92,17,1,2
BRDA:99,18,0,0
BRDA:99,18,1,2
BRDA:105,19,0,1
BRDA:105,19,1,1
BRDA:126,20,0,1
BRDA:126,20,1,1
BRDA:131,21,0,0
BRDA:131,21,1,1
BRDA:138,22,0,1
BRDA:138,22,1,0
BRDA:151,23,0,1
BRDA:151,23,1,0
BRDA:173,24,0,0
BRDA:173,24,1,2
BRDA:179,25,0,1
BRDA:179,25,1,1
BRDA:202,26,0,0
BRDA:202,26,1,0
BRDA:206,27,0,0
BRDA:206,28,0,0
BRDA:210,29,0,0
BRDA:210,29,1,0
BRDA:246,30,0,0
BRDA:246,30,1,0
BRDA:253,31,0,0
BRDA:253,31,1,0
BRDA:258,32,0,0
BRDA:258,32,1,0
BRDA:267,33,0,0
BRDA:267,33,1,0
BRF:66
BRH:35
end_of_record
TN:
SF:middleware/auth.js
FN:5,(anonymous_0)
FN:29,(anonymous_1)
FN:30,(anonymous_2)
FNF:3
FNH:3
FNDA:28,(anonymous_0)
FNDA:5,(anonymous_1)
FNDA:8,(anonymous_2)
DA:1,4
DA:2,4
DA:5,4
DA:7,28
DA:8,28
DA:11,28
DA:12,2
DA:15,26
DA:17,26
DA:20,23
DA:21,23
DA:23,3
DA:24,3
DA:29,4
DA:30,5
DA:31,8
DA:32,2
DA:34,6
LF:18
LH:18
BRDA:8,0,0,28
BRDA:8,0,1,26
BRDA:11,1,0,2
BRDA:11,1,1,26
BRDA:31,2,0,2
BRDA:31,2,1,6
BRDA:31,3,0,8
BRDA:31,3,1,8
BRF:8
BRH:8
end_of_record
TN:
SF:models/User.js
FN:78,(anonymous_0)
FN:90,(anonymous_1)
FN:94,(anonymous_2)
FNF:3
FNH:3
FNDA:52,(anonymous_0)
FNDA:7,(anonymous_1)
FNDA:18,(anonymous_2)
DA:1,5
DA:2,5
DA:4,5
DA:36,5
DA:78,5
DA:79,52
DA:81,47
DA:82,47
DA:83,47
DA:84,47
DA:86,0
DA:90,5
DA:91,7
DA:94,5
DA:95,18
DA:96,18
DA:97,18
DA:100,5
DA:102,5
LF:19
LH:18
BRDA:79,0,0,5
BRDA:79,0,1,47
BRF:2
BRH:2
end_of_record
TN:
SF:routes/authRoutes.js
FNF:0
FNH:0
DA:1,4
DA:2,4
DA:3,4
DA:5,4
DA:7,4
DA:18,4
DA:27,4
LF:7
LH:7
BRF:0
BRH:0
end_of_record
TN:
SF:routes/userRoutes.js
FNF:0
FNH:0
DA:1,4
DA:2,4
DA:3,4
DA:4,4
DA:6,4
DA:9,4
DA:12,4
DA:13,4
DA:16,4
DA:27,4
DA:37,4
DA:49,4
DA:52,4
DA:53,4
DA:55,4
LF:15
LH:15
BRF:0
BRH:0
end_of_record
TN:
SF:utils/logger.js
FNF:0
FNH:0
DA:1,4
DA:4,4
DA:12,4
DA:25,4
DA:26,4
DA:33,4
LF:6
LH:6
BRDA:13,0,0,4
BRDA:13,0,1,4
BRDA:25,1,0,4
BRDA:25,1,1,0
BRF:4
BRH:3
end_of_record
